=== OVERNIGHT BACKFILL STARTED ===
Start time: Sun Jan 18 01:50:40 GMT 2026

=== STEP 1: Fetching OANDA 1-minute candle windows ===
This will take several hours for ~18k events...
[dotenv@17.2.3] injecting env (7) from .env.local -- tip: 🛠️  run anywhere with `dotenvx run -- yourcommand`
=== Event Candle Window Backfill ===

Total limit: 20000 events
Batch size: 500
Pair filter: all pairs
Pairs: EUR_USD, GBP_USD, USD_JPY, USD_CHF, AUD_USD, USD_CAD


=== Batch 1 (fetching up to 500 events) ===
Found 500 events in this batch


[1/20000] German Unemployment Change
  Type: GERMAN_UNEMPLOYMENT_CHANGE
  Time: 2024-01-28T10:55:00.000Z
  Currency: EUR
  EUR_USD: ✗ No candle data returned
  GBP_USD: ✗ No candle data returned
  USD_JPY: ✗ No candle data returned
  USD_CHF: ✗ No candle data returned
  AUD_USD: ✗ No candle data returned
  USD_CAD: ✗ No candle data returned

[2/20000] SPPI y/y
  Type: SPPI_Y/Y
  Time: 2024-01-28T01:50:00.000Z
  Currency: JPY
  EUR_USD: ✗ No candle data returned
  GBP_USD: ✗ No candle data returned
  USD_JPY: ✗ No candle data returned
  USD_CHF: ✗ No candle data returned
  AUD_USD: ✗ No candle data returned
  USD_CAD: ✗ No candle data returned

[3/20000] BOJ Core CPI y/y
  Type: BOJ_CORE_CPI_Y/Y
  Time: 2024-01-21T07:00:00.000Z
  Currency: JPY
  EUR_USD: ✗ No candle data returned
  GBP_USD: ✗ No candle data returned
  USD_JPY: ✗ No candle data returned
  USD_CHF: ✗ No candle data returned
  AUD_USD: ✗ No candle data returned
  USD_CAD: ✗ No candle data returned

[4/20000] German PPI m/m
  Type: GERMAN_PPI_M/M
  Time: 2024-01-20T09:00:00.000Z
  Currency: EUR
  EUR_USD: ✗ No candle data returned
  GBP_USD: ✗ No candle data returned
  USD_JPY: ✗ No candle data returned
  USD_CHF: ✗ No candle data returned
  AUD_USD: ✗ No candle data returned
  USD_CAD: ✗ No candle data returned

[5/20000] FOMC Member Daly Speaks
  Type: FOMC_MEMBER_DALY_SPEAKS
  Time: 2024-01-19T23:15:00.000Z
  Currency: USD
  EUR_USD: ✗ No candle data returned
  GBP_USD: ✗ No candle data returned
  USD_JPY: ✗ No candle data returned
  USD_CHF: ✗ No candle data returned
  AUD_USD: ✗ No candle data returned
  USD_CAD: ✗ No candle data returned

[6/20000] Core PPI m/m
  Type: CORE_PPI
  Time: 2024-01-14T15:30:00.000Z
  Currency: USD
  EUR_USD: ✗ No candle data returned
  GBP_USD: ✗ No candle data returned
  USD_JPY: ✗ No candle data returned
  USD_CHF: ✗ No candle data returned
  AUD_USD: ✗ No candle data returned
  USD_CAD: ✗ No candle data returned

[7/20000] PPI m/m
  Type: PPI_MOM
  Time: 2024-01-14T09:30:00.000Z
  Currency: CHF
  EUR_USD: ✗ No candle data returned
  GBP_USD: ✗ No candle data returned
  USD_JPY: ✗ No candle data returned
  USD_CHF: ✗ No candle data returned
  AUD_USD: ✗ No candle data returned
  USD_CAD: ✗ No candle data returned

[8/20000] French Final CPI m/m
  Type: FRENCH_FINAL_CPI_M/M
  Time: 2024-01-13T09:45:00.000Z
  Currency: EUR
  EUR_USD: ✗ No candle data returned
  GBP_USD: ✗ No candle data returned
  USD_JPY: ✗ No candle data returned
  USD_CHF: ✗ No candle data returned
  AUD_USD: ✗ No candle data returned
  USD_CAD: ✗ No candle data returned

[9/20000] MI Inflation Gauge m/m
  Type: MI_INFLATION_GAUGE_M/M
  Time: 2024-01-13T02:00:00.000Z
  Currency: AUD
  EUR_USD: ✗ No candle data returned
  GBP_USD: ✗ No candle data returned
  USD_JPY: ✗ No candle data returned
  USD_CHF: ✗ No candle data returned
  AUD_USD: ✗ No candle data returned
  USD_CAD: ✗ No candle data returned

[10/20000] Italian Monthly Unemployment Rate
  Type: ITALIAN_MONTHLY_UNEMPLOYMENT_RATE
  Time: 2024-01-09T11:00:00.000Z
  Currency: EUR
  EUR_USD: ✓ 75 candles
  GBP_USD: ✓ 75 candles
  USD_JPY: ✓ 75 candles
  USD_CHF: ✓ 75 candles
  AUD_USD: ✓ 75 candles
  USD_CAD: ✓ 75 candles

[11/20000] Unemployment Rate
  Type: UNEMPLOYMENT
  Time: 2024-01-09T08:45:00.000Z
  Currency: CHF
  EUR_USD: ✓ 75 candles
  GBP_USD: ✓ 75 candles
  USD_JPY: ✓ 75 candles
  USD_CHF: ✓ 75 candles
  AUD_USD: ✓ 75 candles
  USD_CAD: ✓ 75 candles

[12/20000] Retail Sales m/m
  Type: RETAIL_SALES
  Time: 2024-01-09T02:30:00.000Z
  Currency: AUD
  EUR_USD: ✓ 75 candles
  GBP_USD: ✓ 75 candles
  USD_JPY: ✓ 75 candles
  USD_CHF: ✓ 75 candles
  AUD_USD: ✓ 75 candles
  USD_CAD: ✓ 75 candles

[13/20000] BRC Retail Sales Monitor y/y
  Type: BRC_RETAIL_SALES_MONITOR_Y/Y
  Time: 2024-01-09T02:01:00.000Z
  Currency: GBP
  EUR_USD: ✓ 75 candles
  GBP_USD: ✓ 75 candles
  USD_JPY: ✓ 75 candles
  USD_CHF: ✓ 75 candles
  AUD_USD: ✓ 75 candles
  USD_CAD: ✓ 75 candles

[14/20000] Tokyo Core CPI y/y
  Type: TOKYO_CORE_CPI_Y/Y
  Time: 2024-01-09T01:30:00.000Z
  Currency: JPY
  EUR_USD: ✓ 75 candles
  GBP_USD: ✓ 75 candles
  USD_JPY: ✓ 75 candles
  USD_CHF: ✓ 75 candles
  AUD_USD: ✓ 75 candles
  USD_CAD: ✓ 75 candles

[15/20000] FOMC Meeting Minutes
  Type: FOMC_MEETING_MINUTES
  Time: 2024-01-08T21:00:00.000Z
  Currency: USD
  EUR_USD: ✓ 73 candles
  GBP_USD: ✓ 73 candles
  USD_JPY: ✓ 72 candles
  USD_CHF: ✓ 73 candles
  AUD_USD: ✓ 72 candles
  USD_CAD: ✓ 73 candles

[16/20000] FOMC Member Bostic Speaks
  Type: FOMC_MEMBER_BOSTIC_SPEAKS
  Time: 2024-01-08T19:30:00.000Z
  Currency: USD
  EUR_USD: ✓ 75 candles
  GBP_USD: ✓ 75 candles
  USD_JPY: ✓ 75 candles
  USD_CHF: ✓ 75 candles
  AUD_USD: ✓ 75 candles
  USD_CAD: ✓ 75 candles

[17/20000] ADP Non-Farm Employment Change
  Type: ADP_NON-FARM_EMPLOYMENT_CHANGE
  Time: 2024-01-08T15:15:00.000Z
  Currency: USD
  EUR_USD: ✓ 75 candles
  GBP_USD: ✓ 75 candles
  USD_JPY: ✓ 75 candles
  USD_CHF: ✓ 75 candles
  AUD_USD: ✓ 75 candles
  USD_CAD: ✓ 75 candles

[18/20000] Retail Sales m/m
  Type: RETAIL_SALES
  Time: 2024-01-08T12:00:00.000Z
  Currency: EUR
  EUR_USD: ✓ 75 candles
  GBP_USD: ✓ 75 candles
  USD_JPY: ✓ 75 candles
  USD_CHF: ✓ 75 candles
  AUD_USD: ✓ 75 candles
  USD_CAD: ✓ 75 candles

[19/20000] CPI m/m
  Type: CPI_MOM
  Time: 2024-01-08T09:30:00.000Z
  Currency: CHF
  EUR_USD: ✓ 75 candles
  GBP_USD: ✓ 75 candles
  USD_JPY: ✓ 75 candles
  USD_CHF: ✓ 75 candles
  AUD_USD: ✓ 75 candles
  USD_CAD: ✓ 75 candles

[20/20000] Retail Sales y/y
  Type: RETAIL_SALES_Y/Y
  Time: 2024-01-08T09:30:00.000Z
  Currency: CHF
  EUR_USD: ✓ 75 candles
  GBP_USD: ✓ 75 candles
  USD_JPY: ✓ 75 candles
  USD_CHF: ✓ 75 candles
  AUD_USD: ✓ 75 candles
  USD_CAD: ✓ 75 candles

[21/20000] Italian Retail Sales m/m
  Type: ITALIAN_RETAIL_SALES_M/M
  Time: 2024-01-07T11:00:00.000Z
  Currency: EUR
  EUR_USD: ✗ No candle data returned
  GBP_USD: ✗ No candle data returned
  USD_JPY: ✗ No candle data returned
  USD_CHF: ✗ No candle data returned
  AUD_USD: ✗ No candle data returned
  USD_CAD: ✗ No candle data returned

[22/20000] Unemployment Rate
  Type: UNEMPLOYMENT
  Time: 2024-01-07T08:45:00.000Z
  Currency: CHF
  EUR_USD: ✗ No candle data returned
  GBP_USD: ✗ No candle data returned
  USD_JPY: ✗ No candle data returned
  USD_CHF: ✗ No candle data returned
  AUD_USD: ✗ No candle data returned
  USD_CAD: ✗ No candle data returned

[23/20000] CPI y/y
  Type: CPI_YOY
  Time: 2024-01-07T02:30:00.000Z
  Currency: AUD
  EUR_USD: ✗ No candle data returned
  GBP_USD: ✗ No candle data returned
  USD_JPY: ✗ No candle data returned
  USD_CHF: ✗ No candle data returned
  AUD_USD: ✗ No candle data returned
  USD_CAD: ✗ No candle data returned

[24/20000] BRC Retail Sales Monitor y/y
  Type: BRC_RETAIL_SALES_MONITOR_Y/Y
  Time: 2024-01-07T02:01:00.000Z
  Currency: GBP
  EUR_USD: ✗ No candle data returned
  GBP_USD: ✗ No candle data returned
  USD_JPY: ✗ No candle data returned
  USD_CHF: ✗ No candle data returned
  AUD_USD: ✗ No candle data returned
  USD_CAD: ✗ No candle data returned

[25/20000] CPI m/m
  Type: CPI_MOM
  Time: 2024-01-06T09:30:00.000Z
  Currency: CHF
  EUR_USD: ✗ No candle data returned
  GBP_USD: ✗ No candle data returned
  USD_JPY: ✗ No candle data returned
  USD_CHF: ✗ No candle data returned
  AUD_USD: ✗ No candle data returned
  USD_CAD: ✗ No candle data returned

[26/20000] German Prelim CPI m/m
  Type: GERMAN_PRELIM_CPI_M/M
  Time: 2024-01-06T00:00:00.000Z
  Currency: EUR
  EUR_USD: ✗ No candle data returned
  GBP_USD: ✗ No candle data returned
  USD_JPY: ✗ No candle data returned
  USD_CHF: ✗ No candle data returned
  AUD_USD: ✗ No candle data returned
  USD_CAD: ✗ No candle data returned

[27/20000] FOMC Member Barkin Speaks
  Type: FOMC_MEMBER_BARKIN_SPEAKS
  Time: 2024-01-05T20:30:00.000Z
  Currency: USD
  EUR_USD: ✓ 75 candles
  GBP_USD: ✓ 75 candles
  USD_JPY: ✓ 75 candles
  USD_CHF: ✓ 75 candles
  AUD_USD: ✓ 75 candles
  USD_CAD: ✓ 75 candles

[28/20000] Employment Change
  Type: EMPLOYMENT_CHANGE
  Time: 2024-01-05T15:30:00.000Z
  Currency: CAD
  EUR_USD: ✓ 75 candles
  GBP_USD: ✓ 75 candles
  USD_JPY: ✓ 75 candles
  USD_CHF: ✓ 75 candles
  AUD_USD: ✓ 75 candles
  USD_CAD: ✓ 75 candles

[29/20000] Non-Farm Employment Change
  Type: NFP
  Time: 2024-01-05T15:30:00.000Z
  Currency: USD
  EUR_USD: ✓ 75 candles
  GBP_USD: ✓ 75 candles
  USD_JPY: ✓ 75 candles
  USD_CHF: ✓ 75 candles
  AUD_USD: ✓ 75 candles
  USD_CAD: ✓ 75 candles

[30/20000] Unemployment Rate
  Type: UNEMPLOYMENT
  Time: 2024-01-05T15:30:00.000Z
  Currency: USD
  EUR_USD: ✓ 75 candles
  GBP_USD: ✓ 75 candles
  USD_JPY: ✓ 75 candles
  USD_CHF: ✓ 75 candles
  AUD_USD: ✓ 75 candles
  USD_CAD: ✓ 75 candles

[31/20000] CPI Flash Estimate y/y
  Type: EU_CPI_FLASH
  Time: 2024-01-05T12:00:00.000Z
  Currency: EUR
  EUR_USD: ✓ 75 candles
  GBP_USD: ✓ 75 candles
  USD_JPY: ✓ 75 candles
  USD_CHF: ✓ 75 candles
  AUD_USD: ✓ 75 candles
  USD_CAD: ✓ 75 candles

[32/20000] Core CPI Flash Estimate y/y
  Type: CORE_CPI_FLASH_ESTIMATE_Y/Y
  Time: 2024-01-05T12:00:00.000Z
  Currency: EUR
  EUR_USD: ✓ 75 candles
  GBP_USD: ✓ 75 candles
  USD_JPY: ✓ 75 candles
  USD_CHF: ✓ 75 candles
  AUD_USD: ✓ 75 candles
  USD_CAD: ✓ 75 candles

[33/20000] Italian Prelim CPI m/m
  Type: ITALIAN_PRELIM_CPI_M/M
  Time: 2024-01-05T12:00:00.000Z
  Currency: EUR
  EUR_USD: ✓ 75 candles
  GBP_USD: ✓ 75 candles
  USD_JPY: ✓ 75 candles
  USD_CHF: ✓ 75 candles
  AUD_USD: ✓ 75 candles
  USD_CAD: ✓ 75 candles

[34/20000] PPI m/m
  Type: PPI_MOM
  Time: 2024-01-05T12:00:00.000Z
  Currency: EUR
  EUR_USD: ✓ 75 candles
  GBP_USD: ✓ 75 candles
  USD_JPY: ✓ 75 candles
  USD_CHF: ✓ 75 candles
  AUD_USD: ✓ 75 candles
  USD_CAD: ✓ 75 candles

[35/20000] German Retail Sales m/m
  Type: GERMAN_RETAIL_SALES_M/M
  Time: 2024-01-05T09:00:00.000Z
  Currency: EUR
  EUR_USD: ✓ 75 candles
  GBP_USD: ✓ 75 candles
  USD_JPY: ✓ 75 candles
  USD_CHF: ✓ 75 candles
  AUD_USD: ✓ 75 candles
  USD_CAD: ✓ 75 candles

[36/20000] Unemployment Claims
  Type: UNEMPLOYMENT_CLAIMS
  Time: 2024-01-04T15:30:00.000Z
  Currency: USD
  EUR_USD: ✓ 75 candles
  GBP_USD: ✓ 75 candles
  USD_JPY: ✓ 75 candles
  USD_CHF: ✓ 75 candles
  AUD_USD: ✓ 75 candles
  USD_CAD: ✓ 75 candles

[37/20000] ADP Non-Farm Employment Change
  Type: ADP_NON-FARM_EMPLOYMENT_CHANGE
  Time: 2024-01-04T15:15:00.000Z
  Currency: USD
  EUR_USD: ✓ 75 candles
  GBP_USD: ✓ 75 candles
  USD_JPY: ✓ 75 candles
  USD_CHF: ✓ 75 candles
  AUD_USD: ✓ 75 candles
  USD_CAD: ✓ 75 candles

[38/20000] French Prelim CPI m/m
  Type: FRENCH_PRELIM_CPI_M/M
  Time: 2024-01-04T09:45:00.000Z
  Currency: EUR
  EUR_USD: ✓ 75 candles
  GBP_USD: ✓ 75 candles
  USD_JPY: ✓ 75 candles
  USD_CHF: ✓ 75 candles
  AUD_USD: ✓ 75 candles
  USD_CAD: ✓ 75 candles

[39/20000] German Prelim CPI m/m
  Type: GERMAN_PRELIM_CPI_M/M
  Time: 2024-01-04T00:00:00.000Z
  Currency: EUR
  EUR_USD: ✓ 74 candles
  GBP_USD: ✓ 75 candles
  USD_JPY: ✓ 75 candles
  USD_CHF: ✓ 75 candles
  AUD_USD: ✓ 75 candles
  USD_CAD: ✓ 75 candles

[40/20000] FOMC Meeting Minutes
  Type: FOMC_MEETING_MINUTES
  Time: 2024-01-03T21:00:00.000Z
  Currency: USD
  EUR_USD: ✓ 72 candles
  GBP_USD: ✓ 73 candles
  USD_JPY: ✓ 74 candles
  USD_CHF: ✓ 74 candles
  AUD_USD: ✓ 73 candles
  USD_CAD: ✓ 73 candles

[41/20000] FOMC Member Barkin Speaks
  Type: FOMC_MEMBER_BARKIN_SPEAKS
  Time: 2024-01-03T15:30:00.000Z
  Currency: USD
  EUR_USD: ✓ 75 candles
  GBP_USD: ✓ 75 candles
  USD_JPY: ✓ 75 candles
  USD_CHF: ✓ 75 candles
  AUD_USD: ✓ 75 candles
  USD_CAD: ✓ 75 candles

[42/20000] German Unemployment Change
  Type: GERMAN_UNEMPLOYMENT_CHANGE
  Time: 2024-01-03T10:55:00.000Z
  Currency: EUR
  EUR_USD: ✓ 75 candles
  GBP_USD: ✓ 75 candles
  USD_JPY: ✓ 75 candles
  USD_CHF: ✓ 75 candles
  AUD_USD: ✓ 75 candles
  USD_CAD: ✓ 75 candles

[43/20000] Spanish Unemployment Change
  Type: SPANISH_UNEMPLOYMENT_CHANGE
  Time: 2024-01-03T10:00:00.000Z
  Currency: EUR
  EUR_USD: ✓ 75 candles
  GBP_USD: ✓ 75 candles
  USD_JPY: ✓ 75 candles
  USD_CHF: ✓ 75 candles
  AUD_USD: ✓ 75 candles
  USD_CAD: ✓ 75 candles

[44/20000] German Retail Sales m/m
  Type: GERMAN_RETAIL_SALES_M/M
  Time: 2024-01-03T09:00:00.000Z
  Currency: EUR
  EUR_USD: ✓ 75 candles
  GBP_USD: ✓ 75 candles
  USD_JPY: ✓ 75 candles
  USD_CHF: ✓ 75 candles
  AUD_USD: ✓ 75 candles
  USD_CAD: ✓ 75 candles

[45/20000] Unemployment Claims
  Type: UNEMPLOYMENT_CLAIMS
  Time: 2024-01-02T15:30:00.000Z
  Currency: USD
  EUR_USD: ✓ 75 candles
  GBP_USD: ✓ 75 candles
  USD_JPY: ✓ 75 candles
  USD_CHF: ✓ 75 candles
  AUD_USD: ✓ 75 candles
  USD_CAD: ✓ 75 candles

[46/20000] FOMC Member Kugler Speaks
  Type: FOMC_MEMBER_KUGLER_SPEAKS
  Time: 2024-03-01T22:30:00.000Z
  Currency: USD
  EUR_USD: ✗ No candle data returned
  GBP_USD: ✗ No candle data returned
  USD_JPY: ✗ No candle data returned
  USD_CHF: ✗ No candle data returned
  AUD_USD: ✗ No candle data returned
  USD_CAD: ✗ No candle data returned

[47/20000] FOMC Member Daly Speaks
  Type: FOMC_MEMBER_DALY_SPEAKS
  Time: 2024-03-01T20:30:00.000Z
  Currency: USD
  EUR_USD: ✓ 75 candles
  GBP_USD: ✓ 75 candles
  USD_JPY: ✓ 75 candles
  USD_CHF: ✓ 74 candles
  AUD_USD: ✓ 74 candles
  USD_CAD: ✓ 75 candles

[48/20000] FOMC Member Bostic Speaks
  Type: FOMC_MEMBER_BOSTIC_SPEAKS
  Time: 2024-03-01T19:15:00.000Z
  Currency: USD
  EUR_USD: ✓ 75 candles
  GBP_USD: ✓ 75 candles
  USD_JPY: ✓ 75 candles
  USD_CHF: ✓ 75 candles
  AUD_USD: ✓ 75 candles
  USD_CAD: ✓ 75 candles

[49/20000] FOMC Member Waller Speaks
  Type: FOMC_MEMBER_WALLER_SPEAKS
  Time: 2024-03-01T17:15:00.000Z
  Currency: USD
  EUR_USD: ✓ 75 candles
  GBP_USD: ✓ 75 candles
  USD_JPY: ✓ 75 candles
  USD_CHF: ✓ 75 candles
  AUD_USD: ✓ 75 candles
  USD_CAD: ✓ 75 candles

[50/20000] Revised UoM Inflation Expectations
  Type: REVISED_UOM_INFLATION_EXPECTATIONS
  Time: 2024-03-01T17:00:00.000Z
  Currency: USD
  EUR_USD: ✓ 75 candles
  GBP_USD: ✓ 75 candles
  USD_JPY: ✓ 75 candles
  USD_CHF: ✓ 75 candles
  AUD_USD: ✓ 75 candles
  USD_CAD: ✓ 75 candles

[51/20000] CPI Flash Estimate y/y
  Type: EU_CPI_FLASH
  Time: 2024-03-01T12:00:00.000Z
  Currency: EUR
  EUR_USD: ✓ 75 candles
  GBP_USD: ✓ 75 candles
  USD_JPY: ✓ 75 candles
  USD_CHF: ✓ 75 candles
  AUD_USD: ✓ 75 candles
  USD_CAD: ✓ 75 candles

[52/20000] Core CPI Flash Estimate y/y
  Type: CORE_CPI_FLASH_ESTIMATE_Y/Y
  Time: 2024-03-01T12:00:00.000Z
  Currency: EUR
  EUR_USD: ✓ 75 candles
  GBP_USD: ✓ 75 candles
  USD_JPY: ✓ 75 candles
  USD_CHF: ✓ 75 candles
  AUD_USD: ✓ 75 candles
  USD_CAD: ✓ 75 candles

[53/20000] Italian Prelim CPI m/m
  Type: ITALIAN_PRELIM_CPI_M/M
  Time: 2024-03-01T12:00:00.000Z
  Currency: EUR
  EUR_USD: ✓ 75 candles
  GBP_USD: ✓ 75 candles
  USD_JPY: ✓ 75 candles
  USD_CHF: ✓ 75 candles
  AUD_USD: ✓ 75 candles
  USD_CAD: ✓ 75 candles

[54/20000] Unemployment Rate
  Type: UNEMPLOYMENT
  Time: 2024-03-01T12:00:00.000Z
  Currency: EUR
  EUR_USD: ✓ 75 candles
  GBP_USD: ✓ 75 candles
  USD_JPY: ✓ 75 candles
  USD_CHF: ✓ 75 candles
  AUD_USD: ✓ 75 candles
  USD_CAD: ✓ 75 candles

[55/20000] Italian Monthly Unemployment Rate
  Type: ITALIAN_MONTHLY_UNEMPLOYMENT_RATE
  Time: 2024-03-01T11:00:00.000Z
  Currency: EUR
  EUR_USD: ✓ 75 candles
  GBP_USD: ✓ 75 candles
  USD_JPY: ✓ 75 candles
  USD_CHF: ✓ 75 candles
  AUD_USD: ✓ 75 candles
  USD_CAD: ✓ 75 candles

[56/20000] Retail Sales y/y
  Type: RETAIL_SALES_Y/Y
  Time: 2024-03-01T09:30:00.000Z
  Currency: CHF
  EUR_USD: ✓ 75 candles
  GBP_USD: ✓ 75 candles
  USD_JPY: ✓ 75 candles
  USD_CHF: ✓ 75 candles
  AUD_USD: ✓ 75 candles
  USD_CAD: ✓ 75 candles

[57/20000] BOJ Core CPI y/y
  Type: BOJ_CORE_CPI_Y/Y
  Time: 2024-02-29T19:02:00.000Z
  Currency: JPY
  EUR_USD: ✓ 74 candles
  GBP_USD: ✓ 75 candles
  USD_JPY: ✓ 75 candles
  USD_CHF: ✓ 75 candles
  AUD_USD: ✓ 74 candles
  USD_CAD: ✓ 75 candles

[58/20000] FOMC Member Bostic Speaks
  Type: FOMC_MEMBER_BOSTIC_SPEAKS
  Time: 2024-02-29T17:50:00.000Z
  Currency: USD
  EUR_USD: ✓ 75 candles
  GBP_USD: ✓ 75 candles
  USD_JPY: ✓ 75 candles
  USD_CHF: ✓ 75 candles
  AUD_USD: ✓ 75 candles
  USD_CAD: ✓ 75 candles

[59/20000] GDP m/m
  Type: GDP_M/M
  Time: 2024-02-29T15:30:00.000Z
  Currency: CAD
  EUR_USD: ✓ 75 candles
  GBP_USD: ✓ 75 candles
  USD_JPY: ✓ 75 candles
  USD_CHF: ✓ 75 candles
  AUD_USD: ✓ 75 candles
  USD_CAD: ✓ 75 candles

[60/20000] Unemployment Claims
  Type: UNEMPLOYMENT_CLAIMS
  Time: 2024-02-29T15:30:00.000Z
  Currency: USD
  EUR_USD: ✓ 75 candles
  GBP_USD: ✓ 75 candles
  USD_JPY: ✓ 75 candles
  USD_CHF: ✓ 75 candles
  AUD_USD: ✓ 75 candles
  USD_CAD: ✓ 75 candles

[61/20000] FOMC Member Williams Speaks
  Type: FOMC_MEMBER_WILLIAMS_SPEAKS
  Time: 2024-02-29T15:10:00.000Z
  Currency: USD
  EUR_USD: ✓ 75 candles
  GBP_USD: ✓ 75 candles
  USD_JPY: ✓ 75 candles
  USD_CHF: ✓ 75 candles
  AUD_USD: ✓ 75 candles
  USD_CAD: ✓ 75 candles

[62/20000] RBNZ Gov Orr Speaks
  Type: RBNZ_GOV_ORR_SPEAKS
  Time: 2024-02-29T14:05:00.000Z
  Currency: NZD
  EUR_USD: ✓ 75 candles
  GBP_USD: ✓ 75 candles
  USD_JPY: ✓ 75 candles
  USD_CHF: ✓ 75 candles
  AUD_USD: ✓ 75 candles
  USD_CAD: ✓ 75 candles

[63/20000] Unemployment Rate
  Type: UNEMPLOYMENT
  Time: 2024-02-29T13:30:00.000Z
  Currency: JPY
  EUR_USD: ✓ 75 candles
  GBP_USD: ✓ 75 candles
  USD_JPY: ✓ 75 candles
  USD_CHF: ✓ 75 candles
  AUD_USD: ✓ 75 candles
  USD_CAD: ✓ 75 candles

[64/20000] German Unemployment Change
  Type: GERMAN_UNEMPLOYMENT_CHANGE
  Time: 2024-02-29T10:55:00.000Z
  Currency: EUR
  EUR_USD: ✓ 75 candles
  GBP_USD: ✓ 75 candles
  USD_JPY: ✓ 75 candles
  USD_CHF: ✓ 75 candles
  AUD_USD: ✓ 75 candles
  USD_CAD: ✓ 75 candles

[65/20000] GDP q/q
  Type: GDP_Q/Q
  Time: 2024-02-29T10:00:00.000Z
  Currency: CHF
  EUR_USD: ✓ 75 candles
  GBP_USD: ✓ 75 candles
  USD_JPY: ✓ 75 candles
  USD_CHF: ✓ 75 candles
  AUD_USD: ✓ 75 candles
  USD_CAD: ✓ 75 candles

[66/20000] Spanish Flash CPI y/y
  Type: SPANISH_FLASH_CPI_Y/Y
  Time: 2024-02-29T10:00:00.000Z
  Currency: EUR
  EUR_USD: ✓ 75 candles
  GBP_USD: ✓ 75 candles
  USD_JPY: ✓ 75 candles
  USD_CHF: ✓ 75 candles
  AUD_USD: ✓ 75 candles
  USD_CAD: ✓ 75 candles

[67/20000] French Prelim CPI m/m
  Type: FRENCH_PRELIM_CPI_M/M
  Time: 2024-02-29T09:45:00.000Z
  Currency: EUR
  EUR_USD: ✓ 75 candles
  GBP_USD: ✓ 75 candles
  USD_JPY: ✓ 75 candles
  USD_CHF: ✓ 75 candles
  AUD_USD: ✓ 75 candles
  USD_CAD: ✓ 75 candles

[68/20000] French Prelim GDP q/q
  Type: FRENCH_PRELIM_GDP_Q/Q
  Time: 2024-02-29T09:45:00.000Z
  Currency: EUR
  EUR_USD: ✓ 75 candles
  GBP_USD: ✓ 75 candles
  USD_JPY: ✓ 75 candles
  USD_CHF: ✓ 75 candles
  AUD_USD: ✓ 75 candles
  USD_CAD: ✓ 75 candles

[69/20000] German Retail Sales m/m
  Type: GERMAN_RETAIL_SALES_M/M
  Time: 2024-02-29T09:00:00.000Z
  Currency: EUR
  EUR_USD: ✓ 75 candles
  GBP_USD: ✓ 75 candles
  USD_JPY: ✓ 75 candles
  USD_CHF: ✓ 75 candles
  AUD_USD: ✓ 75 candles
  USD_CAD: ✓ 75 candles

[70/20000] French Final Private Payrolls q/q
  Type: FRENCH_FINAL_PRIVATE_PAYROLLS_Q/Q
  Time: 2024-02-29T08:30:00.000Z
  Currency: EUR
  EUR_USD: ✓ 75 candles
  GBP_USD: ✓ 75 candles
  USD_JPY: ✓ 75 candles
  USD_CHF: ✓ 75 candles
  AUD_USD: ✓ 75 candles
  USD_CAD: ✓ 75 candles

[71/20000] FOMC Member Mester Speaks
  Type: FOMC_MEMBER_MESTER_SPEAKS
  Time: 2024-02-29T08:15:00.000Z
  Currency: USD
  EUR_USD: ✓ 75 candles
  GBP_USD: ✓ 75 candles
  USD_JPY: ✓ 75 candles
  USD_CHF: ✓ 75 candles
  AUD_USD: ✓ 75 candles
  USD_CAD: ✓ 75 candles

[72/20000] Retail Sales m/m
  Type: RETAIL_SALES
  Time: 2024-02-29T02:30:00.000Z
  Currency: AUD
  EUR_USD: ✓ 75 candles
  GBP_USD: ✓ 75 candles
  USD_JPY: ✓ 75 candles
  USD_CHF: ✓ 75 candles
  AUD_USD: ✓ 75 candles
  USD_CAD: ✓ 75 candles

[73/20000] Retail Sales y/y
  Type: RETAIL_SALES_Y/Y
  Time: 2024-02-29T01:50:00.000Z
  Currency: JPY
  EUR_USD: ✓ 75 candles
  GBP_USD: ✓ 75 candles
  USD_JPY: ✓ 75 candles
  USD_CHF: ✓ 75 candles
  AUD_USD: ✓ 75 candles
  USD_CAD: ✓ 75 candles

[74/20000] German Prelim CPI m/m
  Type: GERMAN_PRELIM_CPI_M/M
  Time: 2024-02-29T00:00:00.000Z
  Currency: EUR
  EUR_USD: ✓ 75 candles
  GBP_USD: ✓ 75 candles
  USD_JPY: ✓ 75 candles
  USD_CHF: ✓ 74 candles
  AUD_USD: ✓ 74 candles
  USD_CAD: ✓ 74 candles

[75/20000] RBNZ Gov Orr Speaks
  Type: RBNZ_GOV_ORR_SPEAKS
  Time: 2024-02-28T21:10:00.000Z
  Currency: NZD
  EUR_USD: ✓ 70 candles
  GBP_USD: ✓ 67 candles
  USD_JPY: ✓ 71 candles
  USD_CHF: ✓ 60 candles
  AUD_USD: ✓ 64 candles
  USD_CAD: ✓ 71 candles

[76/20000] FOMC Member Williams Speaks
  Type: FOMC_MEMBER_WILLIAMS_SPEAKS
  Time: 2024-02-28T19:45:00.000Z
  Currency: USD
  EUR_USD: ✓ 75 candles
  GBP_USD: ✓ 75 candles
  USD_JPY: ✓ 75 candles
  USD_CHF: ✓ 75 candles
  AUD_USD: ✓ 75 candles
  USD_CAD: ✓ 75 candles

[77/20000] FOMC Member Bostic Speaks
  Type: FOMC_MEMBER_BOSTIC_SPEAKS
  Time: 2024-02-28T19:00:00.000Z
  Currency: USD
  EUR_USD: ✓ 75 candles
  GBP_USD: ✓ 75 candles
  USD_JPY: ✓ 75 candles
  USD_CHF: ✓ 75 candles
  AUD_USD: ✓ 74 candles
  USD_CAD: ✓ 75 candles

[78/20000] Prelim GDP Price Index q/q
  Type: PRELIM_GDP_PRICE_INDEX_Q/Q
  Time: 2024-02-28T15:30:00.000Z
  Currency: USD
  EUR_USD: ✓ 75 candles
  GBP_USD: ✓ 75 candles
  USD_JPY: ✓ 75 candles
  USD_CHF: ✓ 75 candles
  AUD_USD: ✓ 75 candles
  USD_CAD: ✓ 75 candles

[79/20000] Prelim GDP q/q
  Type: GDP
  Time: 2024-02-28T15:30:00.000Z
  Currency: USD
  EUR_USD: ✓ 75 candles
  GBP_USD: ✓ 75 candles
  USD_JPY: ✓ 75 candles
  USD_CHF: ✓ 75 candles
  AUD_USD: ✓ 75 candles
  USD_CAD: ✓ 75 candles

[80/20000] RBNZ Press Conference
  Type: RBNZ_PRESS_CONFERENCE
  Time: 2024-02-28T04:00:00.000Z
  Currency: NZD
  EUR_USD: ✓ 75 candles
  GBP_USD: ✓ 75 candles
  USD_JPY: ✓ 75 candles
  USD_CHF: ✓ 75 candles
  AUD_USD: ✓ 74 candles
  USD_CAD: ✓ 75 candles

[81/20000] RBNZ Monetary Policy Statement
  Type: RBNZ_MONETARY_POLICY_STATEMENT
  Time: 2024-02-28T03:00:00.000Z
  Currency: NZD
  EUR_USD: ✓ 75 candles
  GBP_USD: ✓ 75 candles
  USD_JPY: ✓ 75 candles
  USD_CHF: ✓ 75 candles
  AUD_USD: ✓ 75 candles
  USD_CAD: ✓ 75 candles

[82/20000] CPI y/y
  Type: CPI_YOY
  Time: 2024-02-28T02:30:00.000Z
  Currency: AUD
  EUR_USD: ✓ 75 candles
  GBP_USD: ✓ 75 candles
  USD_JPY: ✓ 75 candles
  USD_CHF: ✓ 75 candles
  AUD_USD: ✓ 75 candles
  USD_CAD: ✓ 75 candles

[83/20000] FOMC Member Barr Speaks
  Type: FOMC_MEMBER_BARR_SPEAKS
  Time: 2024-02-27T16:05:00.000Z
  Currency: USD
  EUR_USD: ✓ 75 candles
  GBP_USD: ✓ 75 candles
  USD_JPY: ✓ 75 candles
  USD_CHF: ✓ 75 candles
  AUD_USD: ✓ 75 candles
  USD_CAD: ✓ 75 candles

[84/20000] National Core CPI y/y
  Type: NATIONAL_CORE_CPI_Y/Y
  Time: 2024-02-27T01:30:00.000Z
  Currency: JPY
  EUR_USD: ✓ 75 candles
  GBP_USD: ✓ 75 candles
  USD_JPY: ✓ 75 candles
  USD_CHF: ✓ 75 candles
  AUD_USD: ✓ 75 candles
  USD_CAD: ✓ 75 candles

[85/20000] ECB President Lagarde Speaks
  Type: ECB_PRESIDENT_LAGARDE_SPEAKS
  Time: 2024-02-26T18:00:00.000Z
  Currency: EUR
  EUR_USD: ✓ 75 candles
  GBP_USD: ✓ 75 candles
  USD_JPY: ✓ 75 candles
  USD_CHF: ✓ 74 candles
  AUD_USD: ✓ 75 candles
  USD_CAD: ✓ 75 candles

[86/20000] SPPI y/y
  Type: SPPI_Y/Y
  Time: 2024-02-26T01:50:00.000Z
  Currency: JPY
  EUR_USD: ✓ 75 candles
  GBP_USD: ✓ 75 candles
  USD_JPY: ✓ 75 candles
  USD_CHF: ✓ 75 candles
  AUD_USD: ✓ 75 candles
  USD_CAD: ✓ 75 candles

[87/20000] German Final GDP q/q
  Type: GERMAN_FINAL_GDP_Q/Q
  Time: 2024-02-23T09:00:00.000Z
  Currency: EUR
  EUR_USD: ✓ 75 candles
  GBP_USD: ✓ 75 candles
  USD_JPY: ✓ 75 candles
  USD_CHF: ✓ 75 candles
  AUD_USD: ✓ 75 candles
  USD_CAD: ✓ 75 candles

[88/20000] FOMC Member Waller Speaks
  Type: FOMC_MEMBER_WALLER_SPEAKS
  Time: 2024-02-23T02:35:00.000Z
  Currency: USD
  EUR_USD: ✓ 75 candles
  GBP_USD: ✓ 75 candles
  USD_JPY: ✓ 75 candles
  USD_CHF: ✓ 75 candles
  AUD_USD: ✓ 75 candles
  USD_CAD: ✓ 75 candles

[89/20000] FOMC Member Cook Speaks
  Type: FOMC_MEMBER_COOK_SPEAKS
  Time: 2024-02-23T00:00:00.000Z
  Currency: USD
  EUR_USD: ✓ 75 candles
  GBP_USD: ✓ 75 candles
  USD_JPY: ✓ 75 candles
  USD_CHF: ✓ 75 candles
  AUD_USD: ✓ 74 candles
  USD_CAD: ✓ 75 candles

[90/20000] Core Retail Sales q/q
  Type: CORE_RETAIL_SALES_Q/Q
  Time: 2024-02-22T23:45:00.000Z
  Currency: NZD
  EUR_USD: ✓ 75 candles
  GBP_USD: ✓ 75 candles
  USD_JPY: ✓ 75 candles
  USD_CHF: ✓ 75 candles
  AUD_USD: ✓ 74 candles
  USD_CAD: ✓ 75 candles

[91/20000] Retail Sales q/q
  Type: RETAIL_SALES_Q/Q
  Time: 2024-02-22T23:45:00.000Z
  Currency: NZD
  EUR_USD: ✓ 75 candles
  GBP_USD: ✓ 75 candles
  USD_JPY: ✓ 75 candles
  USD_CHF: ✓ 75 candles
  AUD_USD: ✓ 74 candles
  USD_CAD: ✓ 75 candles

[92/20000] FOMC Member Jefferson Speaks
  Type: FOMC_MEMBER_JEFFERSON_SPEAKS
  Time: 2024-02-22T17:00:00.000Z
  Currency: USD
  EUR_USD: ✓ 75 candles
  GBP_USD: ✓ 75 candles
  USD_JPY: ✓ 75 candles
  USD_CHF: ✓ 75 candles
  AUD_USD: ✓ 74 candles
  USD_CAD: ✓ 75 candles

[93/20000] Core Retail Sales m/m
  Type: CORE_RETAIL_SALES
  Time: 2024-02-22T15:30:00.000Z
  Currency: CAD
  EUR_USD: ✓ 75 candles
  GBP_USD: ✓ 75 candles
  USD_JPY: ✓ 75 candles
  USD_CHF: ✓ 75 candles
  AUD_USD: ✓ 75 candles
  USD_CAD: ✓ 75 candles

[94/20000] Retail Sales m/m
  Type: RETAIL_SALES
  Time: 2024-02-22T15:30:00.000Z
  Currency: CAD
  EUR_USD: ✓ 75 candles
  GBP_USD: ✓ 75 candles
  USD_JPY: ✓ 75 candles
  USD_CHF: ✓ 75 candles
  AUD_USD: ✓ 75 candles
  USD_CAD: ✓ 75 candles

[95/20000] Unemployment Claims
  Type: UNEMPLOYMENT_CLAIMS
  Time: 2024-02-22T15:30:00.000Z
  Currency: USD
  EUR_USD: ✓ 75 candles
  GBP_USD: ✓ 75 candles
  USD_JPY: ✓ 75 candles
  USD_CHF: ✓ 75 candles
  AUD_USD: ✓ 75 candles
  USD_CAD: ✓ 75 candles

[96/20000] ECB Monetary Policy Meeting Accounts
  Type: ECB_MONETARY_POLICY_MEETING_ACCOUNTS
  Time: 2024-02-22T14:30:00.000Z
  Currency: EUR
  EUR_USD: ✓ 75 candles
  GBP_USD: ✓ 75 candles
  USD_JPY: ✓ 75 candles
  USD_CHF: ✓ 75 candles
  AUD_USD: ✓ 75 candles
  USD_CAD: ✓ 75 candles

[97/20000] Final CPI y/y
  Type: FINAL_CPI_Y/Y
  Time: 2024-02-22T12:00:00.000Z
  Currency: EUR
  EUR_USD: ✓ 75 candles
  GBP_USD: ✓ 75 candles
  USD_JPY: ✓ 75 candles
  USD_CHF: ✓ 75 candles
  AUD_USD: ✓ 74 candles
  USD_CAD: ✓ 75 candles

[98/20000] Final Core CPI y/y
  Type: FINAL_CORE_CPI_Y/Y
  Time: 2024-02-22T12:00:00.000Z
  Currency: EUR
  EUR_USD: ✓ 75 candles
  GBP_USD: ✓ 75 candles
  USD_JPY: ✓ 75 candles
  USD_CHF: ✓ 75 candles
  AUD_USD: ✓ 74 candles
  USD_CAD: ✓ 75 candles

[99/20000] FOMC Meeting Minutes
  Type: FOMC_MEETING_MINUTES
  Time: 2024-02-21T21:00:00.000Z
  Currency: USD
  EUR_USD: ✓ 75 candles
  GBP_USD: ✓ 75 candles
  USD_JPY: ✓ 75 candles
  USD_CHF: ✓ 75 candles
  AUD_USD: ✓ 75 candles
  USD_CAD: ✓ 74 candles

[100/20000] FOMC Member Bowman Speaks
  Type: FOMC_MEMBER_BOWMAN_SPEAKS
  Time: 2024-02-21T20:00:00.000Z
  Currency: USD
  EUR_USD: ✓ 75 candles
  GBP_USD: ✓ 75 candles
  USD_JPY: ✓ 75 candles
  USD_CHF: ✓ 75 candles
  AUD_USD: ✓ 75 candles
  USD_CAD: ✓ 75 candles

[101/20000] FOMC Member Barkin Speaks
  Type: FOMC_MEMBER_BARKIN_SPEAKS
  Time: 2024-02-21T16:10:00.000Z
  Currency: USD
  EUR_USD: ✓ 75 candles
  GBP_USD: ✓ 75 candles
  USD_JPY: ✓ 75 candles
  USD_CHF: ✓ 75 candles
  AUD_USD: ✓ 75 candles
  USD_CAD: ✓ 75 candles

[102/20000] FOMC Member Bostic Speaks
  Type: FOMC_MEMBER_BOSTIC_SPEAKS
  Time: 2024-02-21T15:00:00.000Z
  Currency: USD
  EUR_USD: ✓ 75 candles
  GBP_USD: ✓ 75 candles
  USD_JPY: ✓ 75 candles
  USD_CHF: ✓ 75 candles
  AUD_USD: ✓ 75 candles
  USD_CAD: ✓ 75 candles

[103/20000] PPI Input q/q
  Type: PPI_INPUT_Q/Q
  Time: 2024-02-20T23:45:00.000Z
  Currency: NZD
  EUR_USD: ✓ 75 candles
  GBP_USD: ✓ 75 candles
  USD_JPY: ✓ 75 candles
  USD_CHF: ✓ 72 candles
  AUD_USD: ✓ 74 candles
  USD_CAD: ✓ 74 candles

[104/20000] PPI Output q/q
  Type: PPI_OUTPUT_Q/Q
  Time: 2024-02-20T23:45:00.000Z
  Currency: NZD
  EUR_USD: ✓ 75 candles
  GBP_USD: ✓ 75 candles
  USD_JPY: ✓ 75 candles
  USD_CHF: ✓ 72 candles
  AUD_USD: ✓ 74 candles
  USD_CAD: ✓ 74 candles

[105/20000] CPI m/m
  Type: CPI_MOM
  Time: 2024-02-20T15:30:00.000Z
  Currency: CAD
  EUR_USD: ✓ 75 candles
  GBP_USD: ✓ 75 candles
  USD_JPY: ✓ 75 candles
  USD_CHF: ✓ 75 candles
  AUD_USD: ✓ 75 candles
  USD_CAD: ✓ 75 candles

[106/20000] Common CPI y/y
  Type: COMMON_CPI_Y/Y
  Time: 2024-02-20T15:30:00.000Z
  Currency: CAD
  EUR_USD: ✓ 75 candles
  GBP_USD: ✓ 75 candles
  USD_JPY: ✓ 75 candles
  USD_CHF: ✓ 75 candles
  AUD_USD: ✓ 75 candles
  USD_CAD: ✓ 75 candles

[107/20000] Core CPI m/m
  Type: CORE_CPI_MOM
  Time: 2024-02-20T15:30:00.000Z
  Currency: CAD
  EUR_USD: ✓ 75 candles
  GBP_USD: ✓ 75 candles
  USD_JPY: ✓ 75 candles
  USD_CHF: ✓ 75 candles
  AUD_USD: ✓ 75 candles
  USD_CAD: ✓ 75 candles

[108/20000] Median CPI y/y
  Type: MEDIAN_CPI_Y/Y
  Time: 2024-02-20T15:30:00.000Z
  Currency: CAD
  EUR_USD: ✓ 75 candles
  GBP_USD: ✓ 75 candles
  USD_JPY: ✓ 75 candles
  USD_CHF: ✓ 75 candles
  AUD_USD: ✓ 75 candles
  USD_CAD: ✓ 75 candles

[109/20000] Trimmed CPI y/y
  Type: TRIMMED_CPI_Y/Y
  Time: 2024-02-20T15:30:00.000Z
  Currency: CAD
  EUR_USD: ✓ 75 candles
  GBP_USD: ✓ 75 candles
  USD_JPY: ✓ 75 candles
  USD_CHF: ✓ 75 candles
  AUD_USD: ✓ 75 candles
  USD_CAD: ✓ 75 candles

[110/20000] IPPI m/m
  Type: IPPI_M/M
  Time: 2024-02-19T15:30:00.000Z
  Currency: CAD
  EUR_USD: ✓ 75 candles
  GBP_USD: ✓ 75 candles
  USD_JPY: ✓ 75 candles
  USD_CHF: ✓ 75 candles
  AUD_USD: ✓ 71 candles
  USD_CAD: ✓ 75 candles

[111/20000] FOMC Member Daly Speaks
  Type: FOMC_MEMBER_DALY_SPEAKS
  Time: 2024-02-16T19:45:00.000Z
  Currency: USD
  EUR_USD: ✓ 75 candles
  GBP_USD: ✓ 75 candles
  USD_JPY: ✓ 75 candles
  USD_CHF: ✓ 75 candles
  AUD_USD: ✓ 75 candles
  USD_CAD: ✓ 75 candles

[112/20000] Prelim UoM Inflation Expectations
  Type: PRELIM_UOM_INFLATION_EXPECTATIONS
  Time: 2024-02-16T17:00:00.000Z
  Currency: USD
  EUR_USD: ✓ 75 candles
  GBP_USD: ✓ 75 candles
  USD_JPY: ✓ 75 candles
  USD_CHF: ✓ 75 candles
  AUD_USD: ✓ 74 candles
  USD_CAD: ✓ 75 candles

[113/20000] FOMC Member Barr Speaks
  Type: FOMC_MEMBER_BARR_SPEAKS
  Time: 2024-02-16T16:10:00.000Z
  Currency: USD
  EUR_USD: ✓ 75 candles
  GBP_USD: ✓ 75 candles
  USD_JPY: ✓ 75 candles
  USD_CHF: ✓ 75 candles
  AUD_USD: ✓ 75 candles
  USD_CAD: ✓ 75 candles

[114/20000] Core PPI m/m
  Type: CORE_PPI
  Time: 2024-02-16T15:30:00.000Z
  Currency: USD
  EUR_USD: ✓ 75 candles
  GBP_USD: ✓ 75 candles
  USD_JPY: ✓ 75 candles
  USD_CHF: ✓ 75 candles
  AUD_USD: ✓ 75 candles
  USD_CAD: ✓ 75 candles

[115/20000] PPI m/m
  Type: PPI_MOM
  Time: 2024-02-16T15:30:00.000Z
  Currency: USD
  EUR_USD: ✓ 75 candles
  GBP_USD: ✓ 75 candles
  USD_JPY: ✓ 75 candles
  USD_CHF: ✓ 75 candles
  AUD_USD: ✓ 75 candles
  USD_CAD: ✓ 75 candles

[116/20000] French Final CPI m/m
  Type: FRENCH_FINAL_CPI_M/M
  Time: 2024-02-16T09:45:00.000Z
  Currency: EUR
  EUR_USD: ✓ 75 candles
  GBP_USD: ✓ 75 candles
  USD_JPY: ✓ 75 candles
  USD_CHF: ✓ 75 candles
  AUD_USD: ✓ 74 candles
  USD_CAD: ✓ 75 candles

[117/20000] Retail Sales m/m
  Type: RETAIL_SALES
  Time: 2024-02-16T09:00:00.000Z
  Currency: GBP
  EUR_USD: ✓ 75 candles
  GBP_USD: ✓ 75 candles
  USD_JPY: ✓ 75 candles
  USD_CHF: ✓ 75 candles
  AUD_USD: ✓ 75 candles
  USD_CAD: ✓ 75 candles

[118/20000] FOMC Member Bostic Speaks
  Type: FOMC_MEMBER_BOSTIC_SPEAKS
  Time: 2024-02-16T02:00:00.000Z
  Currency: USD
  EUR_USD: ✓ 75 candles
  GBP_USD: ✓ 75 candles
  USD_JPY: ✓ 75 candles
  USD_CHF: ✓ 75 candles
  AUD_USD: ✓ 75 candles
  USD_CAD: ✓ 75 candles

[119/20000] RBNZ Gov Orr Speaks
  Type: RBNZ_GOV_ORR_SPEAKS
  Time: 2024-02-15T20:40:00.000Z
  Currency: NZD
  EUR_USD: ✓ 74 candles
  GBP_USD: ✓ 74 candles
  USD_JPY: ✓ 75 candles
  USD_CHF: ✓ 70 candles
  AUD_USD: ✓ 72 candles
  USD_CAD: ✓ 75 candles

[120/20000] FOMC Member Waller Speaks
  Type: FOMC_MEMBER_WALLER_SPEAKS
  Time: 2024-02-15T20:15:00.000Z
  Currency: USD
  EUR_USD: ✓ 75 candles
  GBP_USD: ✓ 75 candles
  USD_JPY: ✓ 75 candles
  USD_CHF: ✓ 75 candles
  AUD_USD: ✓ 75 candles
  USD_CAD: ✓ 75 candles

[121/20000] Core Retail Sales m/m
  Type: CORE_RETAIL_SALES
  Time: 2024-02-15T15:30:00.000Z
  Currency: USD
  EUR_USD: ✓ 75 candles
  GBP_USD: ✓ 75 candles
  USD_JPY: ✓ 75 candles
  USD_CHF: ✓ 75 candles
  AUD_USD: ✓ 75 candles
  USD_CAD: ✓ 75 candles

[122/20000] Retail Sales m/m
  Type: RETAIL_SALES
  Time: 2024-02-15T15:30:00.000Z
  Currency: USD
  EUR_USD: ✓ 75 candles
  GBP_USD: ✓ 75 candles
  USD_JPY: ✓ 75 candles
  USD_CHF: ✓ 75 candles
  AUD_USD: ✓ 75 candles
  USD_CAD: ✓ 75 candles

[123/20000] Unemployment Claims
  Type: UNEMPLOYMENT_CLAIMS
  Time: 2024-02-15T15:30:00.000Z
  Currency: USD
  EUR_USD: ✓ 75 candles
  GBP_USD: ✓ 75 candles
  USD_JPY: ✓ 75 candles
  USD_CHF: ✓ 75 candles
  AUD_USD: ✓ 75 candles
  USD_CAD: ✓ 75 candles

[124/20000] NIESR GDP Estimate
  Type: NIESR_GDP_ESTIMATE
  Time: 2024-02-15T14:22:00.000Z
  Currency: GBP
  EUR_USD: ✓ 75 candles
  GBP_USD: ✓ 75 candles
  USD_JPY: ✓ 75 candles
  USD_CHF: ✓ 75 candles
  AUD_USD: ✓ 75 candles
  USD_CAD: ✓ 75 candles

[125/20000] ECB President Lagarde Speaks
  Type: ECB_PRESIDENT_LAGARDE_SPEAKS
  Time: 2024-02-15T10:00:00.000Z
  Currency: EUR
  EUR_USD: ✓ 75 candles
  GBP_USD: ✓ 75 candles
  USD_JPY: ✓ 75 candles
  USD_CHF: ✓ 75 candles
  AUD_USD: ✓ 75 candles
  USD_CAD: ✓ 75 candles

[126/20000] PPI m/m
  Type: PPI_MOM
  Time: 2024-02-15T09:30:00.000Z
  Currency: CHF
  EUR_USD: ✓ 75 candles
  GBP_USD: ✓ 75 candles
  USD_JPY: ✓ 75 candles
  USD_CHF: ✓ 75 candles
  AUD_USD: ✓ 75 candles
  USD_CAD: ✓ 75 candles

[127/20000] GDP m/m
  Type: GDP_M/M
  Time: 2024-02-15T09:00:00.000Z
  Currency: GBP
  EUR_USD: ✓ 75 candles
  GBP_USD: ✓ 75 candles
  USD_JPY: ✓ 75 candles
  USD_CHF: ✓ 75 candles
  AUD_USD: ✓ 75 candles
  USD_CAD: ✓ 75 candles

[128/20000] Prelim GDP q/q
  Type: GDP
  Time: 2024-02-15T09:00:00.000Z
  Currency: GBP
  EUR_USD: ✓ 75 candles
  GBP_USD: ✓ 75 candles
  USD_JPY: ✓ 75 candles
  USD_CHF: ✓ 75 candles
  AUD_USD: ✓ 75 candles
  USD_CAD: ✓ 75 candles

[129/20000] Employment Change
  Type: EMPLOYMENT_CHANGE
  Time: 2024-02-15T02:30:00.000Z
  Currency: AUD
  EUR_USD: ✓ 75 candles
  GBP_USD: ✓ 75 candles
  USD_JPY: ✓ 75 candles
  USD_CHF: ✓ 72 candles
  AUD_USD: ✓ 75 candles
  USD_CAD: ✓ 75 candles

[130/20000] Unemployment Rate
  Type: UNEMPLOYMENT
  Time: 2024-02-15T02:30:00.000Z
  Currency: AUD
  EUR_USD: ✓ 75 candles
  GBP_USD: ✓ 75 candles
  USD_JPY: ✓ 75 candles
  USD_CHF: ✓ 72 candles
  AUD_USD: ✓ 75 candles
  USD_CAD: ✓ 75 candles

[131/20000] MI Inflation Expectations
  Type: MI_INFLATION_EXPECTATIONS
  Time: 2024-02-15T02:00:00.000Z
  Currency: AUD
  EUR_USD: ✓ 75 candles
  GBP_USD: ✓ 75 candles
  USD_JPY: ✓ 75 candles
  USD_CHF: ✓ 72 candles
  AUD_USD: ✓ 75 candles
  USD_CAD: ✓ 75 candles

[132/20000] Prelim GDP Price Index y/y
  Type: PRELIM_GDP_PRICE_INDEX_Y/Y
  Time: 2024-02-15T01:50:00.000Z
  Currency: JPY
  EUR_USD: ✓ 75 candles
  GBP_USD: ✓ 75 candles
  USD_JPY: ✓ 75 candles
  USD_CHF: ✓ 75 candles
  AUD_USD: ✓ 75 candles
  USD_CAD: ✓ 75 candles

[133/20000] Prelim GDP q/q
  Type: GDP
  Time: 2024-02-15T01:50:00.000Z
  Currency: USD
  EUR_USD: ✓ 75 candles
  GBP_USD: ✓ 75 candles
  USD_JPY: ✓ 75 candles
  USD_CHF: ✓ 75 candles
  AUD_USD: ✓ 75 candles
  USD_CAD: ✓ 75 candles

[134/20000] RBA Gov Bullock Speaks
  Type: RBA_GOV_BULLOCK_SPEAKS
  Time: 2024-02-15T00:00:00.000Z
  Currency: AUD
  EUR_USD: ✓ 75 candles
  GBP_USD: ✓ 75 candles
  USD_JPY: ✓ 75 candles
  USD_CHF: ✓ 74 candles
  AUD_USD: ✓ 74 candles
  USD_CAD: ✓ 75 candles

[135/20000] FOMC Member Barr Speaks
  Type: FOMC_MEMBER_BARR_SPEAKS
  Time: 2024-02-14T23:00:00.000Z
  Currency: USD
  EUR_USD: ✓ 75 candles
  GBP_USD: ✓ 74 candles
  USD_JPY: ✓ 74 candles
  USD_CHF: ✓ 72 candles
  AUD_USD: ✓ 74 candles
  USD_CAD: ✓ 74 candles

[136/20000] BOE Gov Bailey Speaks
  Type: BOE_GOV_BAILEY_SPEAKS
  Time: 2024-02-14T17:00:00.000Z
  Currency: GBP
  EUR_USD: ✓ 75 candles
  GBP_USD: ✓ 75 candles
  USD_JPY: ✓ 75 candles
  USD_CHF: ✓ 75 candles
  AUD_USD: ✓ 75 candles
  USD_CAD: ✓ 75 candles

[137/20000] Flash Employment Change q/q
  Type: FLASH_EMPLOYMENT_CHANGE_Q/Q
  Time: 2024-02-14T12:00:00.000Z
  Currency: EUR
  EUR_USD: ✓ 75 candles
  GBP_USD: ✓ 75 candles
  USD_JPY: ✓ 75 candles
  USD_CHF: ✓ 75 candles
  AUD_USD: ✓ 75 candles
  USD_CAD: ✓ 75 candles

[138/20000] Flash GDP q/q
  Type: FLASH_GDP_Q/Q
  Time: 2024-02-14T12:00:00.000Z
  Currency: EUR
  EUR_USD: ✓ 75 candles
  GBP_USD: ✓ 75 candles
  USD_JPY: ✓ 75 candles
  USD_CHF: ✓ 75 candles
  AUD_USD: ✓ 75 candles
  USD_CAD: ✓ 75 candles

[139/20000] CPI y/y
  Type: CPI_YOY
  Time: 2024-02-14T09:00:00.000Z
  Currency: GBP
  EUR_USD: ✓ 75 candles
  GBP_USD: ✓ 75 candles
  USD_JPY: ✓ 75 candles
  USD_CHF: ✓ 75 candles
  AUD_USD: ✓ 75 candles
  USD_CAD: ✓ 75 candles

[140/20000] Core CPI y/y
  Type: CORE_CPI_YOY
  Time: 2024-02-14T09:00:00.000Z
  Currency: GBP
  EUR_USD: ✓ 75 candles
  GBP_USD: ✓ 75 candles
  USD_JPY: ✓ 75 candles
  USD_CHF: ✓ 75 candles
  AUD_USD: ✓ 75 candles
  USD_CAD: ✓ 75 candles

[141/20000] PPI Input m/m
  Type: PPI_INPUT_M/M
  Time: 2024-02-14T09:00:00.000Z
  Currency: GBP
  EUR_USD: ✓ 75 candles
  GBP_USD: ✓ 75 candles
  USD_JPY: ✓ 75 candles
  USD_CHF: ✓ 75 candles
  AUD_USD: ✓ 75 candles
  USD_CAD: ✓ 75 candles

[142/20000] PPI Output m/m
  Type: PPI_OUTPUT_M/M
  Time: 2024-02-14T09:00:00.000Z
  Currency: GBP
  EUR_USD: ✓ 75 candles
  GBP_USD: ✓ 75 candles
  USD_JPY: ✓ 75 candles
  USD_CHF: ✓ 75 candles
  AUD_USD: ✓ 75 candles
  USD_CAD: ✓ 75 candles

[143/20000] CPI m/m
  Type: CPI_MOM
  Time: 2024-02-13T15:30:00.000Z
  Currency: USD
  EUR_USD: ✓ 75 candles
  GBP_USD: ✓ 75 candles
  USD_JPY: ✓ 75 candles
  USD_CHF: ✓ 75 candles
  AUD_USD: ✓ 75 candles
  USD_CAD: ✓ 75 candles

[144/20000] CPI y/y
  Type: CPI_YOY
  Time: 2024-02-13T15:30:00.000Z
  Currency: USD
  EUR_USD: ✓ 75 candles
  GBP_USD: ✓ 75 candles
  USD_JPY: ✓ 75 candles
  USD_CHF: ✓ 75 candles
  AUD_USD: ✓ 75 candles
  USD_CAD: ✓ 75 candles

[145/20000] Core CPI m/m
  Type: CORE_CPI_MOM
  Time: 2024-02-13T15:30:00.000Z
  Currency: USD
  EUR_USD: ✓ 75 candles
  GBP_USD: ✓ 75 candles
  USD_JPY: ✓ 75 candles
  USD_CHF: ✓ 75 candles
  AUD_USD: ✓ 75 candles
  USD_CAD: ✓ 75 candles

[146/20000] CPI m/m
  Type: CPI_MOM
  Time: 2024-02-13T09:30:00.000Z
  Currency: CHF
  EUR_USD: ✓ 75 candles
  GBP_USD: ✓ 75 candles
  USD_JPY: ✓ 75 candles
  USD_CHF: ✓ 75 candles
  AUD_USD: ✓ 75 candles
  USD_CAD: ✓ 75 candles

[147/20000] Unemployment Rate
  Type: UNEMPLOYMENT
  Time: 2024-02-13T09:00:00.000Z
  Currency: GBP
  EUR_USD: ✓ 75 candles
  GBP_USD: ✓ 75 candles
  USD_JPY: ✓ 75 candles
  USD_CHF: ✓ 75 candles
  AUD_USD: ✓ 75 candles
  USD_CAD: ✓ 75 candles

[148/20000] Inflation Expectations q/q
  Type: INFLATION_EXPECTATIONS_Q/Q
  Time: 2024-02-13T04:20:00.000Z
  Currency: NZD
  EUR_USD: ✓ 75 candles
  GBP_USD: ✓ 75 candles
  USD_JPY: ✓ 75 candles
  USD_CHF: ✓ 75 candles
  AUD_USD: ✓ 74 candles
  USD_CAD: ✓ 75 candles

[149/20000] PPI y/y
  Type: PPI_YOY
  Time: 2024-02-13T01:50:00.000Z
  Currency: JPY
  EUR_USD: ✓ 75 candles
  GBP_USD: ✓ 75 candles
  USD_JPY: ✓ 75 candles
  USD_CHF: ✓ 75 candles
  AUD_USD: ✓ 75 candles
  USD_CAD: ✓ 74 candles

[150/20000] BOE Gov Bailey Speaks
  Type: BOE_GOV_BAILEY_SPEAKS
  Time: 2024-02-12T20:00:00.000Z
  Currency: GBP
  EUR_USD: ✓ 75 candles
  GBP_USD: ✓ 75 candles
  USD_JPY: ✓ 75 candles
  USD_CHF: ✓ 75 candles
  AUD_USD: ✓ 75 candles
  USD_CAD: ✓ 75 candles

[151/20000] FOMC Member Barkin Speaks
  Type: FOMC_MEMBER_BARKIN_SPEAKS
  Time: 2024-02-12T19:00:00.000Z
  Currency: USD
  EUR_USD: ✓ 75 candles
  GBP_USD: ✓ 75 candles
  USD_JPY: ✓ 75 candles
  USD_CHF: ✓ 75 candles
  AUD_USD: ✓ 75 candles
  USD_CAD: ✓ 75 candles

[152/20000] Cleveland Fed Inflation Expectations
  Type: CLEVELAND_FED_INFLATION_EXPECTATIONS
  Time: 2024-02-12T16:45:00.000Z
  Currency: USD
  EUR_USD: ✓ 75 candles
  GBP_USD: ✓ 75 candles
  USD_JPY: ✓ 75 candles
  USD_CHF: ✓ 75 candles
  AUD_USD: ✓ 75 candles
  USD_CAD: ✓ 75 candles

[153/20000] FOMC Member Bowman Speaks
  Type: FOMC_MEMBER_BOWMAN_SPEAKS
  Time: 2024-02-12T16:20:00.000Z
  Currency: USD
  EUR_USD: ✓ 75 candles
  GBP_USD: ✓ 75 candles
  USD_JPY: ✓ 75 candles
  USD_CHF: ✓ 75 candles
  AUD_USD: ✓ 75 candles
  USD_CAD: ✓ 75 candles

[154/20000] RBNZ Gov Orr Speaks
  Type: RBNZ_GOV_ORR_SPEAKS
  Time: 2024-02-12T02:30:00.000Z
  Currency: NZD
  EUR_USD: ✓ 74 candles
  GBP_USD: ✓ 75 candles
  USD_JPY: ✓ 75 candles
  USD_CHF: ✓ 74 candles
  AUD_USD: ✓ 75 candles
  USD_CAD: ✓ 75 candles

[155/20000] Employment Change
  Type: EMPLOYMENT_CHANGE
  Time: 2024-02-09T15:30:00.000Z
  Currency: CAD
  EUR_USD: ✓ 75 candles
  GBP_USD: ✓ 75 candles
  USD_JPY: ✓ 75 candles
  USD_CHF: ✓ 75 candles
  AUD_USD: ✓ 75 candles
  USD_CAD: ✓ 75 candles

[156/20000] Unemployment Rate
  Type: UNEMPLOYMENT
  Time: 2024-02-09T15:30:00.000Z
  Currency: CAD
  EUR_USD: ✓ 75 candles
  GBP_USD: ✓ 75 candles
  USD_JPY: ✓ 75 candles
  USD_CHF: ✓ 75 candles
  AUD_USD: ✓ 75 candles
  USD_CAD: ✓ 75 candles

[157/20000] German Final CPI m/m
  Type: GERMAN_FINAL_CPI_M/M
  Time: 2024-02-09T09:00:00.000Z
  Currency: EUR
  EUR_USD: ✓ 75 candles
  GBP_USD: ✓ 75 candles
  USD_JPY: ✓ 75 candles
  USD_CHF: ✓ 75 candles
  AUD_USD: ✓ 75 candles
  USD_CAD: ✓ 75 candles

[158/20000] RBA Gov Bullock Speaks
  Type: RBA_GOV_BULLOCK_SPEAKS
  Time: 2024-02-09T00:30:00.000Z
  Currency: AUD
  EUR_USD: ✓ 75 candles
  GBP_USD: ✓ 75 candles
  USD_JPY: ✓ 75 candles
  USD_CHF: ✓ 75 candles
  AUD_USD: ✓ 75 candles
  USD_CAD: ✓ 73 candles

[159/20000] FOMC Member Barkin Speaks
  Type: FOMC_MEMBER_BARKIN_SPEAKS
  Time: 2024-02-08T19:05:00.000Z
  Currency: USD
  EUR_USD: ✓ 75 candles
  GBP_USD: ✓ 75 candles
  USD_JPY: ✓ 75 candles
  USD_CHF: ✓ 75 candles
  AUD_USD: ✓ 75 candles
  USD_CAD: ✓ 75 candles

[160/20000] FOMC Member Barkin Speaks
  Type: FOMC_MEMBER_BARKIN_SPEAKS
  Time: 2024-02-08T15:30:00.000Z
  Currency: USD
  EUR_USD: ✓ 75 candles
  GBP_USD: ✓ 75 candles
  USD_JPY: ✓ 75 candles
  USD_CHF: ✓ 75 candles
  AUD_USD: ✓ 75 candles
  USD_CAD: ✓ 75 candles

[161/20000] Unemployment Claims
  Type: UNEMPLOYMENT_CLAIMS
  Time: 2024-02-08T15:30:00.000Z
  Currency: USD
  EUR_USD: ✓ 75 candles
  GBP_USD: ✓ 75 candles
  USD_JPY: ✓ 75 candles
  USD_CHF: ✓ 75 candles
  AUD_USD: ✓ 75 candles
  USD_CAD: ✓ 75 candles

[162/20000] ECB Economic Bulletin
  Type: ECB_ECONOMIC_BULLETIN
  Time: 2024-02-08T11:00:00.000Z
  Currency: EUR
  EUR_USD: ✓ 75 candles
  GBP_USD: ✓ 75 candles
  USD_JPY: ✓ 75 candles
  USD_CHF: ✓ 75 candles
  AUD_USD: ✓ 75 candles
  USD_CAD: ✓ 75 candles

[163/20000] FOMC Member Bowman Speaks
  Type: FOMC_MEMBER_BOWMAN_SPEAKS
  Time: 2024-02-07T21:00:00.000Z
  Currency: USD
  EUR_USD: ✓ 73 candles
  GBP_USD: ✓ 73 candles
  USD_JPY: ✓ 74 candles
  USD_CHF: ✓ 72 candles
  AUD_USD: ✓ 73 candles
  USD_CAD: ✓ 73 candles

[164/20000] BOC Summary of Deliberations
  Type: BOC_SUMMARY_OF_DELIBERATIONS
  Time: 2024-02-07T20:30:00.000Z
  Currency: CAD
  EUR_USD: ✓ 75 candles
  GBP_USD: ✓ 75 candles
  USD_JPY: ✓ 75 candles
  USD_CHF: ✓ 75 candles
  AUD_USD: ✓ 75 candles
  USD_CAD: ✓ 74 candles

[165/20000] FOMC Member Barkin Speaks
  Type: FOMC_MEMBER_BARKIN_SPEAKS
  Time: 2024-02-07T19:30:00.000Z
  Currency: USD
  EUR_USD: ✓ 75 candles
  GBP_USD: ✓ 75 candles
  USD_JPY: ✓ 75 candles
  USD_CHF: ✓ 75 candles
  AUD_USD: ✓ 75 candles
  USD_CAD: ✓ 75 candles

[166/20000] FOMC Member Kugler Speaks
  Type: FOMC_MEMBER_KUGLER_SPEAKS
  Time: 2024-02-07T18:00:00.000Z
  Currency: USD
  EUR_USD: ✓ 75 candles
  GBP_USD: ✓ 75 candles
  USD_JPY: ✓ 75 candles
  USD_CHF: ✓ 75 candles
  AUD_USD: ✓ 75 candles
  USD_CAD: ✓ 75 candles

[167/20000] Italian Retail Sales m/m
  Type: ITALIAN_RETAIL_SALES_M/M
  Time: 2024-02-07T11:00:00.000Z
  Currency: EUR
  EUR_USD: ✓ 75 candles
  GBP_USD: ✓ 75 candles
  USD_JPY: ✓ 75 candles
  USD_CHF: ✓ 74 candles
  AUD_USD: ✓ 74 candles
  USD_CAD: ✓ 75 candles

[168/20000] French Prelim Private Payrolls q/q
  Type: FRENCH_PRELIM_PRIVATE_PAYROLLS_Q/Q
  Time: 2024-02-07T09:45:00.000Z
  Currency: EUR
  EUR_USD: ✓ 75 candles
  GBP_USD: ✓ 75 candles
  USD_JPY: ✓ 75 candles
  USD_CHF: ✓ 75 candles
  AUD_USD: ✓ 75 candles
  USD_CAD: ✓ 75 candles

[169/20000] Unemployment Rate
  Type: UNEMPLOYMENT
  Time: 2024-02-07T08:45:00.000Z
  Currency: CHF
  EUR_USD: ✓ 75 candles
  GBP_USD: ✓ 75 candles
  USD_JPY: ✓ 75 candles
  USD_CHF: ✓ 75 candles
  AUD_USD: ✓ 75 candles
  USD_CAD: ✓ 75 candles

[170/20000] Employment Change q/q
  Type: EMPLOYMENT_CHANGE_Q/Q
  Time: 2024-02-06T23:45:00.000Z
  Currency: NZD
  EUR_USD: ✓ 74 candles
  GBP_USD: ✓ 75 candles
  USD_JPY: ✓ 75 candles
  USD_CHF: ✓ 75 candles
  AUD_USD: ✓ 74 candles
  USD_CAD: ✓ 73 candles

[171/20000] Unemployment Rate
  Type: UNEMPLOYMENT
  Time: 2024-02-06T23:45:00.000Z
  Currency: NZD
  EUR_USD: ✓ 74 candles
  GBP_USD: ✓ 75 candles
  USD_JPY: ✓ 75 candles
  USD_CHF: ✓ 75 candles
  AUD_USD: ✓ 74 candles
  USD_CAD: ✓ 73 candles

[172/20000] BOC Gov Macklem Speaks
  Type: BOC_GOV_MACKLEM_SPEAKS
  Time: 2024-02-06T19:45:00.000Z
  Currency: CAD
  EUR_USD: ✓ 75 candles
  GBP_USD: ✓ 75 candles
  USD_JPY: ✓ 75 candles
  USD_CHF: ✓ 75 candles
  AUD_USD: ✓ 75 candles
  USD_CAD: ✓ 75 candles

[173/20000] FOMC Member Mester Speaks
  Type: FOMC_MEMBER_MESTER_SPEAKS
  Time: 2024-02-06T19:00:00.000Z
  Currency: USD
  EUR_USD: ✓ 75 candles
  GBP_USD: ✓ 75 candles
  USD_JPY: ✓ 75 candles
  USD_CHF: ✓ 75 candles
  AUD_USD: ✓ 75 candles
  USD_CAD: ✓ 75 candles

[174/20000] Retail Sales m/m
  Type: RETAIL_SALES
  Time: 2024-02-06T12:00:00.000Z
  Currency: EUR
  EUR_USD: ✓ 75 candles
  GBP_USD: ✓ 75 candles
  USD_JPY: ✓ 75 candles
  USD_CHF: ✓ 75 candles
  AUD_USD: ✓ 75 candles
  USD_CAD: ✓ 75 candles

[175/20000] RBA Press Conference
  Type: RBA_PRESS_CONFERENCE
  Time: 2024-02-06T06:30:00.000Z
  Currency: AUD
  EUR_USD: ✓ 75 candles
  GBP_USD: ✓ 75 candles
  USD_JPY: ✓ 75 candles
  USD_CHF: ✓ 75 candles
  AUD_USD: ✓ 75 candles
  USD_CAD: ✓ 75 candles

[176/20000] RBA Monetary Policy Statement
  Type: RBA_MONETARY_POLICY_STATEMENT
  Time: 2024-02-06T05:30:00.000Z
  Currency: AUD
  EUR_USD: ✓ 75 candles
  GBP_USD: ✓ 75 candles
  USD_JPY: ✓ 75 candles
  USD_CHF: ✓ 75 candles
  AUD_USD: ✓ 75 candles
  USD_CAD: ✓ 75 candles

[177/20000] BRC Retail Sales Monitor y/y
  Type: BRC_RETAIL_SALES_MONITOR_Y/Y
  Time: 2024-02-06T02:01:00.000Z
  Currency: GBP
  EUR_USD: ✓ 75 candles
  GBP_USD: ✓ 75 candles
  USD_JPY: ✓ 75 candles
  USD_CHF: ✓ 75 candles
  AUD_USD: ✓ 75 candles
  USD_CAD: ✓ 75 candles

[178/20000] FOMC Member Bostic Speaks
  Type: FOMC_MEMBER_BOSTIC_SPEAKS
  Time: 2024-02-05T21:00:00.000Z
  Currency: USD
  EUR_USD: ✓ 73 candles
  GBP_USD: ✓ 70 candles
  USD_JPY: ✓ 73 candles
  USD_CHF: ✓ 69 candles
  AUD_USD: ✓ 67 candles
  USD_CAD: ✓ 74 candles

[179/20000] PPI m/m
  Type: PPI_MOM
  Time: 2024-02-05T12:00:00.000Z
  Currency: EUR
  EUR_USD: ✓ 75 candles
  GBP_USD: ✓ 75 candles
  USD_JPY: ✓ 75 candles
  USD_CHF: ✓ 75 candles
  AUD_USD: ✓ 75 candles
  USD_CAD: ✓ 75 candles

[180/20000] Fed Chair Powell Speaks
  Type: FED_SPEAKS
  Time: 2024-02-05T02:00:00.000Z
  Currency: USD
  EUR_USD: ✓ 75 candles
  GBP_USD: ✓ 75 candles
  USD_JPY: ✓ 75 candles
  USD_CHF: ✓ 75 candles
  AUD_USD: ✓ 75 candles
  USD_CAD: ✓ 75 candles

[181/20000] MI Inflation Gauge m/m
  Type: MI_INFLATION_GAUGE_M/M
  Time: 2024-02-05T02:00:00.000Z
  Currency: AUD
  EUR_USD: ✓ 75 candles
  GBP_USD: ✓ 75 candles
  USD_JPY: ✓ 75 candles
  USD_CHF: ✓ 75 candles
  AUD_USD: ✓ 75 candles
  USD_CAD: ✓ 75 candles

[182/20000] Revised UoM Inflation Expectations
  Type: REVISED_UOM_INFLATION_EXPECTATIONS
  Time: 2024-02-02T17:00:00.000Z
  Currency: USD
  EUR_USD: ✓ 75 candles
  GBP_USD: ✓ 75 candles
  USD_JPY: ✓ 75 candles
  USD_CHF: ✓ 75 candles
  AUD_USD: ✓ 75 candles
  USD_CAD: ✓ 75 candles

[183/20000] Non-Farm Employment Change
  Type: NFP
  Time: 2024-02-02T15:30:00.000Z
  Currency: USD
  EUR_USD: ✓ 75 candles
  GBP_USD: ✓ 75 candles
  USD_JPY: ✓ 75 candles
  USD_CHF: ✓ 75 candles
  AUD_USD: ✓ 75 candles
  USD_CAD: ✓ 75 candles

[184/20000] Unemployment Rate
  Type: UNEMPLOYMENT
  Time: 2024-02-02T15:30:00.000Z
  Currency: USD
  EUR_USD: ✓ 75 candles
  GBP_USD: ✓ 75 candles
  USD_JPY: ✓ 75 candles
  USD_CHF: ✓ 75 candles
  AUD_USD: ✓ 75 candles
  USD_CAD: ✓ 75 candles

[185/20000] Spanish Unemployment Change
  Type: SPANISH_UNEMPLOYMENT_CHANGE
  Time: 2024-02-02T10:00:00.000Z
  Currency: EUR
  EUR_USD: ✓ 75 candles
  GBP_USD: ✓ 75 candles
  USD_JPY: ✓ 75 candles
  USD_CHF: ✓ 75 candles
  AUD_USD: ✓ 75 candles
  USD_CAD: ✓ 75 candles

[186/20000] PPI q/q
  Type: PPI_Q/Q
  Time: 2024-02-02T02:30:00.000Z
  Currency: AUD
  EUR_USD: ✓ 75 candles
  GBP_USD: ✓ 75 candles
  USD_JPY: ✓ 75 candles
  USD_CHF: ✓ 75 candles
  AUD_USD: ✓ 75 candles
  USD_CAD: ✓ 75 candles

[187/20000] BOC Gov Macklem Speaks
  Type: BOC_GOV_MACKLEM_SPEAKS
  Time: 2024-02-01T18:30:00.000Z
  Currency: CAD
  EUR_USD: ✓ 75 candles
  GBP_USD: ✓ 75 candles
  USD_JPY: ✓ 75 candles
  USD_CHF: ✓ 75 candles
  AUD_USD: ✓ 75 candles
  USD_CAD: ✓ 75 candles

[188/20000] Prelim Nonfarm Productivity q/q
  Type: PRELIM_NONFARM_PRODUCTIVITY_Q/Q
  Time: 2024-02-01T15:30:00.000Z
  Currency: USD
  EUR_USD: ✓ 75 candles
  GBP_USD: ✓ 75 candles
  USD_JPY: ✓ 75 candles
  USD_CHF: ✓ 75 candles
  AUD_USD: ✓ 75 candles
  USD_CAD: ✓ 75 candles

[189/20000] Unemployment Claims
  Type: UNEMPLOYMENT_CLAIMS
  Time: 2024-02-01T15:30:00.000Z
  Currency: USD
  EUR_USD: ✓ 75 candles
  GBP_USD: ✓ 75 candles
  USD_JPY: ✓ 75 candles
  USD_CHF: ✓ 75 candles
  AUD_USD: ✓ 75 candles
  USD_CAD: ✓ 75 candles

[190/20000] BOE Gov Bailey Speaks
  Type: BOE_GOV_BAILEY_SPEAKS
  Time: 2024-02-01T14:30:00.000Z
  Currency: GBP
  EUR_USD: ✓ 75 candles
  GBP_USD: ✓ 75 candles
  USD_JPY: ✓ 75 candles
  USD_CHF: ✓ 75 candles
  AUD_USD: ✓ 75 candles
  USD_CAD: ✓ 75 candles

[191/20000] BOE Monetary Policy Report
  Type: BOE_MONETARY_POLICY_REPORT
  Time: 2024-02-01T14:00:00.000Z
  Currency: GBP
  EUR_USD: ✓ 75 candles
  GBP_USD: ✓ 75 candles
  USD_JPY: ✓ 75 candles
  USD_CHF: ✓ 75 candles
  AUD_USD: ✓ 75 candles
  USD_CAD: ✓ 75 candles

[192/20000] CPI Flash Estimate y/y
  Type: EU_CPI_FLASH
  Time: 2024-02-01T12:00:00.000Z
  Currency: EUR
  EUR_USD: ✓ 75 candles
  GBP_USD: ✓ 75 candles
  USD_JPY: ✓ 75 candles
  USD_CHF: ✓ 75 candles
  AUD_USD: ✓ 75 candles
  USD_CAD: ✓ 75 candles

[193/20000] Core CPI Flash Estimate y/y
  Type: CORE_CPI_FLASH_ESTIMATE_Y/Y
  Time: 2024-02-01T12:00:00.000Z
  Currency: EUR
  EUR_USD: ✓ 75 candles
  GBP_USD: ✓ 75 candles
  USD_JPY: ✓ 75 candles
  USD_CHF: ✓ 75 candles
  AUD_USD: ✓ 75 candles
  USD_CAD: ✓ 75 candles

[194/20000] Italian Prelim CPI m/m
  Type: ITALIAN_PRELIM_CPI_M/M
  Time: 2024-02-01T12:00:00.000Z
  Currency: EUR
  EUR_USD: ✓ 75 candles
  GBP_USD: ✓ 75 candles
  USD_JPY: ✓ 75 candles
  USD_CHF: ✓ 75 candles
  AUD_USD: ✓ 75 candles
  USD_CAD: ✓ 75 candles

[195/20000] Unemployment Rate
  Type: UNEMPLOYMENT
  Time: 2024-02-01T12:00:00.000Z
  Currency: EUR
  EUR_USD: ✓ 75 candles
  GBP_USD: ✓ 75 candles
  USD_JPY: ✓ 75 candles
  USD_CHF: ✓ 75 candles
  AUD_USD: ✓ 75 candles
  USD_CAD: ✓ 75 candles

[196/20000] ECB President Lagarde Speaks
  Type: ECB_PRESIDENT_LAGARDE_SPEAKS
  Time: 2024-02-01T10:00:00.000Z
  Currency: EUR
  EUR_USD: ✓ 75 candles
  GBP_USD: ✓ 75 candles
  USD_JPY: ✓ 75 candles
  USD_CHF: ✓ 75 candles
  AUD_USD: ✓ 75 candles
  USD_CAD: ✓ 75 candles

[197/20000] Fed Chair Powell Speaks
  Type: FED_SPEAKS
  Time: 2024-03-29T18:30:00.000Z
  Currency: USD
  EUR_USD: ✓ 73 candles
  GBP_USD: ✓ 67 candles
  USD_JPY: ✓ 68 candles
  USD_CHF: ✓ 74 candles
  AUD_USD: ✓ 48 candles
  USD_CAD: ✓ 68 candles

[198/20000] FOMC Member Daly Speaks
  Type: FOMC_MEMBER_DALY_SPEAKS
  Time: 2024-03-29T18:20:00.000Z
  Currency: USD
  EUR_USD: ✓ 73 candles
  GBP_USD: ✓ 64 candles
  USD_JPY: ✓ 69 candles
  USD_CHF: ✓ 74 candles
  AUD_USD: ✓ 49 candles
  USD_CAD: ✓ 73 candles

[199/20000] Italian Prelim CPI m/m
  Type: ITALIAN_PRELIM_CPI_M/M
  Time: 2024-03-29T13:00:00.000Z
  Currency: EUR
  EUR_USD: ✓ 75 candles
  GBP_USD: ✓ 75 candles
  USD_JPY: ✓ 75 candles
  USD_CHF: ✓ 75 candles
  AUD_USD: ✓ 68 candles
  USD_CAD: ✓ 73 candles

[200/20000] French Prelim CPI m/m
  Type: FRENCH_PRELIM_CPI_M/M
  Time: 2024-03-29T10:45:00.000Z
  Currency: EUR
  EUR_USD: ✓ 75 candles
  GBP_USD: ✓ 75 candles
  USD_JPY: ✓ 74 candles
  USD_CHF: ✓ 75 candles
  AUD_USD: ✓ 70 candles
  USD_CAD: ✓ 66 candles

[201/20000] Retail Sales y/y
  Type: RETAIL_SALES_Y/Y
  Time: 2024-03-29T02:50:00.000Z
  Currency: JPY
  EUR_USD: ✓ 74 candles
  GBP_USD: ✓ 69 candles
  USD_JPY: ✓ 75 candles
  USD_CHF: ✓ 75 candles
  AUD_USD: ✓ 72 candles
  USD_CAD: ✓ 73 candles

[202/20000] Tokyo Core CPI y/y
  Type: TOKYO_CORE_CPI_Y/Y
  Time: 2024-03-29T02:30:00.000Z
  Currency: JPY
  EUR_USD: ✓ 75 candles
  GBP_USD: ✓ 72 candles
  USD_JPY: ✓ 75 candles
  USD_CHF: ✓ 75 candles
  AUD_USD: ✓ 72 candles
  USD_CAD: ✓ 75 candles

[203/20000] Unemployment Rate
  Type: UNEMPLOYMENT
  Time: 2024-03-29T02:30:00.000Z
  Currency: JPY
  EUR_USD: ✓ 75 candles
  GBP_USD: ✓ 72 candles
  USD_JPY: ✓ 75 candles
  USD_CHF: ✓ 75 candles
  AUD_USD: ✓ 72 candles
  USD_CAD: ✓ 75 candles

[204/20000] Revised UoM Inflation Expectations
  Type: REVISED_UOM_INFLATION_EXPECTATIONS
  Time: 2024-03-28T17:00:00.000Z
  Currency: USD
  EUR_USD: ✓ 75 candles
  GBP_USD: ✓ 75 candles
  USD_JPY: ✓ 75 candles
  USD_CHF: ✓ 75 candles
  AUD_USD: ✓ 75 candles
  USD_CAD: ✓ 75 candles

[205/20000] Final GDP Price Index q/q
  Type: FINAL_GDP_PRICE_INDEX_Q/Q
  Time: 2024-03-28T15:30:00.000Z
  Currency: USD
  EUR_USD: ✓ 75 candles
  GBP_USD: ✓ 75 candles
  USD_JPY: ✓ 75 candles
  USD_CHF: ✓ 75 candles
  AUD_USD: ✓ 75 candles
  USD_CAD: ✓ 75 candles

[206/20000] Final GDP q/q
  Type: GDP
  Time: 2024-03-28T15:30:00.000Z
  Currency: GBP
  EUR_USD: ✓ 75 candles
  GBP_USD: ✓ 75 candles
  USD_JPY: ✓ 75 candles
  USD_CHF: ✓ 75 candles
  AUD_USD: ✓ 75 candles
  USD_CAD: ✓ 75 candles

[207/20000] GDP m/m
  Type: GDP_M/M
  Time: 2024-03-28T15:30:00.000Z
  Currency: CAD
  EUR_USD: ✓ 75 candles
  GBP_USD: ✓ 75 candles
  USD_JPY: ✓ 75 candles
  USD_CHF: ✓ 75 candles
  AUD_USD: ✓ 75 candles
  USD_CAD: ✓ 75 candles

[208/20000] Unemployment Claims
  Type: UNEMPLOYMENT_CLAIMS
  Time: 2024-03-28T15:30:00.000Z
  Currency: USD
  EUR_USD: ✓ 75 candles
  GBP_USD: ✓ 75 candles
  USD_JPY: ✓ 75 candles
  USD_CHF: ✓ 75 candles
  AUD_USD: ✓ 75 candles
  USD_CAD: ✓ 75 candles

[209/20000] German Unemployment Change
  Type: GERMAN_UNEMPLOYMENT_CHANGE
  Time: 2024-03-28T11:55:00.000Z
  Currency: EUR
  EUR_USD: ✓ 75 candles
  GBP_USD: ✓ 75 candles
  USD_JPY: ✓ 75 candles
  USD_CHF: ✓ 75 candles
  AUD_USD: ✓ 75 candles
  USD_CAD: ✓ 75 candles

[210/20000] Final GDP q/q
  Type: GDP
  Time: 2024-03-28T10:00:00.000Z
  Currency: GBP
  EUR_USD: ✓ 75 candles
  GBP_USD: ✓ 75 candles
  USD_JPY: ✓ 75 candles
  USD_CHF: ✓ 75 candles
  AUD_USD: ✓ 75 candles
  USD_CAD: ✓ 75 candles

[211/20000] German Retail Sales m/m
  Type: GERMAN_RETAIL_SALES_M/M
  Time: 2024-03-28T10:00:00.000Z
  Currency: EUR
  EUR_USD: ✓ 75 candles
  GBP_USD: ✓ 75 candles
  USD_JPY: ✓ 75 candles
  USD_CHF: ✓ 75 candles
  AUD_USD: ✓ 75 candles
  USD_CAD: ✓ 75 candles

[212/20000] Retail Sales m/m
  Type: RETAIL_SALES
  Time: 2024-03-28T03:30:00.000Z
  Currency: AUD
  EUR_USD: ✓ 75 candles
  GBP_USD: ✓ 75 candles
  USD_JPY: ✓ 75 candles
  USD_CHF: ✓ 73 candles
  AUD_USD: ✓ 75 candles
  USD_CAD: ✓ 75 candles

[213/20000] MI Inflation Expectations
  Type: MI_INFLATION_EXPECTATIONS
  Time: 2024-03-28T03:00:00.000Z
  Currency: AUD
  EUR_USD: ✓ 75 candles
  GBP_USD: ✓ 75 candles
  USD_JPY: ✓ 75 candles
  USD_CHF: ✓ 73 candles
  AUD_USD: ✓ 75 candles
  USD_CAD: ✓ 75 candles

[214/20000] BOJ Summary of Opinions
  Type: BOJ_SUMMARY_OF_OPINIONS
  Time: 2024-03-28T02:50:00.000Z
  Currency: JPY
  EUR_USD: ✓ 75 candles
  GBP_USD: ✓ 75 candles
  USD_JPY: ✓ 75 candles
  USD_CHF: ✓ 73 candles
  AUD_USD: ✓ 75 candles
  USD_CAD: ✓ 75 candles

[215/20000] FOMC Member Waller Speaks
  Type: FOMC_MEMBER_WALLER_SPEAKS
  Time: 2024-03-28T01:00:00.000Z
  Currency: USD
  EUR_USD: ✓ 75 candles
  GBP_USD: ✓ 75 candles
  USD_JPY: ✓ 75 candles
  USD_CHF: ✓ 75 candles
  AUD_USD: ✓ 75 candles
  USD_CAD: ✓ 75 candles

[216/20000] SNB Quarterly Bulletin
  Type: SNB_QUARTERLY_BULLETIN
  Time: 2024-03-27T17:00:00.000Z
  Currency: CHF
  EUR_USD: ✓ 75 candles
  GBP_USD: ✓ 75 candles
  USD_JPY: ✓ 75 candles
  USD_CHF: ✓ 75 candles
  AUD_USD: ✓ 75 candles
  USD_CAD: ✓ 75 candles

[217/20000] Spanish Flash CPI y/y
  Type: SPANISH_FLASH_CPI_Y/Y
  Time: 2024-03-27T11:00:00.000Z
  Currency: EUR
  EUR_USD: ✓ 75 candles
  GBP_USD: ✓ 75 candles
  USD_JPY: ✓ 75 candles
  USD_CHF: ✓ 75 candles
  AUD_USD: ✓ 75 candles
  USD_CAD: ✓ 75 candles

[218/20000] CPI y/y
  Type: CPI_YOY
  Time: 2024-03-27T03:30:00.000Z
  Currency: AUD
  EUR_USD: ✓ 74 candles
  GBP_USD: ✓ 74 candles
  USD_JPY: ✓ 75 candles
  USD_CHF: ✓ 75 candles
  AUD_USD: ✓ 75 candles
  USD_CAD: ✓ 75 candles

[219/20000] BOJ Core CPI y/y
  Type: BOJ_CORE_CPI_Y/Y
  Time: 2024-03-26T08:00:00.000Z
  Currency: JPY
  EUR_USD: ✓ 75 candles
  GBP_USD: ✓ 75 candles
  USD_JPY: ✓ 75 candles
  USD_CHF: ✓ 75 candles
  AUD_USD: ✓ 75 candles
  USD_CAD: ✓ 75 candles

[220/20000] SPPI y/y
  Type: SPPI_Y/Y
  Time: 2024-03-26T02:50:00.000Z
  Currency: JPY
  EUR_USD: ✓ 75 candles
  GBP_USD: ✓ 75 candles
  USD_JPY: ✓ 75 candles
  USD_CHF: ✓ 75 candles
  AUD_USD: ✓ 75 candles
  USD_CAD: ✓ 75 candles

[221/20000] FOMC Member Cook Speaks
  Type: FOMC_MEMBER_COOK_SPEAKS
  Time: 2024-03-25T17:30:00.000Z
  Currency: USD
  EUR_USD: ✓ 75 candles
  GBP_USD: ✓ 75 candles
  USD_JPY: ✓ 75 candles
  USD_CHF: ✓ 75 candles
  AUD_USD: ✓ 73 candles
  USD_CAD: ✓ 75 candles

[222/20000] FOMC Member Bostic Speaks
  Type: FOMC_MEMBER_BOSTIC_SPEAKS
  Time: 2024-03-25T15:25:00.000Z
  Currency: USD
  EUR_USD: ✓ 75 candles
  GBP_USD: ✓ 75 candles
  USD_JPY: ✓ 75 candles
  USD_CHF: ✓ 75 candles
  AUD_USD: ✓ 75 candles
  USD_CAD: ✓ 75 candles

[223/20000] FOMC Member Bostic Speaks
  Type: FOMC_MEMBER_BOSTIC_SPEAKS
  Time: 2024-03-22T23:00:00.000Z
  Currency: USD
  EUR_USD: ✗ No candle data returned
  GBP_USD: ✗ No candle data returned
  USD_JPY: ✗ No candle data returned
  USD_CHF: ✗ No candle data returned
  AUD_USD: ✗ No candle data returned
  USD_CAD: ✗ No candle data returned

[224/20000] FOMC Member Barr Speaks
  Type: FOMC_MEMBER_BARR_SPEAKS
  Time: 2024-03-22T19:15:00.000Z
  Currency: USD
  EUR_USD: ✓ 73 candles
  GBP_USD: ✓ 75 candles
  USD_JPY: ✓ 75 candles
  USD_CHF: ✓ 75 candles
  AUD_USD: ✓ 75 candles
  USD_CAD: ✓ 75 candles

[225/20000] Fed Chair Powell Speaks
  Type: FED_SPEAKS
  Time: 2024-03-22T16:00:00.000Z
  Currency: USD
  EUR_USD: ✓ 75 candles
  GBP_USD: ✓ 75 candles
  USD_JPY: ✓ 75 candles
  USD_CHF: ✓ 75 candles
  AUD_USD: ✓ 75 candles
  USD_CAD: ✓ 75 candles

[226/20000] Core Retail Sales m/m
  Type: CORE_RETAIL_SALES
  Time: 2024-03-22T15:30:00.000Z
  Currency: CAD
  EUR_USD: ✓ 75 candles
  GBP_USD: ✓ 75 candles
  USD_JPY: ✓ 75 candles
  USD_CHF: ✓ 75 candles
  AUD_USD: ✓ 75 candles
  USD_CAD: ✓ 75 candles

[227/20000] Retail Sales m/m
  Type: RETAIL_SALES
  Time: 2024-03-22T15:30:00.000Z
  Currency: CAD
  EUR_USD: ✓ 75 candles
  GBP_USD: ✓ 75 candles
  USD_JPY: ✓ 75 candles
  USD_CHF: ✓ 75 candles
  AUD_USD: ✓ 75 candles
  USD_CAD: ✓ 75 candles

[228/20000] Retail Sales m/m
  Type: RETAIL_SALES
  Time: 2024-03-22T10:00:00.000Z
  Currency: GBP
  EUR_USD: ✓ 75 candles
  GBP_USD: ✓ 75 candles
  USD_JPY: ✓ 75 candles
  USD_CHF: ✓ 75 candles
  AUD_USD: ✓ 75 candles
  USD_CAD: ✓ 75 candles

[229/20000] RBA Financial Stability Review
  Type: RBA_FINANCIAL_STABILITY_REVIEW
  Time: 2024-03-22T03:30:00.000Z
  Currency: AUD
  EUR_USD: ✓ 75 candles
  GBP_USD: ✓ 75 candles
  USD_JPY: ✓ 75 candles
  USD_CHF: ✓ 75 candles
  AUD_USD: ✓ 75 candles
  USD_CAD: ✓ 75 candles

[230/20000] National Core CPI y/y
  Type: NATIONAL_CORE_CPI_Y/Y
  Time: 2024-03-22T02:30:00.000Z
  Currency: JPY
  EUR_USD: ✓ 75 candles
  GBP_USD: ✓ 75 candles
  USD_JPY: ✓ 75 candles
  USD_CHF: ✓ 75 candles
  AUD_USD: ✓ 75 candles
  USD_CAD: ✓ 75 candles

[231/20000] FOMC Member Barr Speaks
  Type: FOMC_MEMBER_BARR_SPEAKS
  Time: 2024-03-21T19:00:00.000Z
  Currency: USD
  EUR_USD: ✓ 75 candles
  GBP_USD: ✓ 75 candles
  USD_JPY: ✓ 75 candles
  USD_CHF: ✓ 74 candles
  AUD_USD: ✓ 75 candles
  USD_CAD: ✓ 75 candles

[232/20000] Unemployment Claims
  Type: UNEMPLOYMENT_CLAIMS
  Time: 2024-03-21T15:30:00.000Z
  Currency: USD
  EUR_USD: ✓ 75 candles
  GBP_USD: ✓ 75 candles
  USD_JPY: ✓ 75 candles
  USD_CHF: ✓ 75 candles
  AUD_USD: ✓ 75 candles
  USD_CAD: ✓ 75 candles

[233/20000] BOE Inflation Letter
  Type: BOE_INFLATION_LETTER
  Time: 2024-03-21T15:00:00.000Z
  Currency: GBP
