[dotenv@17.2.3] injecting env (7) from .env.local -- tip: 👥 sync secrets across teammates & machines: https://dotenvx.com/ops
=== Calculate Price Reactions ===

Limit: 100 events

Processing events with candle windows...

Processed 100 events

Advance_GDP_Price_In_2024-01-25_15:30:
  AUD_USD: continuation (12.7 pips DOWN)
  EUR_USD: continuation (6.6 pips DOWN)
  GBP_USD: continuation (13.2 pips DOWN)
  USD_CAD: fade (10.8 pips UP)
  USD_CHF: continuation (8.2 pips UP)
  USD_JPY: continuation (13.6 pips UP)

Advance_GDP_q_q_2024-01-25_15:30:
  AUD_USD: continuation (12.7 pips DOWN)
  EUR_USD: continuation (6.6 pips DOWN)
  GBP_USD: continuation (13.2 pips DOWN)
  USD_CAD: fade (10.8 pips UP)
  USD_CHF: continuation (8.2 pips UP)
  USD_JPY: continuation (13.6 pips UP)

BOC_Business_Outlook_2024-01-15_17:30:
  AUD_USD: spike_reversal (0.8 pips UP)
  EUR_USD: spike_reversal (0.9 pips UP)
  GBP_USD: spike_reversal (2.1 pips UP)
  USD_CAD: spike_reversal (3.3 pips DOWN)
  USD_CHF: continuation (3.4 pips UP)
  USD_JPY: spike_reversal (1.9 pips DOWN)

BOC_Monetary_Policy__2024-01-24_16:45:
  AUD_USD: spike_reversal (4 pips DOWN)
  EUR_USD: spike_reversal (5.9 pips DOWN)
  GBP_USD: spike_reversal (3.7 pips DOWN)
  USD_CAD: spike_reversal (5.6 pips UP)
  USD_CHF: spike_reversal (2.4 pips UP)
  USD_JPY: spike_reversal (5.9 pips UP)

BOC_Monetary_Policy__2024-01-29_16:45:
  AUD_USD: continuation (1.6 pips UP)
  EUR_USD: continuation (2.2 pips UP)
  GBP_USD: continuation (5 pips UP)
  USD_CAD: continuation (2.4 pips DOWN)
  USD_CHF: continuation (1.8 pips DOWN)
  USD_JPY: fade (7.6 pips DOWN)

BOC_Press_Conference_2024-01-24_17:30:
  AUD_USD: continuation (3.1 pips UP)
  EUR_USD: continuation (3.1 pips UP)
  GBP_USD: continuation (2.6 pips DOWN)
  USD_CAD: continuation (2.6 pips UP)
  USD_CHF: continuation (1.2 pips DOWN)
  USD_JPY: spike_reversal (5.4 pips DOWN)

BOC_Press_Conference_2024-01-29_17:30:
  AUD_USD: spike_reversal (1 pips UP)
  EUR_USD: continuation (2 pips DOWN)
  GBP_USD: continuation (1.9 pips DOWN)
  USD_CAD: spike_reversal (1.3 pips DOWN)
  USD_CHF: spike_reversal (0.9 pips DOWN)
  USD_JPY: fade (3.4 pips DOWN)

BOE_Credit_Condition_2024-01-16_11:30:
  AUD_USD: range (3.1 pips UP)
  EUR_USD: continuation (3.8 pips UP)
  GBP_USD: spike_reversal (2.8 pips DOWN)
  USD_CAD: continuation (3.8 pips DOWN)
  USD_CHF: continuation (1.7 pips DOWN)
  USD_JPY: continuation (3.6 pips DOWN)

BOE_Credit_Condition_2024-01-18_11:30:
  AUD_USD: spike_reversal (2.7 pips DOWN)
  EUR_USD: fade (3.5 pips DOWN)
  GBP_USD: spike_reversal (2.4 pips UP)
  USD_CAD: continuation (2.9 pips UP)
  USD_CHF: spike_reversal (3.1 pips UP)
  USD_JPY: spike_reversal (7.1 pips UP)

BOE_Gov_Bailey_Speak_2024-01-10_16:15:
  AUD_USD: spike_reversal (2.6 pips DOWN)
  EUR_USD: range (3.8 pips DOWN)
  GBP_USD: range (5.1 pips DOWN)
  USD_CAD: spike_reversal (3.3 pips UP)
  USD_CHF: spike_reversal (4 pips UP)
  USD_JPY: range (5.6 pips UP)

BOE_Gov_Bailey_Speak_2024-01-16_17:00:
  AUD_USD: continuation (6.7 pips DOWN)
  EUR_USD: continuation (7.1 pips DOWN)
  GBP_USD: continuation (9.3 pips DOWN)
  USD_CAD: continuation (7 pips UP)
  USD_CHF: continuation (5.1 pips UP)
  USD_JPY: continuation (14.3 pips UP)

BOJ_Core_CPI_y_y_2024-01-23_07:00:
  AUD_USD: continuation (2.4 pips DOWN)
  EUR_USD: continuation (2.8 pips DOWN)
  GBP_USD: continuation (4.4 pips DOWN)
  USD_CAD: continuation (1.6 pips UP)
  USD_CHF: continuation (5.8 pips UP)
  USD_JPY: continuation (18.2 pips UP)

BOJ_Outlook_Report_2024-01-23_00:00:
  AUD_USD: spike_reversal (1.8 pips DOWN)
  EUR_USD: spike_reversal (2 pips DOWN)
  GBP_USD: continuation (2.7 pips UP)
  USD_CAD: continuation (1.7 pips DOWN)
  USD_CHF: spike_reversal (1.5 pips UP)
  USD_JPY: spike_reversal (7.2 pips UP)

BOJ_Outlook_Report_2024-01-23_05:09:
  AUD_USD: fade (2.6 pips DOWN)
  EUR_USD: spike_reversal (2 pips DOWN)
  GBP_USD: spike_reversal (2.2 pips DOWN)
  USD_CAD: spike_reversal (1.7 pips UP)
  USD_CHF: spike_reversal (0.6 pips UP)
  USD_JPY: fade (8.3 pips UP)

BOJ_Policy_Rate_2024-01-23_05:09:
  AUD_USD: fade (2.6 pips DOWN)
  EUR_USD: spike_reversal (2 pips DOWN)
  GBP_USD: spike_reversal (2.2 pips DOWN)
  USD_CAD: spike_reversal (1.7 pips UP)
  USD_CHF: spike_reversal (0.6 pips UP)
  USD_JPY: fade (8.3 pips UP)

BOJ_Press_Conference_2024-01-23_08:30:
  AUD_USD: spike_reversal (5 pips UP)
  EUR_USD: spike_reversal (3.9 pips UP)
  GBP_USD: spike_reversal (5.7 pips UP)
  USD_CAD: spike_reversal (4.6 pips DOWN)
  USD_CHF: spike_reversal (6.2 pips DOWN)
  USD_JPY: range (22.6 pips DOWN)

BOJ_Press_Conference_2024-01-24_00:00:
  AUD_USD: continuation (2.1 pips DOWN)
  EUR_USD: continuation (1.4 pips DOWN)
  GBP_USD: fade (3.2 pips UP)
  USD_CAD: continuation (1.7 pips UP)
  USD_CHF: continuation (1 pips UP)
  USD_JPY: fade (10.8 pips DOWN)

CPI_m_m_2024-01-11_15:30:
  AUD_USD: spike_reversal (10.8 pips UP)
  EUR_USD: fade (12.4 pips UP)
  GBP_USD: spike_reversal (12.6 pips UP)
  USD_CAD: spike_reversal (11.4 pips DOWN)
  USD_CHF: spike_reversal (15.3 pips DOWN)
  USD_JPY: spike_reversal (17.2 pips DOWN)

CPI_m_m_2024-01-15_15:30:
  AUD_USD: spike_reversal (3.1 pips DOWN)
  EUR_USD: spike_reversal (5.1 pips DOWN)
  GBP_USD: spike_reversal (6.3 pips DOWN)
  USD_CAD: spike_reversal (2.8 pips DOWN)
  USD_CHF: spike_reversal (1.4 pips DOWN)
  USD_JPY: continuation (3.9 pips UP)

CPI_m_m_2024-01-16_15:30:
  AUD_USD: spike_reversal (4.8 pips DOWN)
  EUR_USD: spike_reversal (8 pips DOWN)
  GBP_USD: spike_reversal (4.3 pips DOWN)
  USD_CAD: spike_reversal (5.9 pips UP)
  USD_CHF: fade (7.6 pips UP)
  USD_JPY: continuation (12.7 pips UP)

CPI_q_q_2024-01-23_23:45:
  AUD_USD: fade (1.2 pips DOWN)
  EUR_USD: fade (2 pips DOWN)
  GBP_USD: spike_reversal (1.4 pips DOWN)
  USD_CAD: continuation (0.6 pips UP)
  USD_CHF: fade (1.8 pips UP)
  USD_JPY: continuation (4.3 pips DOWN)

CPI_q_q_2024-01-29_02:30:
  AUD_USD: spike_reversal (1.4 pips DOWN)
  EUR_USD: continuation (1.7 pips UP)
  GBP_USD: continuation (1.1 pips UP)
  USD_CAD: fade (1.8 pips UP)
  USD_CHF: spike_reversal (0.6 pips UP)
  USD_JPY: spike_reversal (1.4 pips UP)

CPI_y_y_2024-01-10_02:30:
  AUD_USD: continuation (3.6 pips DOWN)
  EUR_USD: spike_reversal (2.2 pips DOWN)
  GBP_USD: continuation (5.5 pips DOWN)
  USD_CAD: range (3.5 pips UP)
  USD_CHF: continuation (2.1 pips UP)
  USD_JPY: range (13.6 pips UP)

CPI_y_y_2024-01-11_15:30:
  AUD_USD: spike_reversal (10.8 pips UP)
  EUR_USD: fade (12.4 pips UP)
  GBP_USD: spike_reversal (12.6 pips UP)
  USD_CAD: spike_reversal (11.4 pips DOWN)
  USD_CHF: spike_reversal (15.3 pips DOWN)
  USD_JPY: spike_reversal (17.2 pips DOWN)

CPI_y_y_2024-01-15_09:00:
  AUD_USD: fade (6.3 pips DOWN)
  EUR_USD: continuation (7.2 pips DOWN)
  GBP_USD: continuation (5.2 pips DOWN)
  USD_CAD: fade (8.7 pips UP)
  USD_CHF: continuation (11 pips UP)
  USD_JPY: continuation (9.5 pips UP)

CPI_y_y_2024-01-17_09:00:
  AUD_USD: spike_reversal (4 pips DOWN)
  EUR_USD: continuation (3.8 pips DOWN)
  GBP_USD: spike_reversal (8.2 pips DOWN)
  USD_CAD: continuation (2.8 pips UP)
  USD_CHF: continuation (4 pips UP)
  USD_JPY: spike_reversal (5 pips UP)

Common_CPI_y_y_2024-01-16_15:30:
  AUD_USD: spike_reversal (4.8 pips DOWN)
  EUR_USD: spike_reversal (8 pips DOWN)
  GBP_USD: spike_reversal (4.3 pips DOWN)
  USD_CAD: spike_reversal (5.9 pips UP)
  USD_CHF: fade (7.6 pips UP)
  USD_JPY: continuation (12.7 pips UP)

Core_CPI_m_m_2024-01-11_15:30:
  AUD_USD: spike_reversal (10.8 pips UP)
  EUR_USD: fade (12.4 pips UP)
  GBP_USD: spike_reversal (12.6 pips UP)
  USD_CAD: spike_reversal (11.4 pips DOWN)
  USD_CHF: spike_reversal (15.3 pips DOWN)
  USD_JPY: spike_reversal (17.2 pips DOWN)

Core_CPI_m_m_2024-01-16_15:30:
  AUD_USD: spike_reversal (4.8 pips DOWN)
  EUR_USD: spike_reversal (8 pips DOWN)
  GBP_USD: spike_reversal (4.3 pips DOWN)
  USD_CAD: spike_reversal (5.9 pips UP)
  USD_CHF: fade (7.6 pips UP)
  USD_JPY: continuation (12.7 pips UP)

Core_CPI_y_y_2024-01-17_09:00:
  AUD_USD: spike_reversal (4 pips DOWN)
  EUR_USD: continuation (3.8 pips DOWN)
  GBP_USD: spike_reversal (8.2 pips DOWN)
  USD_CAD: continuation (2.8 pips UP)
  USD_CHF: continuation (4 pips UP)
  USD_JPY: spike_reversal (5 pips UP)

Core_PPI_m_m_2024-01-12_15:30:
  AUD_USD: spike_reversal (7.2 pips UP)
  EUR_USD: spike_reversal (4.2 pips UP)
  GBP_USD: spike_reversal (5.4 pips UP)
  USD_CAD: spike_reversal (4.8 pips DOWN)
  USD_CHF: spike_reversal (3.6 pips DOWN)
  USD_JPY: spike_reversal (10.6 pips DOWN)

Core_Retail_Sales_m__2024-01-16_15:30:
  AUD_USD: spike_reversal (4.8 pips DOWN)
  EUR_USD: spike_reversal (8 pips DOWN)
  GBP_USD: spike_reversal (4.3 pips DOWN)
  USD_CAD: spike_reversal (5.9 pips UP)
  USD_CHF: fade (7.6 pips UP)
  USD_JPY: continuation (12.7 pips UP)

Core_Retail_Sales_m__2024-01-17_15:30:
  AUD_USD: range (7.1 pips DOWN)
  EUR_USD: continuation (4.8 pips DOWN)
  GBP_USD: spike_reversal (9 pips DOWN)
  USD_CAD: continuation (7.1 pips UP)
  USD_CHF: fade (3.4 pips DOWN)
  USD_JPY: continuation (16.3 pips UP)

Core_Retail_Sales_m__2024-01-19_15:30:
  AUD_USD: spike_reversal (4.4 pips DOWN)
  EUR_USD: spike_reversal (4.4 pips DOWN)
  GBP_USD: spike_reversal (4.6 pips DOWN)
  USD_CAD: spike_reversal (10.4 pips UP)
  USD_CHF: spike_reversal (3.4 pips UP)
  USD_JPY: spike_reversal (5.7 pips UP)

ECB_Economic_Bulleti_2024-01-11_11:00:
  AUD_USD: continuation (3.4 pips UP)
  EUR_USD: continuation (9 pips UP)
  GBP_USD: continuation (10.8 pips UP)
  USD_CAD: continuation (3.8 pips DOWN)
  USD_CHF: continuation (4.4 pips DOWN)
  USD_JPY: spike_reversal (13 pips UP)

ECB_Monetary_Policy__2024-01-18_14:30:
  AUD_USD: fade (7.1 pips UP)
  EUR_USD: spike_reversal (5.4 pips UP)
  GBP_USD: continuation (7.2 pips UP)
  USD_CAD: spike_reversal (5.1 pips UP)
  USD_CHF: spike_reversal (7.4 pips DOWN)
  USD_JPY: spike_reversal (14.2 pips DOWN)

ECB_President_Lagard_2024-01-17_17:15:
  AUD_USD: spike_reversal (2.1 pips UP)
  EUR_USD: range (1.6 pips DOWN)
  GBP_USD: continuation (2 pips UP)
  USD_CAD: range (4.6 pips UP)
  USD_CHF: continuation (4.4 pips DOWN)
  USD_JPY: range (3.9 pips DOWN)

ECB_President_Lagard_2024-01-18_17:15:
  AUD_USD: range (4.5 pips UP)
  EUR_USD: continuation (5.2 pips UP)
  GBP_USD: continuation (6.7 pips UP)
  USD_CAD: continuation (5.2 pips DOWN)
  USD_CHF: range (3.8 pips DOWN)
  USD_JPY: fade (4 pips DOWN)

ECB_President_Lagard_2024-01-19_12:00:
  AUD_USD: continuation (1.4 pips DOWN)
  EUR_USD: continuation (2.6 pips DOWN)
  GBP_USD: fade (3.2 pips DOWN)
  USD_CAD: spike_reversal (2.8 pips DOWN)
  USD_CHF: range (1.9 pips UP)
  USD_JPY: continuation (2.4 pips UP)

ECB_Press_Conference_2024-01-25_15:45:
  AUD_USD: spike_reversal (5.4 pips UP)
  EUR_USD: spike_reversal (3.1 pips UP)
  GBP_USD: fade (5.2 pips DOWN)
  USD_CAD: continuation (6.2 pips DOWN)
  USD_CHF: range (8 pips UP)
  USD_JPY: continuation (9.8 pips UP)

Employment_Change_2024-01-16_02:30:
  AUD_USD: continuation (7.5 pips DOWN)
  EUR_USD: continuation (3.1 pips DOWN)
  GBP_USD: continuation (5.4 pips DOWN)
  USD_CAD: continuation (4.6 pips UP)
  USD_CHF: fade (2.5 pips UP)
  USD_JPY: fade (10.5 pips UP)

Employment_Change_2024-01-18_02:30:
  AUD_USD: continuation (3.2 pips DOWN)
  EUR_USD: range (1.4 pips DOWN)
  GBP_USD: spike_reversal (1.4 pips UP)
  USD_CAD: continuation (4 pips UP)
  USD_CHF: continuation (2.1 pips UP)
  USD_JPY: continuation (4 pips UP)

FOMC_Member_Barr_Spe_2024-01-09_19:00:
  AUD_USD: fade (1.3 pips UP)
  EUR_USD: fade (2.5 pips UP)
  GBP_USD: fade (2.3 pips UP)
  USD_CAD: continuation (2.3 pips UP)
  USD_CHF: fade (1.8 pips DOWN)
  USD_JPY: range (4.5 pips DOWN)

FOMC_Member_Barr_Spe_2024-01-17_16:00:
  AUD_USD: fade (7.4 pips UP)
  EUR_USD: fade (12.3 pips UP)
  GBP_USD: continuation (9.1 pips UP)
  USD_CAD: spike_reversal (7.8 pips DOWN)
  USD_CHF: continuation (12.8 pips DOWN)
  USD_JPY: fade (14.7 pips DOWN)

FOMC_Member_Bostic_S_2024-01-18_19:05:
  AUD_USD: continuation (1.2 pips UP)
  EUR_USD: spike_reversal (3.6 pips UP)
  GBP_USD: fade (1.9 pips DOWN)
  USD_CAD: range (2.4 pips DOWN)
  USD_CHF: range (3 pips DOWN)
  USD_JPY: continuation (2.9 pips DOWN)

FOMC_Member_Bowman_S_2024-01-17_16:00:
  AUD_USD: fade (7.4 pips UP)
  EUR_USD: fade (12.3 pips UP)
  GBP_USD: continuation (9.1 pips UP)
  USD_CAD: spike_reversal (7.8 pips DOWN)
  USD_CHF: continuation (12.8 pips DOWN)
  USD_JPY: fade (14.7 pips DOWN)

FOMC_Member_Waller_S_2024-01-16_18:00:
  AUD_USD: fade (1.2 pips DOWN)
  EUR_USD: continuation (1.2 pips UP)
  GBP_USD: spike_reversal (4.6 pips DOWN)
  USD_CAD: fade (3.1 pips UP)
  USD_CHF: spike_reversal (1.9 pips UP)
  USD_JPY: range (6.6 pips DOWN)

FOMC_Member_Williams_2024-01-10_22:15:
  AUD_USD: ✗ Missing critical candles
  EUR_USD: ✗ Missing critical candles
  GBP_USD: ✗ Missing critical candles
  USD_CAD: ✗ Missing critical candles
  USD_CHF: ✗ Missing critical candles
  USD_JPY: ✗ Missing critical candles

FOMC_Member_Williams_2024-01-17_22:00:
  AUD_USD: ✗ Missing critical candles
  EUR_USD: ✗ Missing critical candles
  GBP_USD: ✗ Missing critical candles
  USD_CAD: ✗ Missing critical candles
  USD_CHF: ✗ Missing critical candles
  USD_JPY: ✗ Missing critical candles

FOMC_Press_Conferenc_2024-01-29_21:30:
  AUD_USD: fade (1.7 pips DOWN)
  EUR_USD: fade (0.9 pips DOWN)
  GBP_USD: range (2.4 pips DOWN)
  USD_CAD: fade (2.5 pips UP)
  USD_CHF: fade (2.5 pips UP)
  USD_JPY: spike_reversal (3.3 pips UP)

FOMC_Statement_2024-01-29_21:00:
  AUD_USD: fade (4.3 pips DOWN)
  EUR_USD: spike_reversal (4.7 pips DOWN)
  GBP_USD: fade (4 pips DOWN)
  USD_CAD: continuation (2.5 pips UP)
  USD_CHF: spike_reversal (1.6 pips UP)
  USD_JPY: fade (8.2 pips UP)

Final_CPI_y_y_2024-01-17_12:00:
  AUD_USD: continuation (3 pips UP)
  EUR_USD: continuation (3.4 pips DOWN)
  GBP_USD: continuation (4.7 pips DOWN)
  USD_CAD: continuation (1.8 pips DOWN)
  USD_CHF: continuation (2.3 pips UP)
  USD_JPY: spike_reversal (4.3 pips DOWN)

Final_Core_CPI_y_y_2024-01-17_12:00:
  AUD_USD: continuation (3 pips UP)
  EUR_USD: continuation (3.4 pips DOWN)
  GBP_USD: continuation (4.7 pips DOWN)
  USD_CAD: continuation (1.8 pips DOWN)
  USD_CHF: continuation (2.3 pips UP)
  USD_JPY: spike_reversal (4.3 pips DOWN)

French_Final_CPI_m_m_2024-01-12_09:45:
  AUD_USD: continuation (3.5 pips DOWN)
  EUR_USD: continuation (3.1 pips DOWN)
  GBP_USD: continuation (7.2 pips DOWN)
  USD_CAD: continuation (3.9 pips UP)
  USD_CHF: range (6.3 pips UP)
  USD_JPY: continuation (6.1 pips UP)

French_Flash_GDP_q_q_2024-01-30_08:30:
  AUD_USD: fade (2.6 pips DOWN)
  EUR_USD: continuation (3.6 pips UP)
  GBP_USD: spike_reversal (3.9 pips UP)
  USD_CAD: spike_reversal (2.6 pips UP)
  USD_CHF: continuation (2.5 pips DOWN)
  USD_JPY: continuation (4.7 pips DOWN)

French_Prelim_CPI_m__2024-01-30_09:45:
  AUD_USD: continuation (3.6 pips UP)
  EUR_USD: spike_reversal (2.5 pips DOWN)
  GBP_USD: spike_reversal (1.8 pips DOWN)
  USD_CAD: continuation (1 pips DOWN)
  USD_CHF: spike_reversal (5.2 pips UP)
  USD_JPY: spike_reversal (3.3 pips UP)

GDP_m_m_2024-01-12_09:00:
  AUD_USD: continuation (3.1 pips DOWN)
  EUR_USD: spike_reversal (2.4 pips UP)
  GBP_USD: spike_reversal (2.6 pips UP)
  USD_CAD: spike_reversal (4.2 pips DOWN)
  USD_CHF: spike_reversal (3.2 pips DOWN)
  USD_JPY: fade (5.6 pips UP)

German_PPI_m_m_2024-01-19_09:00:
  AUD_USD: spike_reversal (1.6 pips DOWN)
  EUR_USD: spike_reversal (7.7 pips DOWN)
  GBP_USD: spike_reversal (6.4 pips DOWN)
  USD_CAD: continuation (3.4 pips DOWN)
  USD_CHF: fade (6.2 pips UP)
  USD_JPY: spike_reversal (8 pips UP)

German_Prelim_GDP_q__2024-01-30_11:00:
  AUD_USD: spike_reversal (0.8 pips UP)
  EUR_USD: continuation (1.5 pips UP)
  GBP_USD: spike_reversal (2.3 pips UP)
  USD_CAD: continuation (1.6 pips UP)
  USD_CHF: spike_reversal (3 pips DOWN)
  USD_JPY: continuation (2.7 pips UP)

IPPI_m_m_2024-01-17_15:30:
  AUD_USD: range (7.1 pips DOWN)
  EUR_USD: continuation (4.8 pips DOWN)
  GBP_USD: spike_reversal (9 pips DOWN)
  USD_CAD: continuation (7.1 pips UP)
  USD_CHF: fade (3.4 pips DOWN)
  USD_JPY: continuation (16.3 pips UP)

Italian_Monthly_Unem_2024-01-30_11:00:
  AUD_USD: spike_reversal (0.8 pips UP)
  EUR_USD: continuation (1.5 pips UP)
  GBP_USD: spike_reversal (2.3 pips UP)
  USD_CAD: continuation (1.6 pips UP)
  USD_CHF: spike_reversal (3 pips DOWN)
  USD_JPY: continuation (2.7 pips UP)

Italian_Prelim_CPI_m_2024-01-29_12:00:
  AUD_USD: range (1.8 pips UP)
  EUR_USD: range (3.4 pips UP)
  GBP_USD: continuation (5 pips UP)
  USD_CAD: continuation (3 pips DOWN)
  USD_CHF: fade (1.3 pips UP)
  USD_JPY: continuation (2.8 pips UP)

Italian_Retail_Sales_2024-01-10_11:00:
  AUD_USD: spike_reversal (1.1 pips UP)
  EUR_USD: spike_reversal (2.9 pips UP)
  GBP_USD: fade (3.4 pips UP)
  USD_CAD: spike_reversal (2 pips DOWN)
  USD_CHF: continuation (1.6 pips UP)
  USD_JPY: continuation (4.3 pips UP)

MI_Inflation_Expecta_2024-01-18_02:03:
  AUD_USD: spike_reversal (4 pips UP)
  EUR_USD: spike_reversal (2.6 pips UP)
  GBP_USD: spike_reversal (3.4 pips UP)
  USD_CAD: spike_reversal (2.4 pips DOWN)
  USD_CHF: spike_reversal (2.4 pips DOWN)
  USD_JPY: spike_reversal (4.9 pips DOWN)

MI_Inflation_Gauge_m_2024-01-15_02:13:
  AUD_USD: continuation (1.4 pips UP)
  EUR_USD: continuation (4.5 pips UP)
  GBP_USD: continuation (5.4 pips UP)
  USD_CAD: continuation (3.4 pips DOWN)
  USD_CHF: spike_reversal (1.5 pips UP)
  USD_JPY: range (8 pips DOWN)

Median_CPI_y_y_2024-01-16_15:30:
  AUD_USD: spike_reversal (4.8 pips DOWN)
  EUR_USD: spike_reversal (8 pips DOWN)
  GBP_USD: spike_reversal (4.3 pips DOWN)
  USD_CAD: spike_reversal (5.9 pips UP)
  USD_CHF: fade (7.6 pips UP)
  USD_JPY: continuation (12.7 pips UP)

NIESR_GDP_Estimate_2024-01-10_00:00:
  AUD_USD: continuation (1.2 pips UP)
  EUR_USD: range (3 pips UP)
  GBP_USD: range (4.9 pips UP)
  USD_CAD: continuation (3.8 pips DOWN)
  USD_CHF: range (1.6 pips DOWN)
  USD_JPY: continuation (4.6 pips UP)

NIESR_GDP_Estimate_2024-01-12_14:35:
  AUD_USD: range (4.5 pips UP)
  EUR_USD: continuation (8.4 pips UP)
  GBP_USD: continuation (9.6 pips UP)
  USD_CAD: fade (5.6 pips DOWN)
  USD_CHF: continuation (6.3 pips DOWN)
  USD_JPY: range (11.4 pips DOWN)

National_Core_CPI_y__2024-01-19_01:30:
  AUD_USD: continuation (4.7 pips UP)
  EUR_USD: continuation (2.5 pips UP)
  GBP_USD: continuation (2.2 pips UP)
  USD_CAD: continuation (2.8 pips DOWN)
  USD_CHF: continuation (3.4 pips DOWN)
  USD_JPY: fade (6.1 pips DOWN)

National_Core_CPI_y__2024-01-24_01:30:
  AUD_USD: spike_reversal (6.1 pips UP)
  EUR_USD: range (3.4 pips UP)
  GBP_USD: spike_reversal (6.8 pips UP)
  USD_CAD: spike_reversal (4 pips DOWN)
  USD_CHF: range (3.8 pips DOWN)
  USD_JPY: continuation (4.4 pips DOWN)

Non_Farm_Employment__2024-01-10_15:30:
  AUD_USD: range (6.2 pips UP)
  EUR_USD: continuation (12 pips UP)
  GBP_USD: range (14.7 pips UP)
  USD_CAD: continuation (5.2 pips UP)
  USD_CHF: range (9.3 pips DOWN)
  USD_JPY: spike_reversal (14.4 pips DOWN)

PPI_Input_m_m_2024-01-17_09:00:
  AUD_USD: spike_reversal (4 pips DOWN)
  EUR_USD: continuation (3.8 pips DOWN)
  GBP_USD: spike_reversal (8.2 pips DOWN)
  USD_CAD: continuation (2.8 pips UP)
  USD_CHF: continuation (4 pips UP)
  USD_JPY: spike_reversal (5 pips UP)

PPI_Output_m_m_2024-01-17_09:00:
  AUD_USD: spike_reversal (4 pips DOWN)
  EUR_USD: continuation (3.8 pips DOWN)
  GBP_USD: spike_reversal (8.2 pips DOWN)
  USD_CAD: continuation (2.8 pips UP)
  USD_CHF: continuation (4 pips UP)
  USD_JPY: spike_reversal (5 pips UP)

PPI_m_m_2024-01-12_15:30:
  AUD_USD: spike_reversal (7.2 pips UP)
  EUR_USD: spike_reversal (4.2 pips UP)
  GBP_USD: spike_reversal (5.4 pips UP)
  USD_CAD: spike_reversal (4.8 pips DOWN)
  USD_CHF: spike_reversal (3.6 pips DOWN)
  USD_JPY: spike_reversal (10.6 pips DOWN)

PPI_m_m_2024-01-19_09:30:
  AUD_USD: fade (3.8 pips DOWN)
  EUR_USD: fade (2 pips DOWN)
  GBP_USD: continuation (3.4 pips DOWN)
  USD_CAD: fade (4.5 pips UP)
  USD_CHF: fade (6.5 pips UP)
  USD_JPY: spike_reversal (10.1 pips UP)

PPI_y_y_2024-01-16_01:50:
  AUD_USD: spike_reversal (1.8 pips UP)
  EUR_USD: continuation (2 pips DOWN)
  GBP_USD: continuation (1.7 pips DOWN)
  USD_CAD: continuation (3.9 pips UP)
  USD_CHF: continuation (1.3 pips UP)
  USD_JPY: spike_reversal (6.1 pips DOWN)

Prelim_UoM_Inflation_2024-01-19_17:00:
  AUD_USD: continuation (1.9 pips UP)
  EUR_USD: spike_reversal (3.2 pips DOWN)
  GBP_USD: spike_reversal (4 pips DOWN)
  USD_CAD: continuation (2.5 pips DOWN)
  USD_CHF: spike_reversal (3 pips UP)
  USD_JPY: continuation (4.4 pips DOWN)

RBA_Bulletin_2024-01-25_02:30:
  AUD_USD: continuation (1.4 pips DOWN)
  EUR_USD: fade (1.2 pips UP)
  GBP_USD: continuation (1.1 pips DOWN)
  USD_CAD: range (3.3 pips UP)
  USD_CHF: continuation (1.4 pips UP)
  USD_JPY: continuation (2.3 pips UP)

Retail_Sales_m_m_2024-01-17_09:00:
  AUD_USD: spike_reversal (4 pips DOWN)
  EUR_USD: continuation (3.8 pips DOWN)
  GBP_USD: spike_reversal (8.2 pips DOWN)
  USD_CAD: continuation (2.8 pips UP)
  USD_CHF: continuation (4 pips UP)
  USD_JPY: spike_reversal (5 pips UP)

Retail_Sales_m_m_2024-01-17_15:30:
  AUD_USD: range (7.1 pips DOWN)
  EUR_USD: continuation (4.8 pips DOWN)
  GBP_USD: spike_reversal (9 pips DOWN)
  USD_CAD: continuation (7.1 pips UP)
  USD_CHF: fade (3.4 pips DOWN)
  USD_JPY: continuation (16.3 pips UP)

Retail_Sales_m_m_2024-01-19_09:00:
  AUD_USD: spike_reversal (1.6 pips DOWN)
  EUR_USD: spike_reversal (7.7 pips DOWN)
  GBP_USD: spike_reversal (6.4 pips DOWN)
  USD_CAD: continuation (3.4 pips DOWN)
  USD_CHF: fade (6.2 pips UP)
  USD_JPY: spike_reversal (8 pips UP)

Retail_Sales_m_m_2024-01-19_15:30:
  AUD_USD: spike_reversal (4.4 pips DOWN)
  EUR_USD: spike_reversal (4.4 pips DOWN)
  GBP_USD: spike_reversal (4.6 pips DOWN)
  USD_CAD: spike_reversal (10.4 pips UP)
  USD_CHF: spike_reversal (3.4 pips UP)
  USD_JPY: spike_reversal (5.7 pips UP)

Retail_Sales_m_m_2024-01-30_02:30:
  AUD_USD: fade (1.3 pips DOWN)
  EUR_USD: continuation (1 pips UP)
  GBP_USD: continuation (1.1 pips UP)
  USD_CAD: continuation (0.9 pips DOWN)
  USD_CHF: continuation (0.6 pips DOWN)
  USD_JPY: range (4.4 pips UP)

Retail_Sales_y_y_2024-01-30_09:30:
  AUD_USD: continuation (3.3 pips UP)
  EUR_USD: continuation (6.6 pips UP)
  GBP_USD: continuation (4.6 pips UP)
  USD_CAD: continuation (1.9 pips DOWN)
  USD_CHF: continuation (1.7 pips DOWN)
  USD_JPY: fade (3.8 pips DOWN)

SNB_Chairman_Jordan__2024-01-18_12:30:
  AUD_USD: continuation (6.8 pips DOWN)
  EUR_USD: continuation (6.8 pips DOWN)
  GBP_USD: fade (7.3 pips DOWN)
  USD_CAD: continuation (6.2 pips UP)
  USD_CHF: continuation (6.8 pips UP)
  USD_JPY: continuation (10.2 pips UP)

SPPI_y_y_2024-01-26_01:50:
  AUD_USD: spike_reversal (1.3 pips DOWN)
  EUR_USD: continuation (3 pips UP)
  GBP_USD: spike_reversal (1 pips DOWN)
  USD_CAD: continuation (1.3 pips DOWN)
  USD_CHF: range (2.6 pips DOWN)
  USD_JPY: spike_reversal (5.4 pips DOWN)

Spanish_Flash_CPI_y__2024-01-30_10:00:
  AUD_USD: continuation (3.6 pips DOWN)
  EUR_USD: spike_reversal (3.8 pips DOWN)
  GBP_USD: continuation (3.7 pips DOWN)
  USD_CAD: range (2.5 pips DOWN)
  USD_CHF: fade (1.9 pips DOWN)
  USD_JPY: continuation (4.8 pips DOWN)

Spanish_Unemployment_2024-01-24_10:00:
  AUD_USD: continuation (1.6 pips DOWN)
  EUR_USD: continuation (3.4 pips DOWN)
  GBP_USD: continuation (3.5 pips DOWN)
  USD_CAD: continuation (1.8 pips UP)
  USD_CHF: continuation (3.5 pips UP)
  USD_JPY: range (6.5 pips UP)

Spanish_Unemployment_2024-01-26_10:00:
  AUD_USD: continuation (4.3 pips UP)
  EUR_USD: continuation (9.8 pips UP)
  GBP_USD: continuation (9.2 pips UP)
  USD_CAD: continuation (2 pips DOWN)
  USD_CHF: continuation (6 pips DOWN)
  USD_JPY: continuation (9.5 pips DOWN)

Tokyo_Core_CPI_y_y_2024-01-26_01:30:
  AUD_USD: spike_reversal (3.1 pips DOWN)
  EUR_USD: spike_reversal (1.5 pips DOWN)
  GBP_USD: spike_reversal (2.4 pips DOWN)
  USD_CAD: spike_reversal (2 pips UP)
  USD_CHF: spike_reversal (1.4 pips UP)
  USD_JPY: fade (3.9 pips UP)

Trimmed_CPI_y_y_2024-01-16_15:30:
  AUD_USD: spike_reversal (4.8 pips DOWN)
  EUR_USD: spike_reversal (8 pips DOWN)
  GBP_USD: spike_reversal (4.3 pips DOWN)
  USD_CAD: spike_reversal (5.9 pips UP)
  USD_CHF: fade (7.6 pips UP)
  USD_JPY: continuation (12.7 pips UP)

Unemployment_Claims_2024-01-09_15:30:
  AUD_USD: fade (4 pips UP)
  EUR_USD: continuation (3.4 pips DOWN)
  GBP_USD: spike_reversal (5.2 pips UP)
  USD_CAD: fade (9.4 pips DOWN)
  USD_CHF: continuation (2.4 pips UP)
  USD_JPY: continuation (24.3 pips UP)

Unemployment_Claims_2024-01-11_15:30:
  AUD_USD: spike_reversal (10.8 pips UP)
  EUR_USD: fade (12.4 pips UP)
  GBP_USD: spike_reversal (12.6 pips UP)
  USD_CAD: spike_reversal (11.4 pips DOWN)
  USD_CHF: spike_reversal (15.3 pips DOWN)
  USD_JPY: spike_reversal (17.2 pips DOWN)

Unemployment_Claims_2024-01-18_15:30:
  AUD_USD: fade (7.4 pips UP)
  EUR_USD: fade (8.4 pips UP)
  GBP_USD: fade (9.4 pips UP)
  USD_CAD: spike_reversal (6.7 pips DOWN)
  USD_CHF: fade (6 pips DOWN)
  USD_JPY: fade (7.9 pips DOWN)

Unemployment_Claims_2024-01-23_15:30:
  AUD_USD: continuation (9.1 pips DOWN)
  EUR_USD: range (8.7 pips DOWN)
  GBP_USD: continuation (9.8 pips DOWN)
  USD_CAD: continuation (11.1 pips UP)
  USD_CHF: spike_reversal (8.9 pips UP)
  USD_JPY: continuation (15.9 pips UP)

Unemployment_Claims_2024-01-25_15:30:
  AUD_USD: continuation (12.7 pips DOWN)
  EUR_USD: continuation (6.6 pips DOWN)
  GBP_USD: continuation (13.2 pips DOWN)
  USD_CAD: fade (10.8 pips UP)
  USD_CHF: continuation (8.2 pips UP)
  USD_JPY: continuation (13.6 pips UP)

Unemployment_Rate_2024-01-09_12:00:
  AUD_USD: spike_reversal (2 pips DOWN)
  EUR_USD: spike_reversal (2.3 pips DOWN)
  GBP_USD: spike_reversal (3.6 pips DOWN)
  USD_CAD: spike_reversal (3.4 pips UP)
  USD_CHF: spike_reversal (6.1 pips UP)
  USD_JPY: spike_reversal (5.7 pips UP)

Unemployment_Rate_2024-01-16_09:00:
  AUD_USD: spike_reversal (2.8 pips UP)
  EUR_USD: continuation (13 pips DOWN)
  GBP_USD: continuation (4.7 pips DOWN)
  USD_CAD: spike_reversal (3 pips DOWN)
  USD_CHF: spike_reversal (6.4 pips UP)
  USD_JPY: fade (6.6 pips UP)

Unemployment_Rate_2024-01-18_02:30:
  AUD_USD: continuation (3.2 pips DOWN)
  EUR_USD: range (1.4 pips DOWN)
  GBP_USD: spike_reversal (1.4 pips UP)
  USD_CAD: continuation (4 pips UP)
  USD_CHF: continuation (2.1 pips UP)
  USD_JPY: continuation (4 pips UP)

Unemployment_Rate_2024-01-30_01:30:
  AUD_USD: continuation (2.7 pips DOWN)
  EUR_USD: spike_reversal (1.6 pips UP)
  GBP_USD: range (2.6 pips UP)
  USD_CAD: fade (2.9 pips UP)
  USD_CHF: spike_reversal (0.8 pips DOWN)
  USD_JPY: range (7.2 pips DOWN)

Done!
[dotenv@17.2.3] injecting env (7) from .env.local -- tip: 🔑 add access controls to secrets: https://dotenvx.com/ops
=== Calculate Price Reactions ===

Limit: 100 events

Processing events with candle windows...

Processed 100 events

ADP_Non_Farm_Employm_2024-01-04_15:15:
  AUD_USD: continuation (2.9 pips UP)
  EUR_USD: continuation (3.2 pips UP)
  GBP_USD: range (6.5 pips UP)
  USD_CAD: continuation (7.1 pips DOWN)
  USD_CHF: continuation (3.6 pips DOWN)
  USD_JPY: continuation (12.7 pips DOWN)

ADP_Non_Farm_Employm_2024-01-08_15:15:
  AUD_USD: continuation (6.4 pips UP)
  EUR_USD: continuation (7.6 pips UP)
  GBP_USD: continuation (11.6 pips UP)
  USD_CAD: continuation (9.6 pips DOWN)
  USD_CHF: continuation (6.6 pips DOWN)
  USD_JPY: continuation (10.8 pips DOWN)

BOJ_Core_CPI_y_y_2024-02-29_19:02:
  AUD_USD: fade (1.6 pips DOWN)
  EUR_USD: spike_reversal (1.7 pips UP)
  GBP_USD: fade (2.7 pips DOWN)
  USD_CAD: range (4 pips DOWN)
  USD_CHF: continuation (2.5 pips UP)
  USD_JPY: spike_reversal (2.4 pips DOWN)

BRC_Retail_Sales_Mon_2024-01-09_02:01:
  AUD_USD: spike_reversal (5.4 pips UP)
  EUR_USD: fade (1.8 pips UP)
  GBP_USD: spike_reversal (3.4 pips UP)
  USD_CAD: range (3.6 pips DOWN)
  USD_CHF: continuation (1.6 pips UP)
  USD_JPY: spike_reversal (6 pips DOWN)

CPI_Flash_Estimate_y_2024-01-05_12:00:
  AUD_USD: continuation (2 pips UP)
  EUR_USD: fade (5.1 pips UP)
  GBP_USD: continuation (3.7 pips UP)
  USD_CAD: continuation (2 pips DOWN)
  USD_CHF: fade (4.8 pips DOWN)
  USD_JPY: spike_reversal (4.2 pips UP)

CPI_Flash_Estimate_y_2024-03-01_12:00:
  AUD_USD: continuation (1.8 pips DOWN)
  EUR_USD: continuation (1.9 pips UP)
  GBP_USD: continuation (3.8 pips DOWN)
  USD_CAD: continuation (2 pips UP)
  USD_CHF: spike_reversal (2.4 pips DOWN)
  USD_JPY: spike_reversal (2.5 pips DOWN)

CPI_m_m_2024-01-08_09:30:
  AUD_USD: spike_reversal (4.3 pips DOWN)
  EUR_USD: spike_reversal (5.8 pips DOWN)
  GBP_USD: spike_reversal (7 pips DOWN)
  USD_CAD: spike_reversal (5.6 pips UP)
  USD_CHF: spike_reversal (6.1 pips UP)
  USD_JPY: continuation (7.1 pips DOWN)

CPI_m_m_2024-02-20_15:30:
  AUD_USD: fade (6.4 pips DOWN)
  EUR_USD: fade (10.3 pips DOWN)
  GBP_USD: fade (12.9 pips DOWN)
  USD_CAD: spike_reversal (9 pips UP)
  USD_CHF: fade (10 pips UP)
  USD_JPY: continuation (5.4 pips UP)

CPI_y_y_2024-02-28_02:30:
  AUD_USD: continuation (2.9 pips DOWN)
  EUR_USD: continuation (1 pips DOWN)
  GBP_USD: continuation (1.8 pips DOWN)
  USD_CAD: continuation (1.4 pips UP)
  USD_CHF: continuation (1.4 pips UP)
  USD_JPY: spike_reversal (1.8 pips DOWN)

Common_CPI_y_y_2024-02-20_15:30:
  AUD_USD: fade (6.4 pips DOWN)
  EUR_USD: fade (10.3 pips DOWN)
  GBP_USD: fade (12.9 pips DOWN)
  USD_CAD: spike_reversal (9 pips UP)
  USD_CHF: fade (10 pips UP)
  USD_JPY: continuation (5.4 pips UP)

Core_CPI_Flash_Estim_2024-01-05_12:00:
  AUD_USD: continuation (2 pips UP)
  EUR_USD: fade (5.1 pips UP)
  GBP_USD: continuation (3.7 pips UP)
  USD_CAD: continuation (2 pips DOWN)
  USD_CHF: fade (4.8 pips DOWN)
  USD_JPY: spike_reversal (4.2 pips UP)

Core_CPI_Flash_Estim_2024-03-01_12:00:
  AUD_USD: continuation (1.8 pips DOWN)
  EUR_USD: continuation (1.9 pips UP)
  GBP_USD: continuation (3.8 pips DOWN)
  USD_CAD: continuation (2 pips UP)
  USD_CHF: spike_reversal (2.4 pips DOWN)
  USD_JPY: spike_reversal (2.5 pips DOWN)

Core_CPI_m_m_2024-02-20_15:30:
  AUD_USD: fade (6.4 pips DOWN)
  EUR_USD: fade (10.3 pips DOWN)
  GBP_USD: fade (12.9 pips DOWN)
  USD_CAD: spike_reversal (9 pips UP)
  USD_CHF: fade (10 pips UP)
  USD_JPY: continuation (5.4 pips UP)

Core_PPI_m_m_2024-02-16_15:30:
  AUD_USD: spike_reversal (4.4 pips DOWN)
  EUR_USD: spike_reversal (2.7 pips DOWN)
  GBP_USD: spike_reversal (3.9 pips DOWN)
  USD_CAD: spike_reversal (4.1 pips UP)
  USD_CHF: spike_reversal (3.8 pips UP)
  USD_JPY: continuation (6.1 pips DOWN)

Core_Retail_Sales_m__2024-02-22_15:30:
  AUD_USD: spike_reversal (2 pips UP)
  EUR_USD: fade (5 pips UP)
  GBP_USD: continuation (2.9 pips DOWN)
  USD_CAD: fade (3.7 pips DOWN)
  USD_CHF: spike_reversal (2.6 pips DOWN)
  USD_JPY: spike_reversal (4.6 pips DOWN)

Core_Retail_Sales_q__2024-02-22_23:45:
  AUD_USD: fade (1.1 pips DOWN)
  EUR_USD: fade (0.5 pips DOWN)
  GBP_USD: fade (3.2 pips DOWN)
  USD_CAD: spike_reversal (0.3 pips DOWN)
  USD_CHF: fade (0.9 pips UP)
  USD_JPY: fade (0.8 pips UP)

ECB_Monetary_Policy__2024-02-22_14:30:
  AUD_USD: fade (2.4 pips DOWN)
  EUR_USD: fade (2.7 pips DOWN)
  GBP_USD: spike_reversal (5 pips DOWN)
  USD_CAD: range (5.7 pips DOWN)
  USD_CHF: fade (5 pips UP)
  USD_JPY: fade (5 pips UP)

ECB_President_Lagard_2024-02-26_18:00:
  AUD_USD: continuation (2.1 pips DOWN)
  EUR_USD: range (2.6 pips DOWN)
  GBP_USD: continuation (2.6 pips DOWN)
  USD_CAD: spike_reversal (2.8 pips UP)
  USD_CHF: continuation (2.4 pips UP)
  USD_JPY: continuation (3.2 pips UP)

Employment_Change_2024-01-05_15:30:
  AUD_USD: continuation (7.4 pips DOWN)
  EUR_USD: continuation (8.3 pips DOWN)
  GBP_USD: continuation (11.1 pips DOWN)
  USD_CAD: continuation (10 pips UP)
  USD_CHF: spike_reversal (8 pips DOWN)
  USD_JPY: continuation (17.2 pips UP)

FOMC_Meeting_Minutes_2024-01-03_21:00:
  AUD_USD: continuation (1.2 pips UP)
  EUR_USD: continuation (1.6 pips UP)
  GBP_USD: continuation (1.9 pips UP)
  USD_CAD: continuation (2.6 pips DOWN)
  USD_CHF: spike_reversal (1.4 pips UP)
  USD_JPY: fade (3.2 pips UP)

FOMC_Meeting_Minutes_2024-01-08_21:00:
  AUD_USD: spike_reversal (1.6 pips DOWN)
  EUR_USD: continuation (2.6 pips DOWN)
  GBP_USD: continuation (1.4 pips DOWN)
  USD_CAD: continuation (2 pips DOWN)
  USD_CHF: continuation (2.1 pips UP)
  USD_JPY: continuation (1.8 pips UP)

FOMC_Meeting_Minutes_2024-02-21_21:00:
  AUD_USD: spike_reversal (1.5 pips DOWN)
  EUR_USD: spike_reversal (2.3 pips DOWN)
  GBP_USD: spike_reversal (1.7 pips DOWN)
  USD_CAD: continuation (2.4 pips UP)
  USD_CHF: spike_reversal (1.1 pips UP)
  USD_JPY: continuation (2.9 pips UP)

FOMC_Member_Barkin_S_2024-01-03_15:30:
  AUD_USD: range (9.4 pips DOWN)
  EUR_USD: continuation (9.9 pips DOWN)
  GBP_USD: range (11.3 pips DOWN)
  USD_CAD: spike_reversal (8.9 pips UP)
  USD_CHF: range (16.8 pips UP)
  USD_JPY: range (24.6 pips UP)

FOMC_Member_Barkin_S_2024-01-05_20:30:
  AUD_USD: spike_reversal (1.7 pips DOWN)
  EUR_USD: fade (2.2 pips DOWN)
  GBP_USD: spike_reversal (2 pips UP)
  USD_CAD: spike_reversal (1.8 pips DOWN)
  USD_CHF: continuation (2.6 pips UP)
  USD_JPY: spike_reversal (2.6 pips DOWN)

FOMC_Member_Barkin_S_2024-02-21_16:10:
  AUD_USD: spike_reversal (3.4 pips UP)
  EUR_USD: continuation (5.5 pips UP)
  GBP_USD: range (7.3 pips UP)
  USD_CAD: continuation (9.6 pips DOWN)
  USD_CHF: continuation (3.8 pips DOWN)
  USD_JPY: spike_reversal (2.8 pips DOWN)

FOMC_Member_Barr_Spe_2024-02-16_16:10:
  AUD_USD: range (3.4 pips UP)
  EUR_USD: continuation (4 pips UP)
  GBP_USD: range (5.6 pips UP)
  USD_CAD: continuation (5.8 pips DOWN)
  USD_CHF: spike_reversal (4.3 pips DOWN)
  USD_JPY: fade (4 pips UP)

FOMC_Member_Barr_Spe_2024-02-27_16:05:
  AUD_USD: spike_reversal (2 pips UP)
  EUR_USD: continuation (3 pips UP)
  GBP_USD: fade (6.6 pips UP)
  USD_CAD: continuation (3.8 pips UP)
  USD_CHF: range (2.1 pips UP)
  USD_JPY: continuation (6 pips UP)

FOMC_Member_Bostic_S_2024-01-08_19:30:
  AUD_USD: range (2.1 pips UP)
  EUR_USD: continuation (2.8 pips UP)
  GBP_USD: continuation (3 pips UP)
  USD_CAD: continuation (4.1 pips DOWN)
  USD_CHF: continuation (2.3 pips DOWN)
  USD_JPY: spike_reversal (4.1 pips DOWN)

FOMC_Member_Bostic_S_2024-02-21_15:00:
  AUD_USD: fade (1.2 pips DOWN)
  EUR_USD: spike_reversal (2.8 pips UP)
  GBP_USD: spike_reversal (2.5 pips UP)
  USD_CAD: range (7 pips DOWN)
  USD_CHF: spike_reversal (2.2 pips DOWN)
  USD_JPY: spike_reversal (3.3 pips DOWN)

FOMC_Member_Bostic_S_2024-02-28_19:00:
  AUD_USD: fade (1.6 pips DOWN)
  EUR_USD: fade (1 pips DOWN)
  GBP_USD: fade (1.9 pips DOWN)
  USD_CAD: continuation (1.2 pips UP)
  USD_CHF: range (1.1 pips DOWN)
  USD_JPY: spike_reversal (1.3 pips UP)

FOMC_Member_Bostic_S_2024-02-29_17:50:
  AUD_USD: continuation (2.4 pips UP)
  EUR_USD: continuation (3 pips UP)
  GBP_USD: range (3.2 pips DOWN)
  USD_CAD: continuation (3.7 pips DOWN)
  USD_CHF: continuation (2.6 pips DOWN)
  USD_JPY: continuation (3.7 pips DOWN)

FOMC_Member_Bostic_S_2024-03-01_19:15:
  AUD_USD: continuation (1.2 pips DOWN)
  EUR_USD: continuation (1.9 pips DOWN)
  GBP_USD: continuation (1.2 pips DOWN)
  USD_CAD: continuation (1.9 pips UP)
  USD_CHF: spike_reversal (1.7 pips UP)
  USD_JPY: continuation (3.6 pips UP)

FOMC_Member_Bowman_S_2024-02-21_20:00:
  AUD_USD: continuation (2.6 pips DOWN)
  EUR_USD: spike_reversal (3 pips DOWN)
  GBP_USD: spike_reversal (3.8 pips DOWN)
  USD_CAD: continuation (6.4 pips UP)
  USD_CHF: spike_reversal (1.8 pips UP)
  USD_JPY: continuation (2.9 pips UP)

FOMC_Member_Cook_Spe_2024-02-23_00:00:
  AUD_USD: continuation (2 pips UP)
  EUR_USD: continuation (1.1 pips UP)
  GBP_USD: continuation (1.7 pips UP)
  USD_CAD: continuation (1.2 pips DOWN)
  USD_CHF: continuation (0.7 pips DOWN)
  USD_JPY: continuation (2.6 pips DOWN)

FOMC_Member_Daly_Spe_2024-02-16_19:45:
  AUD_USD: continuation (6 pips DOWN)
  EUR_USD: continuation (4.6 pips DOWN)
  GBP_USD: continuation (7.1 pips DOWN)
  USD_CAD: fade (9.6 pips UP)
  USD_CHF: continuation (2.8 pips UP)
  USD_JPY: continuation (5.2 pips UP)

FOMC_Member_Daly_Spe_2024-03-01_20:30:
  AUD_USD: fade (0.7 pips DOWN)
  EUR_USD: continuation (0.9 pips UP)
  GBP_USD: spike_reversal (1.1 pips UP)
  USD_CAD: spike_reversal (0.9 pips UP)
  USD_CHF: fade (2.1 pips UP)
  USD_JPY: continuation (2.3 pips UP)

FOMC_Member_Jefferso_2024-02-22_17:00:
  AUD_USD: spike_reversal (0.8 pips DOWN)
  EUR_USD: spike_reversal (2.1 pips DOWN)
  GBP_USD: spike_reversal (2.2 pips DOWN)
  USD_CAD: spike_reversal (1.3 pips UP)
  USD_CHF: spike_reversal (2.6 pips UP)
  USD_JPY: spike_reversal (4.5 pips UP)

FOMC_Member_Mester_S_2024-02-29_08:15:
  AUD_USD: spike_reversal (6.5 pips UP)
  EUR_USD: continuation (8.6 pips UP)
  GBP_USD: continuation (12.4 pips UP)
  USD_CAD: fade (11.6 pips DOWN)
  USD_CHF: continuation (8.8 pips DOWN)
  USD_JPY: spike_reversal (10 pips DOWN)

FOMC_Member_Waller_S_2024-02-23_02:35:
  AUD_USD: continuation (4 pips UP)
  EUR_USD: spike_reversal (1.6 pips UP)
  GBP_USD: spike_reversal (2.2 pips UP)
  USD_CAD: spike_reversal (2.1 pips DOWN)
  USD_CHF: spike_reversal (1.6 pips DOWN)
  USD_JPY: spike_reversal (2.4 pips DOWN)

FOMC_Member_Waller_S_2024-03-01_17:15:
  AUD_USD: spike_reversal (1.5 pips UP)
  EUR_USD: spike_reversal (0.9 pips DOWN)
  GBP_USD: continuation (1.9 pips UP)
  USD_CAD: spike_reversal (4.4 pips DOWN)
  USD_CHF: fade (1.9 pips DOWN)
  USD_JPY: range (2.9 pips UP)

FOMC_Member_Williams_2024-02-28_19:45:
  AUD_USD: spike_reversal (0.6 pips DOWN)
  EUR_USD: spike_reversal (1.5 pips DOWN)
  GBP_USD: spike_reversal (2.6 pips DOWN)
  USD_CAD: spike_reversal (3.2 pips UP)
  USD_CHF: spike_reversal (0.9 pips UP)
  USD_JPY: fade (3.3 pips UP)

FOMC_Member_Williams_2024-02-29_15:10:
  AUD_USD: fade (3 pips DOWN)
  EUR_USD: spike_reversal (2.2 pips UP)
  GBP_USD: spike_reversal (4.1 pips UP)
  USD_CAD: continuation (6.8 pips UP)
  USD_CHF: spike_reversal (4.3 pips DOWN)
  USD_JPY: continuation (4.4 pips DOWN)

Final_CPI_y_y_2024-02-22_12:00:
  AUD_USD: continuation (1.9 pips DOWN)
  EUR_USD: spike_reversal (2.3 pips UP)
  GBP_USD: continuation (5.6 pips DOWN)
  USD_CAD: continuation (6.8 pips UP)
  USD_CHF: spike_reversal (2.9 pips DOWN)
  USD_JPY: continuation (3.6 pips UP)

Final_Core_CPI_y_y_2024-02-22_12:00:
  AUD_USD: continuation (1.9 pips DOWN)
  EUR_USD: spike_reversal (2.3 pips UP)
  GBP_USD: continuation (5.6 pips DOWN)
  USD_CAD: continuation (6.8 pips UP)
  USD_CHF: spike_reversal (2.9 pips DOWN)
  USD_JPY: continuation (3.6 pips UP)

French_Final_CPI_m_m_2024-02-16_09:45:
  AUD_USD: spike_reversal (1.1 pips DOWN)
  EUR_USD: spike_reversal (2.2 pips DOWN)
  GBP_USD: range (3.4 pips DOWN)
  USD_CAD: fade (1.8 pips UP)
  USD_CHF: fade (1.4 pips DOWN)
  USD_JPY: range (2 pips UP)

French_Final_Private_2024-02-29_08:30:
  AUD_USD: fade (2.6 pips DOWN)
  EUR_USD: fade (2.5 pips UP)
  GBP_USD: spike_reversal (2.2 pips UP)
  USD_CAD: continuation (3.7 pips UP)
  USD_CHF: range (3.2 pips DOWN)
  USD_JPY: fade (7.1 pips UP)

French_Prelim_CPI_m__2024-01-04_09:45:
  AUD_USD: continuation (3.4 pips DOWN)
  EUR_USD: spike_reversal (4.7 pips UP)
  GBP_USD: continuation (6.7 pips UP)
  USD_CAD: continuation (2.6 pips DOWN)
  USD_CHF: range (3.8 pips UP)
  USD_JPY: spike_reversal (7.2 pips DOWN)

French_Prelim_CPI_m__2024-02-29_09:45:
  AUD_USD: spike_reversal (1.5 pips UP)
  EUR_USD: range (7.2 pips UP)
  GBP_USD: range (4.2 pips UP)
  USD_CAD: spike_reversal (2.8 pips DOWN)
  USD_CHF: spike_reversal (2 pips DOWN)
  USD_JPY: continuation (5.2 pips UP)

French_Prelim_GDP_q__2024-02-29_09:45:
  AUD_USD: spike_reversal (1.5 pips UP)
  EUR_USD: range (7.2 pips UP)
  GBP_USD: range (4.2 pips UP)
  USD_CAD: spike_reversal (2.8 pips DOWN)
  USD_CHF: spike_reversal (2 pips DOWN)
  USD_JPY: continuation (5.2 pips UP)

GDP_m_m_2024-02-29_15:30:
  AUD_USD: spike_reversal (2.9 pips UP)
  EUR_USD: continuation (7.4 pips DOWN)
  GBP_USD: continuation (6.2 pips DOWN)
  USD_CAD: spike_reversal (4 pips DOWN)
  USD_CHF: spike_reversal (5.6 pips DOWN)
  USD_JPY: spike_reversal (6.2 pips DOWN)

GDP_q_q_2024-02-29_10:00:
  AUD_USD: spike_reversal (2.1 pips UP)
  EUR_USD: spike_reversal (2.8 pips UP)
  GBP_USD: spike_reversal (5.2 pips UP)
  USD_CAD: continuation (1.3 pips UP)
  USD_CHF: continuation (2.4 pips UP)
  USD_JPY: continuation (10.9 pips UP)

German_Final_GDP_q_q_2024-02-23_09:00:
  AUD_USD: continuation (2.6 pips DOWN)
  EUR_USD: continuation (4 pips DOWN)
  GBP_USD: continuation (4 pips DOWN)
  USD_CAD: continuation (1.2 pips UP)
  USD_CHF: continuation (1.2 pips UP)
  USD_JPY: continuation (6.8 pips UP)

German_Prelim_CPI_m__2024-01-04_00:00:
  AUD_USD: fade (2.4 pips DOWN)
  EUR_USD: spike_reversal (0.9 pips UP)
  GBP_USD: continuation (3.2 pips DOWN)
  USD_CAD: fade (4 pips UP)
  USD_CHF: spike_reversal (0.7 pips DOWN)
  USD_JPY: spike_reversal (7.6 pips DOWN)

German_Prelim_CPI_m__2024-02-29_00:00:
  AUD_USD: fade (1.1 pips UP)
  EUR_USD: spike_reversal (0.7 pips UP)
  GBP_USD: fade (2 pips UP)
  USD_CAD: continuation (2.6 pips UP)
  USD_CHF: fade (1 pips UP)
  USD_JPY: continuation (5.4 pips DOWN)

German_Retail_Sales__2024-01-03_09:00:
  AUD_USD: continuation (3.4 pips DOWN)
  EUR_USD: spike_reversal (3.6 pips UP)
  GBP_USD: spike_reversal (4.9 pips UP)
  USD_CAD: range (4 pips UP)
  USD_CHF: spike_reversal (8.2 pips DOWN)
  USD_JPY: fade (3.1 pips UP)

German_Retail_Sales__2024-01-05_09:00:
  AUD_USD: fade (2.4 pips DOWN)
  EUR_USD: continuation (1.8 pips UP)
  GBP_USD: fade (4.4 pips DOWN)
  USD_CAD: spike_reversal (5.2 pips DOWN)
  USD_CHF: continuation (6.9 pips UP)
  USD_JPY: fade (8.7 pips UP)

German_Retail_Sales__2024-02-29_09:00:
  AUD_USD: continuation (3.2 pips DOWN)
  EUR_USD: continuation (13 pips UP)
  GBP_USD: fade (5 pips UP)
  USD_CAD: continuation (2.8 pips UP)
  USD_CHF: fade (1.4 pips DOWN)
  USD_JPY: continuation (11.7 pips UP)

German_Unemployment__2024-01-03_10:55:
  AUD_USD: continuation (6.8 pips DOWN)
  EUR_USD: continuation (5.5 pips DOWN)
  GBP_USD: fade (5.6 pips UP)
  USD_CAD: continuation (4.7 pips UP)
  USD_CHF: continuation (2 pips UP)
  USD_JPY: spike_reversal (4.4 pips DOWN)

German_Unemployment__2024-02-29_10:55:
  AUD_USD: fade (2.7 pips DOWN)
  EUR_USD: fade (6.2 pips DOWN)
  GBP_USD: fade (3.9 pips DOWN)
  USD_CAD: spike_reversal (1.9 pips UP)
  USD_CHF: fade (3.4 pips UP)
  USD_JPY: spike_reversal (5.5 pips UP)

IPPI_m_m_2024-02-19_15:30:
  AUD_USD: continuation (1.2 pips DOWN)
  EUR_USD: continuation (2.2 pips UP)
  GBP_USD: continuation (3.3 pips DOWN)
  USD_CAD: continuation (1.7 pips UP)
  USD_CHF: continuation (2.1 pips UP)
  USD_JPY: continuation (1.5 pips UP)

Italian_Monthly_Unem_2024-01-09_11:00:
  AUD_USD: spike_reversal (1 pips UP)
  EUR_USD: fade (3.2 pips DOWN)
  GBP_USD: continuation (3.7 pips DOWN)
  USD_CAD: spike_reversal (1.8 pips DOWN)
  USD_CHF: continuation (2.4 pips DOWN)
  USD_JPY: spike_reversal (5.1 pips UP)

Italian_Monthly_Unem_2024-03-01_11:00:
  AUD_USD: fade (1.3 pips UP)
  EUR_USD: continuation (4.8 pips UP)
  GBP_USD: continuation (5.4 pips UP)
  USD_CAD: continuation (3.2 pips DOWN)
  USD_CHF: continuation (2.6 pips DOWN)
  USD_JPY: spike_reversal (3.1 pips DOWN)

Italian_Prelim_CPI_m_2024-01-05_12:00:
  AUD_USD: continuation (2 pips UP)
  EUR_USD: fade (5.1 pips UP)
  GBP_USD: continuation (3.7 pips UP)
  USD_CAD: continuation (2 pips DOWN)
  USD_CHF: fade (4.8 pips DOWN)
  USD_JPY: spike_reversal (4.2 pips UP)

Italian_Prelim_CPI_m_2024-03-01_12:00:
  AUD_USD: continuation (1.8 pips DOWN)
  EUR_USD: continuation (1.9 pips UP)
  GBP_USD: continuation (3.8 pips DOWN)
  USD_CAD: continuation (2 pips UP)
  USD_CHF: spike_reversal (2.4 pips DOWN)
  USD_JPY: spike_reversal (2.5 pips DOWN)

Median_CPI_y_y_2024-02-20_15:30:
  AUD_USD: fade (6.4 pips DOWN)
  EUR_USD: fade (10.3 pips DOWN)
  GBP_USD: fade (12.9 pips DOWN)
  USD_CAD: spike_reversal (9 pips UP)
  USD_CHF: fade (10 pips UP)
  USD_JPY: continuation (5.4 pips UP)

National_Core_CPI_y__2024-02-27_01:30:
  AUD_USD: continuation (3.2 pips UP)
  EUR_USD: continuation (2.5 pips UP)
  GBP_USD: continuation (3.6 pips UP)
  USD_CAD: range (3.1 pips DOWN)
  USD_CHF: continuation (2.8 pips DOWN)
  USD_JPY: continuation (2.3 pips DOWN)

Non_Farm_Employment__2024-01-05_15:30:
  AUD_USD: continuation (7.4 pips DOWN)
  EUR_USD: continuation (8.3 pips DOWN)
  GBP_USD: continuation (11.1 pips DOWN)
  USD_CAD: continuation (10 pips UP)
  USD_CHF: spike_reversal (8 pips DOWN)
  USD_JPY: continuation (17.2 pips UP)

PPI_Input_q_q_2024-02-20_23:45:
  AUD_USD: continuation (3.3 pips UP)
  EUR_USD: continuation (0.3 pips DOWN)
  GBP_USD: fade (0.9 pips UP)
  USD_CAD: fade (1.4 pips DOWN)
  USD_CHF: continuation (0.6 pips DOWN)
  USD_JPY: fade (2.4 pips DOWN)

PPI_Output_q_q_2024-02-20_23:45:
  AUD_USD: continuation (3.3 pips UP)
  EUR_USD: continuation (0.3 pips DOWN)
  GBP_USD: fade (0.9 pips UP)
  USD_CAD: fade (1.4 pips DOWN)
  USD_CHF: continuation (0.6 pips DOWN)
  USD_JPY: fade (2.4 pips DOWN)

PPI_m_m_2024-01-05_12:00:
  AUD_USD: continuation (2 pips UP)
  EUR_USD: fade (5.1 pips UP)
  GBP_USD: continuation (3.7 pips UP)
  USD_CAD: continuation (2 pips DOWN)
  USD_CHF: fade (4.8 pips DOWN)
  USD_JPY: spike_reversal (4.2 pips UP)

PPI_m_m_2024-02-16_15:30:
  AUD_USD: spike_reversal (4.4 pips DOWN)
  EUR_USD: spike_reversal (2.7 pips DOWN)
  GBP_USD: spike_reversal (3.9 pips DOWN)
  USD_CAD: spike_reversal (4.1 pips UP)
  USD_CHF: spike_reversal (3.8 pips UP)
  USD_JPY: continuation (6.1 pips DOWN)

Prelim_GDP_Price_Ind_2024-02-28_15:30:
  AUD_USD: continuation (2.6 pips DOWN)
  EUR_USD: continuation (4.7 pips DOWN)
  GBP_USD: spike_reversal (3.3 pips DOWN)
  USD_CAD: fade (5.9 pips UP)
  USD_CHF: spike_reversal (4.8 pips UP)
  USD_JPY: continuation (4 pips UP)

Prelim_GDP_q_q_2024-02-28_15:30:
  AUD_USD: continuation (2.6 pips DOWN)
  EUR_USD: continuation (4.7 pips DOWN)
  GBP_USD: spike_reversal (3.3 pips DOWN)
  USD_CAD: fade (5.9 pips UP)
  USD_CHF: spike_reversal (4.8 pips UP)
  USD_JPY: continuation (4 pips UP)

Prelim_UoM_Inflation_2024-02-16_17:00:
  AUD_USD: continuation (1.7 pips DOWN)
  EUR_USD: continuation (2.2 pips DOWN)
  GBP_USD: spike_reversal (2.3 pips DOWN)
  USD_CAD: fade (4.6 pips DOWN)
  USD_CHF: continuation (2.6 pips UP)
  USD_JPY: continuation (1.7 pips UP)

RBNZ_Gov_Orr_Speaks_2024-02-28_21:10:
  AUD_USD: continuation (0.2 pips DOWN)
  EUR_USD: spike_reversal (0.4 pips UP)
  GBP_USD: spike_reversal (0.6 pips DOWN)
  USD_CAD: spike_reversal (0.3 pips DOWN)
  USD_CHF: continuation (0.7 pips UP)
  USD_JPY: fade (0.6 pips DOWN)

RBNZ_Gov_Orr_Speaks_2024-02-29_14:05:
  AUD_USD: fade (7.2 pips UP)
  EUR_USD: fade (7 pips UP)
  GBP_USD: continuation (11.6 pips UP)
  USD_CAD: fade (11.8 pips DOWN)
  USD_CHF: fade (10.6 pips DOWN)
  USD_JPY: fade (14 pips DOWN)

RBNZ_Monetary_Policy_2024-02-28_03:00:
  AUD_USD: continuation (1.8 pips DOWN)
  EUR_USD: continuation (0.7 pips DOWN)
  GBP_USD: spike_reversal (0.8 pips UP)
  USD_CAD: continuation (1.1 pips UP)
  USD_CHF: range (1 pips UP)
  USD_JPY: spike_reversal (1.2 pips DOWN)

RBNZ_Press_Conferenc_2024-02-28_04:00:
  AUD_USD: fade (2.2 pips DOWN)
  EUR_USD: continuation (1.2 pips DOWN)
  GBP_USD: continuation (1.5 pips DOWN)
  USD_CAD: continuation (2.1 pips UP)
  USD_CHF: continuation (2.4 pips UP)
  USD_JPY: continuation (1.6 pips UP)

Retail_Sales_m_m_2024-01-08_12:00:
  AUD_USD: spike_reversal (1.6 pips DOWN)
  EUR_USD: continuation (5.6 pips UP)
  GBP_USD: continuation (6.7 pips UP)
  USD_CAD: spike_reversal (1.5 pips UP)
  USD_CHF: fade (4.8 pips DOWN)
  USD_JPY: continuation (4.4 pips UP)

Retail_Sales_m_m_2024-01-09_02:30:
  AUD_USD: spike_reversal (1.2 pips UP)
  EUR_USD: spike_reversal (2 pips DOWN)
  GBP_USD: continuation (2.1 pips DOWN)
  USD_CAD: continuation (2.3 pips UP)
  USD_CHF: range (3.1 pips UP)
  USD_JPY: continuation (5 pips UP)

Retail_Sales_m_m_2024-02-22_15:30:
  AUD_USD: spike_reversal (2 pips UP)
  EUR_USD: fade (5 pips UP)
  GBP_USD: continuation (2.9 pips DOWN)
  USD_CAD: fade (3.7 pips DOWN)
  USD_CHF: spike_reversal (2.6 pips DOWN)
  USD_JPY: spike_reversal (4.6 pips DOWN)

Retail_Sales_m_m_2024-02-29_02:30:
  AUD_USD: spike_reversal (2.2 pips DOWN)
  EUR_USD: fade (2.8 pips DOWN)
  GBP_USD: fade (3.7 pips DOWN)
  USD_CAD: spike_reversal (1.4 pips UP)
  USD_CHF: fade (3.9 pips UP)
  USD_JPY: spike_reversal (9.2 pips UP)

Retail_Sales_q_q_2024-02-22_23:45:
  AUD_USD: fade (1.1 pips DOWN)
  EUR_USD: fade (0.5 pips DOWN)
  GBP_USD: fade (3.2 pips DOWN)
  USD_CAD: spike_reversal (0.3 pips DOWN)
  USD_CHF: fade (0.9 pips UP)
  USD_JPY: fade (0.8 pips UP)

Retail_Sales_y_y_2024-01-08_09:30:
  AUD_USD: spike_reversal (4.3 pips DOWN)
  EUR_USD: spike_reversal (5.8 pips DOWN)
  GBP_USD: spike_reversal (7 pips DOWN)
  USD_CAD: spike_reversal (5.6 pips UP)
  USD_CHF: spike_reversal (6.1 pips UP)
  USD_JPY: continuation (7.1 pips DOWN)

Retail_Sales_y_y_2024-02-29_01:50:
  AUD_USD: spike_reversal (3.5 pips DOWN)
  EUR_USD: range (5.4 pips DOWN)
  GBP_USD: spike_reversal (3.6 pips DOWN)
  USD_CAD: spike_reversal (3.6 pips UP)
  USD_CHF: fade (1.7 pips UP)
  USD_JPY: continuation (10.6 pips DOWN)

Retail_Sales_y_y_2024-03-01_09:30:
  AUD_USD: spike_reversal (2.3 pips DOWN)
  EUR_USD: fade (3.5 pips DOWN)
  GBP_USD: continuation (3 pips UP)
  USD_CAD: fade (2.2 pips UP)
  USD_CHF: fade (4.4 pips UP)
  USD_JPY: continuation (3.1 pips UP)

Revised_UoM_Inflatio_2024-03-01_17:00:
  AUD_USD: continuation (1.6 pips UP)
  EUR_USD: spike_reversal (3.5 pips DOWN)
  GBP_USD: spike_reversal (3.3 pips DOWN)
  USD_CAD: range (2.4 pips DOWN)
  USD_CHF: spike_reversal (2.8 pips UP)
  USD_JPY: spike_reversal (2.9 pips UP)

SPPI_y_y_2024-02-26_01:50:
  AUD_USD: continuation (2.8 pips DOWN)
  EUR_USD: continuation (2 pips DOWN)
  GBP_USD: continuation (3.3 pips DOWN)
  USD_CAD: continuation (1.7 pips UP)
  USD_CHF: continuation (1.8 pips UP)
  USD_JPY: continuation (5.8 pips UP)

Spanish_Flash_CPI_y__2024-02-29_10:00:
  AUD_USD: spike_reversal (2.1 pips UP)
  EUR_USD: spike_reversal (2.8 pips UP)
  GBP_USD: spike_reversal (5.2 pips UP)
  USD_CAD: continuation (1.3 pips UP)
  USD_CHF: continuation (2.4 pips UP)
  USD_JPY: continuation (10.9 pips UP)

Spanish_Unemployment_2024-01-03_10:00:
  AUD_USD: spike_reversal (2.4 pips UP)
  EUR_USD: continuation (2.6 pips DOWN)
  GBP_USD: continuation (3.4 pips DOWN)
  USD_CAD: spike_reversal (2.8 pips DOWN)
  USD_CHF: continuation (4.2 pips UP)
  USD_JPY: fade (5.4 pips DOWN)

Tokyo_Core_CPI_y_y_2024-01-09_01:30:
  AUD_USD: continuation (3.7 pips UP)
  EUR_USD: continuation (1.5 pips UP)
  GBP_USD: spike_reversal (2.6 pips DOWN)
  USD_CAD: spike_reversal (2.4 pips UP)
  USD_CHF: continuation (1.2 pips DOWN)
  USD_JPY: continuation (7.1 pips DOWN)

Trimmed_CPI_y_y_2024-02-20_15:30:
  AUD_USD: fade (6.4 pips DOWN)
  EUR_USD: fade (10.3 pips DOWN)
  GBP_USD: fade (12.9 pips DOWN)
  USD_CAD: spike_reversal (9 pips UP)
  USD_CHF: fade (10 pips UP)
  USD_JPY: continuation (5.4 pips UP)

Unemployment_Claims_2024-01-02_15:30:
  AUD_USD: continuation (3.1 pips DOWN)
  EUR_USD: range (3.2 pips DOWN)
  GBP_USD: fade (6.2 pips DOWN)
  USD_CAD: continuation (12 pips DOWN)
  USD_CHF: fade (6 pips DOWN)
  USD_JPY: continuation (7.2 pips UP)

Unemployment_Claims_2024-01-04_15:30:
  AUD_USD: continuation (3.5 pips DOWN)
  EUR_USD: continuation (4.4 pips DOWN)
  GBP_USD: continuation (5.5 pips DOWN)
  USD_CAD: spike_reversal (7.2 pips DOWN)
  USD_CHF: fade (11.4 pips UP)
  USD_JPY: range (14.5 pips UP)

Unemployment_Claims_2024-02-22_15:30:
  AUD_USD: spike_reversal (2 pips UP)
  EUR_USD: fade (5 pips UP)
  GBP_USD: continuation (2.9 pips DOWN)
  USD_CAD: fade (3.7 pips DOWN)
  USD_CHF: spike_reversal (2.6 pips DOWN)
  USD_JPY: spike_reversal (4.6 pips DOWN)

Unemployment_Claims_2024-02-29_15:30:
  AUD_USD: spike_reversal (2.9 pips UP)
  EUR_USD: continuation (7.4 pips DOWN)
  GBP_USD: continuation (6.2 pips DOWN)
  USD_CAD: spike_reversal (4 pips DOWN)
  USD_CHF: spike_reversal (5.6 pips DOWN)
  USD_JPY: spike_reversal (6.2 pips DOWN)

Unemployment_Rate_2024-01-05_15:30:
  AUD_USD: continuation (7.4 pips DOWN)
  EUR_USD: continuation (8.3 pips DOWN)
  GBP_USD: continuation (11.1 pips DOWN)
  USD_CAD: continuation (10 pips UP)
  USD_CHF: spike_reversal (8 pips DOWN)
  USD_JPY: continuation (17.2 pips UP)

Unemployment_Rate_2024-01-09_08:45:
  AUD_USD: continuation (4 pips UP)
  EUR_USD: spike_reversal (3.5 pips UP)
  GBP_USD: fade (4.1 pips UP)
  USD_CAD: continuation (3.2 pips DOWN)
  USD_CHF: fade (5 pips DOWN)
  USD_JPY: continuation (3.8 pips DOWN)

Unemployment_Rate_2024-02-29_13:30:
  AUD_USD: continuation (17.7 pips UP)
  EUR_USD: continuation (18.2 pips UP)
  GBP_USD: continuation (21.2 pips UP)
  USD_CAD: continuation (20.9 pips DOWN)
  USD_CHF: continuation (16.4 pips DOWN)
  USD_JPY: continuation (33.4 pips DOWN)

Unemployment_Rate_2024-03-01_12:00:
  AUD_USD: continuation (1.8 pips DOWN)
  EUR_USD: continuation (1.9 pips UP)
  GBP_USD: continuation (3.8 pips DOWN)
  USD_CAD: continuation (2 pips UP)
  USD_CHF: spike_reversal (2.4 pips DOWN)
  USD_JPY: spike_reversal (2.5 pips DOWN)

Done!
[dotenv@17.2.3] injecting env (7) from .env.local -- tip: 🔄 add secrets lifecycle management: https://dotenvx.com/ops
=== Calculate Price Reactions ===

Limit: 100 events

Processing events with candle windows...

Processed 100 events

BOC_Gov_Macklem_Spea_2024-02-01_18:30:
  AUD_USD: continuation (5.4 pips UP)
  EUR_USD: continuation (6.3 pips UP)
  GBP_USD: continuation (7 pips UP)
  USD_CAD: range (7.8 pips DOWN)
  USD_CHF: continuation (8.1 pips DOWN)
  USD_JPY: continuation (5.6 pips DOWN)

BOC_Gov_Macklem_Spea_2024-02-06_19:45:
  AUD_USD: continuation (2.6 pips UP)
  EUR_USD: continuation (2 pips UP)
  GBP_USD: continuation (4.6 pips UP)
  USD_CAD: range (4.2 pips DOWN)
  USD_CHF: continuation (1.2 pips DOWN)
  USD_JPY: continuation (2 pips DOWN)

BOC_Summary_of_Delib_2024-02-07_20:30:
  AUD_USD: spike_reversal (1.3 pips DOWN)
  EUR_USD: fade (1.7 pips UP)
  GBP_USD: spike_reversal (1.3 pips DOWN)
  USD_CAD: spike_reversal (1.7 pips UP)
  USD_CHF: fade (1.1 pips UP)
  USD_JPY: fade (3.3 pips UP)

BOE_Gov_Bailey_Speak_2024-02-01_14:30:
  AUD_USD: continuation (4 pips UP)
  EUR_USD: spike_reversal (4.9 pips DOWN)
  GBP_USD: spike_reversal (7.5 pips DOWN)
  USD_CAD: continuation (14.3 pips DOWN)
  USD_CHF: spike_reversal (5.8 pips UP)
  USD_JPY: fade (16 pips UP)

BOE_Gov_Bailey_Speak_2024-02-12_20:00:
  AUD_USD: continuation (1.4 pips UP)
  EUR_USD: continuation (4.8 pips UP)
  GBP_USD: continuation (4.3 pips UP)
  USD_CAD: continuation (3.4 pips DOWN)
  USD_CHF: continuation (2.2 pips DOWN)
  USD_JPY: continuation (6.4 pips DOWN)

BOE_Gov_Bailey_Speak_2024-02-14_17:00:
  AUD_USD: spike_reversal (4 pips DOWN)
  EUR_USD: fade (5.7 pips DOWN)
  GBP_USD: spike_reversal (5 pips DOWN)
  USD_CAD: spike_reversal (9.7 pips UP)
  USD_CHF: spike_reversal (3.4 pips UP)
  USD_JPY: spike_reversal (3.8 pips UP)

BOE_Monetary_Policy__2024-02-01_14:00:
  AUD_USD: continuation (4.6 pips UP)
  EUR_USD: spike_reversal (2.3 pips DOWN)
  GBP_USD: spike_reversal (3.1 pips DOWN)
  USD_CAD: fade (5.2 pips DOWN)
  USD_CHF: continuation (4.3 pips DOWN)
  USD_JPY: continuation (13.8 pips DOWN)

BOJ_Summary_of_Opini_2024-03-28_02:50:
  AUD_USD: continuation (2.8 pips UP)
  EUR_USD: range (1.7 pips UP)
  GBP_USD: range (2.3 pips UP)
  USD_CAD: range (2.2 pips DOWN)
  USD_CHF: spike_reversal (2.6 pips DOWN)
  USD_JPY: fade (3.9 pips DOWN)

BRC_Retail_Sales_Mon_2024-02-06_02:01:
  AUD_USD: continuation (1.2 pips DOWN)
  EUR_USD: spike_reversal (1.2 pips DOWN)
  GBP_USD: continuation (1.5 pips DOWN)
  USD_CAD: fade (2.6 pips UP)
  USD_CHF: continuation (0.6 pips UP)
  USD_JPY: continuation (4.3 pips UP)

CPI_Flash_Estimate_y_2024-02-01_12:00:
  AUD_USD: spike_reversal (3.3 pips DOWN)
  EUR_USD: continuation (5.7 pips UP)
  GBP_USD: continuation (22.6 pips UP)
  USD_CAD: continuation (6.1 pips UP)
  USD_CHF: continuation (3.2 pips UP)
  USD_JPY: continuation (10.4 pips UP)

CPI_m_m_2024-02-13_09:30:
  AUD_USD: spike_reversal (1.2 pips DOWN)
  EUR_USD: spike_reversal (1.4 pips DOWN)
  GBP_USD: continuation (2.8 pips UP)
  USD_CAD: continuation (3.8 pips DOWN)
  USD_CHF: continuation (4.4 pips DOWN)
  USD_JPY: continuation (4.8 pips DOWN)

CPI_m_m_2024-02-13_15:30:
  AUD_USD: spike_reversal (2.9 pips UP)
  EUR_USD: spike_reversal (5.5 pips UP)
  GBP_USD: range (6.1 pips UP)
  USD_CAD: range (7.4 pips DOWN)
  USD_CHF: fade (7.4 pips UP)
  USD_JPY: spike_reversal (4.2 pips DOWN)

CPI_y_y_2024-02-13_15:30:
  AUD_USD: spike_reversal (2.9 pips UP)
  EUR_USD: spike_reversal (5.5 pips UP)
  GBP_USD: range (6.1 pips UP)
  USD_CAD: range (7.4 pips DOWN)
  USD_CHF: fade (7.4 pips UP)
  USD_JPY: spike_reversal (4.2 pips DOWN)

CPI_y_y_2024-02-14_09:00:
  AUD_USD: spike_reversal (1.2 pips DOWN)
  EUR_USD: spike_reversal (3 pips UP)
  GBP_USD: continuation (5.1 pips DOWN)
  USD_CAD: continuation (3.2 pips DOWN)
  USD_CHF: fade (2.5 pips DOWN)
  USD_JPY: fade (3.1 pips UP)

Cleveland_Fed_Inflat_2024-02-12_16:45:
  AUD_USD: spike_reversal (1.2 pips DOWN)
  EUR_USD: spike_reversal (3 pips DOWN)
  GBP_USD: continuation (1.9 pips UP)
  USD_CAD: continuation (1.9 pips DOWN)
  USD_CHF: spike_reversal (1.8 pips UP)
  USD_JPY: continuation (1.9 pips DOWN)

Core_CPI_Flash_Estim_2024-02-01_12:00:
  AUD_USD: spike_reversal (3.3 pips DOWN)
  EUR_USD: continuation (5.7 pips UP)
  GBP_USD: continuation (22.6 pips UP)
  USD_CAD: continuation (6.1 pips UP)
  USD_CHF: continuation (3.2 pips UP)
  USD_JPY: continuation (10.4 pips UP)

Core_CPI_m_m_2024-02-13_15:30:
  AUD_USD: spike_reversal (2.9 pips UP)
  EUR_USD: spike_reversal (5.5 pips UP)
  GBP_USD: range (6.1 pips UP)
  USD_CAD: range (7.4 pips DOWN)
  USD_CHF: fade (7.4 pips UP)
  USD_JPY: spike_reversal (4.2 pips DOWN)

Core_CPI_y_y_2024-02-14_09:00:
  AUD_USD: spike_reversal (1.2 pips DOWN)
  EUR_USD: spike_reversal (3 pips UP)
  GBP_USD: continuation (5.1 pips DOWN)
  USD_CAD: continuation (3.2 pips DOWN)
  USD_CHF: fade (2.5 pips DOWN)
  USD_JPY: fade (3.1 pips UP)

Core_Retail_Sales_m__2024-02-15_15:30:
  AUD_USD: continuation (6 pips DOWN)
  EUR_USD: continuation (6.1 pips DOWN)
  GBP_USD: continuation (5.3 pips DOWN)
  USD_CAD: continuation (8 pips UP)
  USD_CHF: continuation (5.5 pips UP)
  USD_JPY: continuation (10 pips UP)

ECB_Economic_Bulleti_2024-02-08_11:00:
  AUD_USD: continuation (1.2 pips DOWN)
  EUR_USD: continuation (1.6 pips DOWN)
  GBP_USD: continuation (3.1 pips DOWN)
  USD_CAD: continuation (1.7 pips UP)
  USD_CHF: spike_reversal (2.2 pips DOWN)
  USD_JPY: continuation (4.2 pips UP)

ECB_President_Lagard_2024-02-01_10:00:
  AUD_USD: continuation (2.3 pips DOWN)
  EUR_USD: continuation (3.7 pips DOWN)
  GBP_USD: continuation (4.8 pips DOWN)
  USD_CAD: spike_reversal (1.6 pips DOWN)
  USD_CHF: continuation (4.2 pips UP)
  USD_JPY: fade (8.1 pips UP)

ECB_President_Lagard_2024-02-15_10:00:
  AUD_USD: continuation (0.6 pips UP)
  EUR_USD: continuation (1.5 pips UP)
  GBP_USD: spike_reversal (3.3 pips DOWN)
  USD_CAD: fade (1.5 pips UP)
  USD_CHF: fade (4.2 pips UP)
  USD_JPY: continuation (1.4 pips DOWN)

Employment_Change_2024-02-09_15:30:
  AUD_USD: spike_reversal (1.5 pips DOWN)
  EUR_USD: spike_reversal (2.6 pips UP)
  GBP_USD: spike_reversal (5.2 pips UP)
  USD_CAD: continuation (5.3 pips UP)
  USD_CHF: fade (4.4 pips DOWN)
  USD_JPY: fade (12.4 pips DOWN)

Employment_Change_2024-02-15_02:30:
  AUD_USD: continuation (2.8 pips UP)
  EUR_USD: range (0.9 pips UP)
  GBP_USD: continuation (1.8 pips UP)
  USD_CAD: continuation (3.3 pips DOWN)
  USD_CHF: continuation (1 pips DOWN)
  USD_JPY: continuation (2.9 pips UP)

Employment_Change_q__2024-02-06_23:45:
  AUD_USD: spike_reversal (1.2 pips DOWN)
  EUR_USD: spike_reversal (0.5 pips DOWN)
  GBP_USD: continuation (1.2 pips DOWN)
  USD_CAD: range (2 pips UP)
  USD_CHF: spike_reversal (0.2 pips DOWN)
  USD_JPY: spike_reversal (2.7 pips DOWN)

FOMC_Member_Barkin_S_2024-02-07_19:30:
  AUD_USD: continuation (2.1 pips UP)
  EUR_USD: spike_reversal (2.3 pips UP)
  GBP_USD: continuation (4.3 pips UP)
  USD_CAD: continuation (5.8 pips DOWN)
  USD_CHF: fade (1.6 pips DOWN)
  USD_JPY: spike_reversal (2.6 pips UP)

FOMC_Member_Barkin_S_2024-02-08_15:30:
  AUD_USD: spike_reversal (4.2 pips UP)
  EUR_USD: fade (6.3 pips DOWN)
  GBP_USD: continuation (8 pips UP)
  USD_CAD: range (4.7 pips DOWN)
  USD_CHF: spike_reversal (3 pips UP)
  USD_JPY: spike_reversal (5.4 pips DOWN)

FOMC_Member_Barkin_S_2024-02-08_19:05:
  AUD_USD: fade (1.2 pips UP)
  EUR_USD: fade (1.5 pips DOWN)
  GBP_USD: spike_reversal (1.1 pips UP)
  USD_CAD: range (2.6 pips UP)
  USD_CHF: spike_reversal (1.8 pips DOWN)
  USD_JPY: spike_reversal (3.8 pips DOWN)

FOMC_Member_Barkin_S_2024-02-12_19:00:
  AUD_USD: continuation (0.9 pips DOWN)
  EUR_USD: continuation (1 pips DOWN)
  GBP_USD: spike_reversal (2.8 pips UP)
  USD_CAD: continuation (2.2 pips UP)
  USD_CHF: continuation (1.6 pips UP)
  USD_JPY: spike_reversal (4.6 pips DOWN)

FOMC_Member_Barr_Spe_2024-02-14_23:00:
  AUD_USD: continuation (3 pips UP)
  EUR_USD: continuation (2.8 pips UP)
  GBP_USD: continuation (3.9 pips UP)
  USD_CAD: continuation (1.5 pips DOWN)
  USD_CHF: continuation (3.4 pips DOWN)
  USD_JPY: spike_reversal (8.2 pips DOWN)

FOMC_Member_Bostic_S_2024-02-05_21:00:
  AUD_USD: continuation (1.5 pips DOWN)
  EUR_USD: continuation (1.7 pips DOWN)
  GBP_USD: continuation (2.9 pips DOWN)
  USD_CAD: continuation (1.3 pips UP)
  USD_CHF: continuation (2.6 pips UP)
  USD_JPY: continuation (4.6 pips UP)

FOMC_Member_Bostic_S_2024-02-16_02:00:
  AUD_USD: fade (3.2 pips DOWN)
  EUR_USD: continuation (2.3 pips DOWN)
  GBP_USD: continuation (2.8 pips DOWN)
  USD_CAD: continuation (4 pips UP)
  USD_CHF: continuation (3.4 pips UP)
  USD_JPY: continuation (6.7 pips UP)

FOMC_Member_Bowman_S_2024-02-07_21:00:
  AUD_USD: spike_reversal (0.8 pips DOWN)
  EUR_USD: spike_reversal (1.1 pips UP)
  GBP_USD: continuation (1.6 pips UP)
  USD_CAD: spike_reversal (1.7 pips UP)
  USD_CHF: spike_reversal (1.7 pips DOWN)
  USD_JPY: continuation (1.6 pips UP)

FOMC_Member_Bowman_S_2024-02-12_16:20:
  AUD_USD: continuation (2 pips UP)
  EUR_USD: spike_reversal (2.1 pips DOWN)
  GBP_USD: continuation (2.5 pips UP)
  USD_CAD: continuation (2.9 pips DOWN)
  USD_CHF: fade (1.6 pips UP)
  USD_JPY: spike_reversal (2.8 pips UP)

FOMC_Member_Daly_Spe_2024-03-29_18:20:
  AUD_USD: spike_reversal (0.1 pips DOWN)
  EUR_USD: fade (0.8 pips DOWN)
  GBP_USD: fade (0.4 pips UP)
  USD_CAD: spike_reversal (0.7 pips DOWN)
  USD_CHF: fade (0.6 pips DOWN)
  USD_JPY: spike_reversal (2.1 pips DOWN)

FOMC_Member_Kugler_S_2024-02-07_18:00:
  AUD_USD: range (7.9 pips UP)
  EUR_USD: continuation (7.8 pips UP)
  GBP_USD: range (11.5 pips UP)
  USD_CAD: range (9.1 pips DOWN)
  USD_CHF: spike_reversal (8.6 pips DOWN)
  USD_JPY: range (15.9 pips DOWN)

FOMC_Member_Mester_S_2024-02-06_19:00:
  AUD_USD: continuation (1.5 pips DOWN)
  EUR_USD: continuation (1.8 pips DOWN)
  GBP_USD: spike_reversal (1.7 pips UP)
  USD_CAD: continuation (3.1 pips UP)
  USD_CHF: spike_reversal (2.4 pips DOWN)
  USD_JPY: spike_reversal (5.6 pips DOWN)

FOMC_Member_Waller_S_2024-02-15_20:15:
  AUD_USD: spike_reversal (0.8 pips DOWN)
  EUR_USD: continuation (0.4 pips UP)
  GBP_USD: spike_reversal (1.3 pips DOWN)
  USD_CAD: spike_reversal (2 pips UP)
  USD_CHF: continuation (0.7 pips DOWN)
  USD_JPY: continuation (1.1 pips DOWN)

FOMC_Member_Waller_S_2024-03-28_01:00:
  AUD_USD: spike_reversal (2 pips DOWN)
  EUR_USD: continuation (1.1 pips UP)
  GBP_USD: fade (2.7 pips DOWN)
  USD_CAD: fade (2.5 pips UP)
  USD_CHF: spike_reversal (1.7 pips UP)
  USD_JPY: continuation (5 pips UP)

Fed_Chair_Powell_Spe_2024-02-05_02:00:
  AUD_USD: spike_reversal (2.2 pips UP)
  EUR_USD: continuation (2.3 pips UP)
  GBP_USD: spike_reversal (1.9 pips UP)
  USD_CAD: spike_reversal (2.6 pips DOWN)
  USD_CHF: spike_reversal (1.7 pips DOWN)
  USD_JPY: continuation (4.4 pips UP)

Fed_Chair_Powell_Spe_2024-03-29_18:30:
  AUD_USD: ✗ Missing critical candles
  EUR_USD: spike_reversal (0.4 pips DOWN)
  GBP_USD: fade (0.4 pips UP)
  USD_CAD: spike_reversal (0.7 pips DOWN)
  USD_CHF: continuation (0.4 pips UP)
  USD_JPY: spike_reversal (2.1 pips DOWN)

Final_GDP_Price_Inde_2024-03-28_15:30:
  AUD_USD: spike_reversal (1.4 pips DOWN)
  EUR_USD: spike_reversal (1.6 pips DOWN)
  GBP_USD: range (6.2 pips DOWN)
  USD_CAD: spike_reversal (8 pips UP)
  USD_CHF: spike_reversal (3.8 pips UP)
  USD_JPY: spike_reversal (3.2 pips DOWN)

Final_GDP_q_q_2024-03-28_10:00:
  AUD_USD: spike_reversal (1.1 pips DOWN)
  EUR_USD: continuation (1.2 pips UP)
  GBP_USD: continuation (7.7 pips UP)
  USD_CAD: continuation (2.8 pips DOWN)
  USD_CHF: continuation (2.3 pips DOWN)
  USD_JPY: continuation (2.4 pips DOWN)

Final_GDP_q_q_2024-03-28_15:30:
  AUD_USD: spike_reversal (1.4 pips DOWN)
  EUR_USD: spike_reversal (1.6 pips DOWN)
  GBP_USD: range (6.2 pips DOWN)
  USD_CAD: spike_reversal (8 pips UP)
  USD_CHF: spike_reversal (3.8 pips UP)
  USD_JPY: spike_reversal (3.2 pips DOWN)

Flash_Employment_Cha_2024-02-14_12:00:
  AUD_USD: continuation (1.1 pips UP)
  EUR_USD: spike_reversal (2.3 pips UP)
  GBP_USD: fade (2.4 pips DOWN)
  USD_CAD: spike_reversal (2.6 pips DOWN)
  USD_CHF: fade (2.2 pips DOWN)
  USD_JPY: spike_reversal (1.9 pips DOWN)

Flash_GDP_q_q_2024-02-14_12:00:
  AUD_USD: continuation (1.1 pips UP)
  EUR_USD: spike_reversal (2.3 pips UP)
  GBP_USD: fade (2.4 pips DOWN)
  USD_CAD: spike_reversal (2.6 pips DOWN)
  USD_CHF: fade (2.2 pips DOWN)
  USD_JPY: spike_reversal (1.9 pips DOWN)

French_Prelim_CPI_m__2024-03-29_10:45:
  AUD_USD: continuation (0.8 pips DOWN)
  EUR_USD: spike_reversal (2.1 pips DOWN)
  GBP_USD: continuation (3.2 pips DOWN)
  USD_CAD: range (1.2 pips UP)
  USD_CHF: continuation (4.8 pips UP)
  USD_JPY: spike_reversal (3.3 pips DOWN)

French_Prelim_Privat_2024-02-07_09:45:
  AUD_USD: continuation (2.2 pips DOWN)
  EUR_USD: spike_reversal (2.9 pips UP)
  GBP_USD: continuation (3.6 pips UP)
  USD_CAD: spike_reversal (1.4 pips DOWN)
  USD_CHF: spike_reversal (2.4 pips DOWN)
  USD_JPY: spike_reversal (3.4 pips DOWN)

GDP_m_m_2024-02-15_09:00:
  AUD_USD: fade (0.9 pips DOWN)
  EUR_USD: spike_reversal (3.6 pips DOWN)
  GBP_USD: spike_reversal (3.6 pips DOWN)
  USD_CAD: continuation (4 pips UP)
  USD_CHF: continuation (4.8 pips UP)
  USD_JPY: range (2.5 pips UP)

GDP_m_m_2024-03-28_15:30:
  AUD_USD: spike_reversal (1.4 pips DOWN)
  EUR_USD: spike_reversal (1.6 pips DOWN)
  GBP_USD: range (6.2 pips DOWN)
  USD_CAD: spike_reversal (8 pips UP)
  USD_CHF: spike_reversal (3.8 pips UP)
  USD_JPY: spike_reversal (3.2 pips DOWN)

German_Final_CPI_m_m_2024-02-09_09:00:
  AUD_USD: range (6.8 pips UP)
  EUR_USD: fade (3 pips DOWN)
  GBP_USD: continuation (6.2 pips DOWN)
  USD_CAD: spike_reversal (3 pips UP)
  USD_CHF: spike_reversal (2.7 pips DOWN)
  USD_JPY: range (12.2 pips DOWN)

German_Retail_Sales__2024-03-28_10:00:
  AUD_USD: spike_reversal (1.1 pips DOWN)
  EUR_USD: continuation (1.2 pips UP)
  GBP_USD: continuation (7.7 pips UP)
  USD_CAD: continuation (2.8 pips DOWN)
  USD_CHF: continuation (2.3 pips DOWN)
  USD_JPY: continuation (2.4 pips DOWN)

German_Unemployment__2024-03-28_11:55:
  AUD_USD: spike_reversal (2.4 pips DOWN)
  EUR_USD: spike_reversal (2 pips DOWN)
  GBP_USD: spike_reversal (3.1 pips DOWN)
  USD_CAD: spike_reversal (3.8 pips UP)
  USD_CHF: continuation (2.2 pips DOWN)
  USD_JPY: continuation (2.2 pips DOWN)

Inflation_Expectatio_2024-02-13_04:20:
  AUD_USD: range (1.9 pips DOWN)
  EUR_USD: continuation (1 pips DOWN)
  GBP_USD: continuation (1.2 pips DOWN)
  USD_CAD: range (0.8 pips UP)
  USD_CHF: fade (0.8 pips DOWN)
  USD_JPY: spike_reversal (3.5 pips DOWN)

Italian_Prelim_CPI_m_2024-02-01_12:00:
  AUD_USD: spike_reversal (3.3 pips DOWN)
  EUR_USD: continuation (5.7 pips UP)
  GBP_USD: continuation (22.6 pips UP)
  USD_CAD: continuation (6.1 pips UP)
  USD_CHF: continuation (3.2 pips UP)
  USD_JPY: continuation (10.4 pips UP)

Italian_Prelim_CPI_m_2024-03-29_13:00:
  AUD_USD: range (2.6 pips DOWN)
  EUR_USD: range (0.8 pips UP)
  GBP_USD: continuation (0.4 pips UP)
  USD_CAD: spike_reversal (5.4 pips DOWN)
  USD_CHF: fade (1.8 pips UP)
  USD_JPY: fade (2.2 pips DOWN)

Italian_Retail_Sales_2024-02-07_11:00:
  AUD_USD: continuation (3.4 pips UP)
  EUR_USD: continuation (5.7 pips UP)
  GBP_USD: continuation (6 pips UP)
  USD_CAD: continuation (1.8 pips DOWN)
  USD_CHF: fade (3.2 pips DOWN)
  USD_JPY: continuation (6.8 pips DOWN)

MI_Inflation_Expecta_2024-02-15_02:00:
  AUD_USD: continuation (2.6 pips DOWN)
  EUR_USD: spike_reversal (1.6 pips DOWN)
  GBP_USD: continuation (0.8 pips UP)
  USD_CAD: continuation (4.7 pips UP)
  USD_CHF: spike_reversal (0.9 pips UP)
  USD_JPY: continuation (6.4 pips UP)

MI_Inflation_Expecta_2024-03-28_03:00:
  AUD_USD: fade (1.6 pips DOWN)
  EUR_USD: fade (1.3 pips DOWN)
  GBP_USD: fade (2 pips DOWN)
  USD_CAD: fade (2.6 pips UP)
  USD_CHF: fade (2.2 pips UP)
  USD_JPY: fade (2.3 pips UP)

MI_Inflation_Gauge_m_2024-02-05_02:00:
  AUD_USD: spike_reversal (2.2 pips UP)
  EUR_USD: continuation (2.3 pips UP)
  GBP_USD: spike_reversal (1.9 pips UP)
  USD_CAD: spike_reversal (2.6 pips DOWN)
  USD_CHF: spike_reversal (1.7 pips DOWN)
  USD_JPY: continuation (4.4 pips UP)

NIESR_GDP_Estimate_2024-02-15_14:22:
  AUD_USD: spike_reversal (3.3 pips DOWN)
  EUR_USD: continuation (2.6 pips UP)
  GBP_USD: continuation (3.8 pips UP)
  USD_CAD: continuation (2.8 pips DOWN)
  USD_CHF: fade (4.7 pips DOWN)
  USD_JPY: spike_reversal (3.9 pips UP)

Non_Farm_Employment__2024-02-02_15:30:
  AUD_USD: continuation (3.4 pips UP)
  EUR_USD: spike_reversal (2.9 pips DOWN)
  GBP_USD: continuation (4.5 pips UP)
  USD_CAD: spike_reversal (5.3 pips UP)
  USD_CHF: fade (3.8 pips UP)
  USD_JPY: continuation (9.7 pips UP)

PPI_Input_m_m_2024-02-14_09:00:
  AUD_USD: spike_reversal (1.2 pips DOWN)
  EUR_USD: spike_reversal (3 pips UP)
  GBP_USD: continuation (5.1 pips DOWN)
  USD_CAD: continuation (3.2 pips DOWN)
  USD_CHF: fade (2.5 pips DOWN)
  USD_JPY: fade (3.1 pips UP)

PPI_Output_m_m_2024-02-14_09:00:
  AUD_USD: spike_reversal (1.2 pips DOWN)
  EUR_USD: spike_reversal (3 pips UP)
  GBP_USD: continuation (5.1 pips DOWN)
  USD_CAD: continuation (3.2 pips DOWN)
  USD_CHF: fade (2.5 pips DOWN)
  USD_JPY: fade (3.1 pips UP)

PPI_m_m_2024-02-05_12:00:
  AUD_USD: continuation (3.7 pips DOWN)
  EUR_USD: fade (3.2 pips DOWN)
  GBP_USD: fade (6.6 pips DOWN)
  USD_CAD: fade (3.5 pips UP)
  USD_CHF: spike_reversal (2.5 pips UP)
  USD_JPY: fade (3.5 pips UP)

PPI_m_m_2024-02-15_09:30:
  AUD_USD: continuation (1.2 pips DOWN)
  EUR_USD: fade (3.7 pips UP)
  GBP_USD: continuation (2.8 pips UP)
  USD_CAD: spike_reversal (2.2 pips UP)
  USD_CHF: spike_reversal (2.8 pips UP)
  USD_JPY: spike_reversal (2.3 pips UP)

PPI_q_q_2024-02-02_02:30:
  AUD_USD: continuation (2.8 pips UP)
  EUR_USD: continuation (1.5 pips UP)
  GBP_USD: range (2.3 pips UP)
  USD_CAD: range (2 pips DOWN)
  USD_CHF: continuation (1.8 pips DOWN)
  USD_JPY: continuation (6 pips DOWN)

PPI_y_y_2024-02-13_01:50:
  AUD_USD: continuation (2.4 pips DOWN)
  EUR_USD: continuation (1.9 pips DOWN)
  GBP_USD: continuation (3.6 pips DOWN)
  USD_CAD: continuation (2 pips UP)
  USD_CHF: continuation (1.5 pips UP)
  USD_JPY: continuation (1.7 pips UP)

Prelim_GDP_Price_Ind_2024-02-15_01:50:
  AUD_USD: fade (2 pips UP)
  EUR_USD: fade (1.1 pips UP)
  GBP_USD: continuation (1.8 pips DOWN)
  USD_CAD: fade (1.1 pips DOWN)
  USD_CHF: fade (1 pips DOWN)
  USD_JPY: fade (9 pips DOWN)

Prelim_GDP_q_q_2024-02-15_01:50:
  AUD_USD: fade (2 pips UP)
  EUR_USD: fade (1.1 pips UP)
  GBP_USD: continuation (1.8 pips DOWN)
  USD_CAD: fade (1.1 pips DOWN)
  USD_CHF: fade (1 pips DOWN)
  USD_JPY: fade (9 pips DOWN)

Prelim_GDP_q_q_2024-02-15_09:00:
  AUD_USD: fade (0.9 pips DOWN)
  EUR_USD: spike_reversal (3.6 pips DOWN)
  GBP_USD: spike_reversal (3.6 pips DOWN)
  USD_CAD: continuation (4 pips UP)
  USD_CHF: continuation (4.8 pips UP)
  USD_JPY: range (2.5 pips UP)

Prelim_Nonfarm_Produ_2024-02-01_15:30:
  AUD_USD: spike_reversal (5 pips DOWN)
  EUR_USD: continuation (4.9 pips DOWN)
  GBP_USD: spike_reversal (4.5 pips DOWN)
  USD_CAD: spike_reversal (9.2 pips UP)
  USD_CHF: spike_reversal (7.7 pips UP)
  USD_JPY: spike_reversal (13.4 pips UP)

RBA_Gov_Bullock_Spea_2024-02-09_00:30:
  AUD_USD: continuation (3.5 pips DOWN)
  EUR_USD: continuation (3.4 pips DOWN)
  GBP_USD: range (4 pips DOWN)
  USD_CAD: range (1.5 pips UP)
  USD_CHF: continuation (3 pips UP)
  USD_JPY: range (3.3 pips UP)

RBA_Gov_Bullock_Spea_2024-02-15_00:00:
  AUD_USD: spike_reversal (0.9 pips UP)
  EUR_USD: fade (0.7 pips UP)
  GBP_USD: spike_reversal (2.4 pips DOWN)
  USD_CAD: continuation (0.4 pips UP)
  USD_CHF: spike_reversal (0.8 pips DOWN)
  USD_JPY: continuation (4.8 pips DOWN)

RBA_Monetary_Policy__2024-02-06_05:30:
  AUD_USD: spike_reversal (1.6 pips UP)
  EUR_USD: range (2.2 pips UP)
  GBP_USD: spike_reversal (2 pips UP)
  USD_CAD: spike_reversal (1.5 pips DOWN)
  USD_CHF: spike_reversal (1.2 pips DOWN)
  USD_JPY: spike_reversal (2 pips UP)

RBA_Press_Conference_2024-02-06_06:30:
  AUD_USD: spike_reversal (4.6 pips DOWN)
  EUR_USD: spike_reversal (2.6 pips DOWN)
  GBP_USD: spike_reversal (3.1 pips DOWN)
  USD_CAD: spike_reversal (2.6 pips UP)
  USD_CHF: spike_reversal (2.2 pips UP)
  USD_JPY: continuation (3.7 pips UP)

RBNZ_Gov_Orr_Speaks_2024-02-12_02:30:
  AUD_USD: spike_reversal (2.4 pips UP)
  EUR_USD: spike_reversal (2.8 pips UP)
  GBP_USD: spike_reversal (2.5 pips UP)
  USD_CAD: spike_reversal (2.4 pips DOWN)
  USD_CHF: spike_reversal (1.8 pips DOWN)
  USD_JPY: spike_reversal (1.6 pips DOWN)

RBNZ_Gov_Orr_Speaks_2024-02-15_20:40:
  AUD_USD: spike_reversal (0.8 pips DOWN)
  EUR_USD: spike_reversal (0.9 pips DOWN)
  GBP_USD: spike_reversal (0.9 pips UP)
  USD_CAD: spike_reversal (3.2 pips UP)
  USD_CHF: continuation (3.6 pips UP)
  USD_JPY: range (1.6 pips UP)

Retail_Sales_m_m_2024-02-06_12:00:
  AUD_USD: continuation (2.7 pips DOWN)
  EUR_USD: continuation (3.9 pips DOWN)
  GBP_USD: continuation (6.9 pips DOWN)
  USD_CAD: range (6.1 pips UP)
  USD_CHF: continuation (7 pips UP)
  USD_JPY: continuation (4.2 pips UP)

Retail_Sales_m_m_2024-02-15_15:30:
  AUD_USD: continuation (6 pips DOWN)
  EUR_USD: continuation (6.1 pips DOWN)
  GBP_USD: continuation (5.3 pips DOWN)
  USD_CAD: continuation (8 pips UP)
  USD_CHF: continuation (5.5 pips UP)
  USD_JPY: continuation (10 pips UP)

Retail_Sales_m_m_2024-02-16_09:00:
  AUD_USD: continuation (2.4 pips UP)
  EUR_USD: fade (2.5 pips DOWN)
  GBP_USD: continuation (5.2 pips UP)
  USD_CAD: continuation (4.8 pips DOWN)
  USD_CHF: continuation (2.2 pips UP)
  USD_JPY: spike_reversal (4.8 pips DOWN)

Retail_Sales_m_m_2024-03-28_03:30:
  AUD_USD: spike_reversal (1.1 pips UP)
  EUR_USD: fade (0.5 pips UP)
  GBP_USD: spike_reversal (1.4 pips UP)
  USD_CAD: spike_reversal (1.8 pips DOWN)
  USD_CHF: spike_reversal (1.1 pips DOWN)
  USD_JPY: spike_reversal (3.3 pips DOWN)

Retail_Sales_y_y_2024-03-29_02:50:
  AUD_USD: continuation (1 pips DOWN)
  EUR_USD: continuation (0.9 pips DOWN)
  GBP_USD: continuation (0.5 pips UP)
  USD_CAD: spike_reversal (0.2 pips DOWN)
  USD_CHF: fade (3 pips UP)
  USD_JPY: spike_reversal (3.6 pips UP)

Revised_UoM_Inflatio_2024-02-02_17:00:
  AUD_USD: fade (1.8 pips DOWN)
  EUR_USD: continuation (2.4 pips UP)
  GBP_USD: fade (4 pips DOWN)
  USD_CAD: continuation (3.9 pips DOWN)
  USD_CHF: spike_reversal (2.7 pips UP)
  USD_JPY: range (4.2 pips DOWN)

Revised_UoM_Inflatio_2024-03-28_17:00:
  AUD_USD: spike_reversal (2 pips UP)
  EUR_USD: spike_reversal (2.7 pips UP)
  GBP_USD: spike_reversal (2.8 pips UP)
  USD_CAD: fade (6.6 pips DOWN)
  USD_CHF: spike_reversal (2 pips DOWN)
  USD_JPY: continuation (3.3 pips UP)

SNB_Quarterly_Bullet_2024-03-27_17:00:
  AUD_USD: spike_reversal (1.5 pips UP)
  EUR_USD: spike_reversal (2.4 pips UP)
  GBP_USD: spike_reversal (4.1 pips UP)
  USD_CAD: fade (3.1 pips UP)
  USD_CHF: spike_reversal (2.1 pips DOWN)
  USD_JPY: continuation (3.5 pips UP)

Spanish_Unemployment_2024-02-02_10:00:
  AUD_USD: range (6.4 pips UP)
  EUR_USD: spike_reversal (5.6 pips UP)
  GBP_USD: fade (14.6 pips UP)
  USD_CAD: continuation (3 pips DOWN)
  USD_CHF: continuation (4.8 pips DOWN)
  USD_JPY: fade (6.6 pips DOWN)

Tokyo_Core_CPI_y_y_2024-03-29_02:30:
  AUD_USD: continuation (1.4 pips DOWN)
  EUR_USD: continuation (1.2 pips UP)
  GBP_USD: continuation (2 pips DOWN)
  USD_CAD: spike_reversal (2 pips DOWN)
  USD_CHF: fade (3 pips UP)
  USD_JPY: range (3.6 pips UP)

Unemployment_Claims_2024-02-01_15:30:
  AUD_USD: spike_reversal (5 pips DOWN)
  EUR_USD: continuation (4.9 pips DOWN)
  GBP_USD: spike_reversal (4.5 pips DOWN)
  USD_CAD: spike_reversal (9.2 pips UP)
  USD_CHF: spike_reversal (7.7 pips UP)
  USD_JPY: spike_reversal (13.4 pips UP)

Unemployment_Claims_2024-02-08_15:30:
  AUD_USD: spike_reversal (4.2 pips UP)
  EUR_USD: fade (6.3 pips DOWN)
  GBP_USD: continuation (8 pips UP)
  USD_CAD: range (4.7 pips DOWN)
  USD_CHF: spike_reversal (3 pips UP)
  USD_JPY: spike_reversal (5.4 pips DOWN)

Unemployment_Claims_2024-02-15_15:30:
  AUD_USD: continuation (6 pips DOWN)
  EUR_USD: continuation (6.1 pips DOWN)
  GBP_USD: continuation (5.3 pips DOWN)
  USD_CAD: continuation (8 pips UP)
  USD_CHF: continuation (5.5 pips UP)
  USD_JPY: continuation (10 pips UP)

Unemployment_Claims_2024-03-28_15:30:
  AUD_USD: spike_reversal (1.4 pips DOWN)
  EUR_USD: spike_reversal (1.6 pips DOWN)
  GBP_USD: range (6.2 pips DOWN)
  USD_CAD: spike_reversal (8 pips UP)
  USD_CHF: spike_reversal (3.8 pips UP)
  USD_JPY: spike_reversal (3.2 pips DOWN)

Unemployment_Rate_2024-02-01_12:00:
  AUD_USD: spike_reversal (3.3 pips DOWN)
  EUR_USD: continuation (5.7 pips UP)
  GBP_USD: continuation (22.6 pips UP)
  USD_CAD: continuation (6.1 pips UP)
  USD_CHF: continuation (3.2 pips UP)
  USD_JPY: continuation (10.4 pips UP)

Unemployment_Rate_2024-02-02_15:30:
  AUD_USD: continuation (3.4 pips UP)
  EUR_USD: spike_reversal (2.9 pips DOWN)
  GBP_USD: continuation (4.5 pips UP)
  USD_CAD: spike_reversal (5.3 pips UP)
  USD_CHF: fade (3.8 pips UP)
  USD_JPY: continuation (9.7 pips UP)

Unemployment_Rate_2024-02-06_23:45:
  AUD_USD: spike_reversal (1.2 pips DOWN)
  EUR_USD: spike_reversal (0.5 pips DOWN)
  GBP_USD: continuation (1.2 pips DOWN)
  USD_CAD: range (2 pips UP)
  USD_CHF: spike_reversal (0.2 pips DOWN)
  USD_JPY: spike_reversal (2.7 pips DOWN)

Unemployment_Rate_2024-02-07_08:45:
  AUD_USD: fade (0.9 pips UP)
  EUR_USD: continuation (2.6 pips DOWN)
  GBP_USD: fade (4 pips UP)
  USD_CAD: fade (1.8 pips DOWN)
  USD_CHF: continuation (2.9 pips UP)
  USD_JPY: continuation (3.3 pips UP)

Unemployment_Rate_2024-02-09_15:30:
  AUD_USD: spike_reversal (1.5 pips DOWN)
  EUR_USD: spike_reversal (2.6 pips UP)
  GBP_USD: spike_reversal (5.2 pips UP)
  USD_CAD: continuation (5.3 pips UP)
  USD_CHF: fade (4.4 pips DOWN)
  USD_JPY: fade (12.4 pips DOWN)

Unemployment_Rate_2024-02-13_09:00:
  AUD_USD: fade (1.8 pips UP)
  EUR_USD: range (2.8 pips DOWN)
  GBP_USD: continuation (5.2 pips UP)
  USD_CAD: continuation (3 pips UP)
  USD_CHF: continuation (5.8 pips UP)
  USD_JPY: fade (6.3 pips DOWN)

Unemployment_Rate_2024-02-15_02:30:
  AUD_USD: continuation (2.8 pips UP)
  EUR_USD: range (0.9 pips UP)
  GBP_USD: continuation (1.8 pips UP)
  USD_CAD: continuation (3.3 pips DOWN)
  USD_CHF: continuation (1 pips DOWN)
  USD_JPY: continuation (2.9 pips UP)

Unemployment_Rate_2024-03-29_02:30:
  AUD_USD: continuation (1.4 pips DOWN)
  EUR_USD: continuation (1.2 pips UP)
  GBP_USD: continuation (2 pips DOWN)
  USD_CAD: spike_reversal (2 pips DOWN)
  USD_CHF: fade (3 pips UP)
  USD_JPY: range (3.6 pips UP)

Done!
